#
# There is insufficient memory for the Java Runtime Environment to continue.
# Native memory allocation (malloc) failed to allocate 612816 bytes for Chunk::new
# Possible reasons:
#   The system is out of physical RAM or swap space
#   The process is running with CompressedOops enabled, and the Java Heap may be blocking the growth of the native heap
# Possible solutions:
#   Reduce memory load on the system
#   Increase physical memory or swap space
#   Check if swap backing store is full
#   Decrease Java heap size (-Xmx/-Xms)
#   Decrease number of Java threads
#   Decrease Java thread stack sizes (-Xss)
#   Set larger code cache with -XX:ReservedCodeCacheSize=
#   JVM is running with Zero Based Compressed Oops mode in which the Java heap is
#     placed in the first 32GB address space. The Java Heap base address is the
#     maximum limit for the native heap growth. Please use -XX:HeapBaseMinAddress
#     to set the Java Heap base and to place the Java Heap above 32GB virtual address.
# This output file may be truncated or incomplete.
#
#  Out of Memory Error (arena.cpp:166), pid=8852, tid=29300
#
# JRE version: Java(TM) SE Runtime Environment (21.0+35) (build 21+35-LTS-2513)
# Java VM: Java HotSpot(TM) 64-Bit Server VM (21+35-LTS-2513, mixed mode, sharing, tiered, compressed oops, compressed class ptrs, g1 gc, windows-amd64)
# No core dump will be written. Minidumps are not enabled by default on client versions of Windows
#

---------------  S U M M A R Y ------------

Command Line: C:\Users\peg2s\AppData\Local\Temp\surefire9470413066111277442\surefirebooter-20231018232528890_3.jar C:\Users\peg2s\AppData\Local\Temp\surefire9470413066111277442 2023-10-18T23-25-28_758-jvmRun1 surefire-20231018232528890_1tmp surefire_0-20231018232528890_2tmp

Host: Intel(R) Core(TM) i7-9750H CPU @ 2.60GHz, 12 cores, 15G,  Windows 10 , 64 bit Build 19041 (10.0.19041.3570)
Time: Wed Oct 18 23:25:29 2023 Eastern Daylight Time elapsed time: 0.925629 seconds (0d 0h 0m 0s)

---------------  T H R E A D  ---------------

Current thread (0x00000242c88d4400):  JavaThread "C2 CompilerThread0" daemon [_thread_in_native, id=29300, stack(0x0000009002e00000,0x0000009002f00000) (1024K)]


Current CompileTask:
C2:    925 1660       4       java.lang.invoke.MethodType::methodType (69 bytes)

Stack: [0x0000009002e00000,0x0000009002f00000]
Native frames: (J=compiled Java code, j=interpreted, Vv=VM code, C=native code)
V  [jvm.dll+0x6c8d39]
V  [jvm.dll+0x854091]
V  [jvm.dll+0x85630e]
V  [jvm.dll+0x8569e3]
V  [jvm.dll+0x2809a6]
V  [jvm.dll+0xc3e6d]
V  [jvm.dll+0xc4383]
V  [jvm.dll+0x2f3cbf]
V  [jvm.dll+0x5f3e46]
V  [jvm.dll+0x25291f]
V  [jvm.dll+0x24b200]
V  [jvm.dll+0x248cd3]
V  [jvm.dll+0x1c9b91]
V  [jvm.dll+0x2583e9]
V  [jvm.dll+0x2569ca]
V  [jvm.dll+0x3eef66]
V  [jvm.dll+0x7fd2c8]
V  [jvm.dll+0x6c748d]
C  [ucrtbase.dll+0x21bb2]
C  [KERNEL32.DLL+0x17344]
C  [ntdll.dll+0x526b1]


---------------  P R O C E S S  ---------------

Threads class SMR info:
_java_thread_list=0x00000242c8cfd270, length=14, elements={
0x00000242a733d810, 0x00000242c88cc930, 0x00000242c88cd850, 0x00000242c88cf4c0,
0x00000242c88d1f30, 0x00000242c88d2990, 0x00000242c88d3670, 0x00000242c88d4400,
0x00000242c88d6eb0, 0x00000242c8b69be0, 0x00000242c8b71060, 0x00000242c8c5dcd0,
0x000002430e075000, 0x000002430e2e49e0
}

Java Threads: ( => current thread )
  0x00000242a733d810 JavaThread "main"                              [_thread_in_vm, id=25412, stack(0x0000009002000000,0x0000009002100000) (1024K)]
  0x00000242c88cc930 JavaThread "Reference Handler"          daemon [_thread_blocked, id=16820, stack(0x0000009002800000,0x0000009002900000) (1024K)]
  0x00000242c88cd850 JavaThread "Finalizer"                  daemon [_thread_blocked, id=29512, stack(0x0000009002900000,0x0000009002a00000) (1024K)]
  0x00000242c88cf4c0 JavaThread "Signal Dispatcher"          daemon [_thread_blocked, id=10300, stack(0x0000009002a00000,0x0000009002b00000) (1024K)]
  0x00000242c88d1f30 JavaThread "Attach Listener"            daemon [_thread_blocked, id=27528, stack(0x0000009002b00000,0x0000009002c00000) (1024K)]
  0x00000242c88d2990 JavaThread "Service Thread"             daemon [_thread_blocked, id=5968, stack(0x0000009002c00000,0x0000009002d00000) (1024K)]
  0x00000242c88d3670 JavaThread "Monitor Deflation Thread"   daemon [_thread_blocked, id=28100, stack(0x0000009002d00000,0x0000009002e00000) (1024K)]
=>0x00000242c88d4400 JavaThread "C2 CompilerThread0"         daemon [_thread_in_native, id=29300, stack(0x0000009002e00000,0x0000009002f00000) (1024K)]
  0x00000242c88d6eb0 JavaThread "C1 CompilerThread0"         daemon [_thread_blocked, id=22340, stack(0x0000009002f00000,0x0000009003000000) (1024K)]
  0x00000242c8b69be0 JavaThread "Notification Thread"        daemon [_thread_blocked, id=17556, stack(0x0000009003000000,0x0000009003100000) (1024K)]
  0x00000242c8b71060 JavaThread "Common-Cleaner"             daemon [_thread_blocked, id=17808, stack(0x0000009003100000,0x0000009003200000) (1024K)]
  0x00000242c8c5dcd0 JavaThread "C2 CompilerThread1"         daemon [_thread_in_native, id=22756, stack(0x0000009003200000,0x0000009003300000) (1024K)]
  0x000002430e075000 JavaThread "surefire-forkedjvm-stream-flusher" daemon [_thread_blocked, id=26608, stack(0x0000009003300000,0x0000009003400000) (1024K)]
  0x000002430e2e49e0 JavaThread "surefire-forkedjvm-command-thread" daemon [_thread_in_native, id=28836, stack(0x0000009003400000,0x0000009003500000) (1024K)]
Total: 14

Other Threads:
  0x00000242c88a9e70 VMThread "VM Thread"                           [id=21948, stack(0x0000009002700000,0x0000009002800000) (1024K)]
  0x00000242c8894ea0 WatcherThread "VM Periodic Task Thread"        [id=21356, stack(0x0000009002600000,0x0000009002700000) (1024K)]
  0x00000242a73a01f0 WorkerThread "GC Thread#0"                     [id=15084, stack(0x0000009002100000,0x0000009002200000) (1024K)]
  0x000002430e53acd0 WorkerThread "GC Thread#1"                     [id=22380, stack(0x0000009003500000,0x0000009003600000) (1024K)]
  0x000002430eaa2950 WorkerThread "GC Thread#2"                     [id=8280, stack(0x0000009003600000,0x0000009003700000) (1024K)]
  0x000002430eaa2f00 WorkerThread "GC Thread#3"                     [id=27468, stack(0x0000009003700000,0x0000009003800000) (1024K)]
  0x000002430eaa32a0 WorkerThread "GC Thread#4"                     [id=9404, stack(0x0000009003800000,0x0000009003900000) (1024K)]
  0x000002430eaa3640 WorkerThread "GC Thread#5"                     [id=11224, stack(0x0000009003900000,0x0000009003a00000) (1024K)]
  0x000002430eacc3f0 WorkerThread "GC Thread#6"                     [id=26324, stack(0x0000009003a00000,0x0000009003b00000) (1024K)]
  0x000002430eacc790 WorkerThread "GC Thread#7"                     [id=28668, stack(0x0000009003b00000,0x0000009003c00000) (1024K)]
  0x00000242a73b2560 ConcurrentGCThread "G1 Main Marker"            [id=8164, stack(0x0000009002200000,0x0000009002300000) (1024K)]
  0x00000242a73b2f70 WorkerThread "G1 Conc#0"                       [id=13684, stack(0x0000009002300000,0x0000009002400000) (1024K)]
  0x00000242c8754620 ConcurrentGCThread "G1 Refine#0"               [id=23076, stack(0x0000009002400000,0x0000009002500000) (1024K)]
  0x00000242c8754f40 ConcurrentGCThread "G1 Service"                [id=25432, stack(0x0000009002500000,0x0000009002600000) (1024K)]
Total: 14

Threads with active compile tasks:
C2 CompilerThread0      947 1660       4       java.lang.invoke.MethodType::methodType (69 bytes)
C2 CompilerThread1      947 1662       4       java.lang.invoke.MethodType::makeImpl (109 bytes)
Total: 2

VM state: at safepoint (normal execution)

VM Mutex/Monitor currently owned by a thread:  ([mutex/lock_event])
[0x00007ffa36108548] Threads_lock - owner thread: 0x00000242c88a9e70
[0x00007ffa36108648] Heap_lock - owner thread: 0x00000242a733d810

Heap address: 0x0000000701400000, size: 4076 MB, Compressed Oops mode: Zero based, Oop shift amount: 3

CDS archive(s) mapped at: [0x00000242c9000000-0x00000242c9c90000-0x00000242c9c90000), size 13172736, SharedBaseAddress: 0x00000242c9000000, ArchiveRelocationMode: 1.
Compressed class space mapped at: 0x00000242ca000000-0x000002430a000000, reserved size: 1073741824
Narrow klass base: 0x00000242c9000000, Narrow klass shift: 0, Narrow klass range: 0x100000000

GC Precious Log:
 CardTable entry size: 512
 Card Set container configuration: InlinePtr #cards 4 size 8 Array Of Cards #cards 16 size 48 Howl #buckets 8 coarsen threshold 3686 Howl Bitmap #cards 512 size 80 coarsen threshold 460 Card regions per heap region 1 cards per card region 4096
 CPUs: 12 total, 12 available
 Memory: 16303M
 Large Page Support: Disabled
 NUMA Support: Disabled
 Compressed Oops: Enabled (Zero based)
 Heap Region Size: 2M
 Heap Min Capacity: 8M
 Heap Initial Capacity: 256M
 Heap Max Capacity: 4076M
 Pre-touch: Disabled
 Parallel Workers: 10
 Concurrent Workers: 3
 Concurrent Refinement Workers: 10
 Periodic GC: Disabled

Heap:
 garbage-first heap   total 262144K, used 32521K [0x0000000701400000, 0x0000000800000000)
  region size 2048K, 12 young (24576K), 0 survivors (0K)
 Metaspace       used 11620K, committed 11840K, reserved 1114112K
  class space    used 1486K, committed 1600K, reserved 1048576K

Heap Regions: E=young(eden), S=young(survivor), O=old, HS=humongous(starts), HC=humongous(continues), CS=collection set, F=free, TAMS=top-at-mark-start, PB=parsable bottom
|   0|0x0000000701400000, 0x0000000701600000, 0x0000000701600000|100%| O|  |TAMS 0x0000000701400000| PB 0x0000000701400000| Untracked 
|   1|0x0000000701600000, 0x00000007017c2788, 0x0000000701800000| 87%| O|  |TAMS 0x0000000701600000| PB 0x0000000701600000| Untracked 
|   2|0x0000000701800000, 0x0000000701800000, 0x0000000701a00000|  0%| F|  |TAMS 0x0000000701800000| PB 0x0000000701800000| Untracked 
|   3|0x0000000701a00000, 0x0000000701a00000, 0x0000000701c00000|  0%| F|  |TAMS 0x0000000701a00000| PB 0x0000000701a00000| Untracked 
|   4|0x0000000701c00000, 0x0000000701c00000, 0x0000000701e00000|  0%| F|  |TAMS 0x0000000701c00000| PB 0x0000000701c00000| Untracked 
|   5|0x0000000701e00000, 0x0000000701e00000, 0x0000000702000000|  0%| F|  |TAMS 0x0000000701e00000| PB 0x0000000701e00000| Untracked 
|   6|0x0000000702000000, 0x0000000702000000, 0x0000000702200000|  0%| F|  |TAMS 0x0000000702000000| PB 0x0000000702000000| Untracked 
|   7|0x0000000702200000, 0x0000000702200000, 0x0000000702400000|  0%| F|  |TAMS 0x0000000702200000| PB 0x0000000702200000| Untracked 
|   8|0x0000000702400000, 0x0000000702400000, 0x0000000702600000|  0%| F|  |TAMS 0x0000000702400000| PB 0x0000000702400000| Untracked 
|   9|0x0000000702600000, 0x0000000702600000, 0x0000000702800000|  0%| F|  |TAMS 0x0000000702600000| PB 0x0000000702600000| Untracked 
|  10|0x0000000702800000, 0x0000000702800000, 0x0000000702a00000|  0%| F|  |TAMS 0x0000000702800000| PB 0x0000000702800000| Untracked 
|  11|0x0000000702a00000, 0x0000000702a00000, 0x0000000702c00000|  0%| F|  |TAMS 0x0000000702a00000| PB 0x0000000702a00000| Untracked 
|  12|0x0000000702c00000, 0x0000000702c00000, 0x0000000702e00000|  0%| F|  |TAMS 0x0000000702c00000| PB 0x0000000702c00000| Untracked 
|  13|0x0000000702e00000, 0x0000000702e00000, 0x0000000703000000|  0%| F|  |TAMS 0x0000000702e00000| PB 0x0000000702e00000| Untracked 
|  14|0x0000000703000000, 0x0000000703000000, 0x0000000703200000|  0%| F|  |TAMS 0x0000000703000000| PB 0x0000000703000000| Untracked 
|  15|0x0000000703200000, 0x0000000703200000, 0x0000000703400000|  0%| F|  |TAMS 0x0000000703200000| PB 0x0000000703200000| Untracked 
|  16|0x0000000703400000, 0x0000000703400000, 0x0000000703600000|  0%| F|  |TAMS 0x0000000703400000| PB 0x0000000703400000| Untracked 
|  17|0x0000000703600000, 0x0000000703600000, 0x0000000703800000|  0%| F|  |TAMS 0x0000000703600000| PB 0x0000000703600000| Untracked 
|  18|0x0000000703800000, 0x0000000703800000, 0x0000000703a00000|  0%| F|  |TAMS 0x0000000703800000| PB 0x0000000703800000| Untracked 
|  19|0x0000000703a00000, 0x0000000703a00000, 0x0000000703c00000|  0%| F|  |TAMS 0x0000000703a00000| PB 0x0000000703a00000| Untracked 
|  20|0x0000000703c00000, 0x0000000703c00000, 0x0000000703e00000|  0%| F|  |TAMS 0x0000000703c00000| PB 0x0000000703c00000| Untracked 
|  21|0x0000000703e00000, 0x0000000703e00000, 0x0000000704000000|  0%| F|  |TAMS 0x0000000703e00000| PB 0x0000000703e00000| Untracked 
|  22|0x0000000704000000, 0x0000000704000000, 0x0000000704200000|  0%| F|  |TAMS 0x0000000704000000| PB 0x0000000704000000| Untracked 
|  23|0x0000000704200000, 0x0000000704200000, 0x0000000704400000|  0%| F|  |TAMS 0x0000000704200000| PB 0x0000000704200000| Untracked 
|  24|0x0000000704400000, 0x0000000704400000, 0x0000000704600000|  0%| F|  |TAMS 0x0000000704400000| PB 0x0000000704400000| Untracked 
|  25|0x0000000704600000, 0x0000000704600000, 0x0000000704800000|  0%| F|  |TAMS 0x0000000704600000| PB 0x0000000704600000| Untracked 
|  26|0x0000000704800000, 0x0000000704800000, 0x0000000704a00000|  0%| F|  |TAMS 0x0000000704800000| PB 0x0000000704800000| Untracked 
|  27|0x0000000704a00000, 0x0000000704a00000, 0x0000000704c00000|  0%| F|  |TAMS 0x0000000704a00000| PB 0x0000000704a00000| Untracked 
|  28|0x0000000704c00000, 0x0000000704c00000, 0x0000000704e00000|  0%| F|  |TAMS 0x0000000704c00000| PB 0x0000000704c00000| Untracked 
|  29|0x0000000704e00000, 0x0000000704e00000, 0x0000000705000000|  0%| F|  |TAMS 0x0000000704e00000| PB 0x0000000704e00000| Untracked 
|  30|0x0000000705000000, 0x0000000705000000, 0x0000000705200000|  0%| F|  |TAMS 0x0000000705000000| PB 0x0000000705000000| Untracked 
|  31|0x0000000705200000, 0x0000000705200000, 0x0000000705400000|  0%| F|  |TAMS 0x0000000705200000| PB 0x0000000705200000| Untracked 
|  32|0x0000000705400000, 0x0000000705400000, 0x0000000705600000|  0%| F|  |TAMS 0x0000000705400000| PB 0x0000000705400000| Untracked 
|  33|0x0000000705600000, 0x0000000705600000, 0x0000000705800000|  0%| F|  |TAMS 0x0000000705600000| PB 0x0000000705600000| Untracked 
|  34|0x0000000705800000, 0x0000000705800000, 0x0000000705a00000|  0%| F|  |TAMS 0x0000000705800000| PB 0x0000000705800000| Untracked 
|  35|0x0000000705a00000, 0x0000000705a00000, 0x0000000705c00000|  0%| F|  |TAMS 0x0000000705a00000| PB 0x0000000705a00000| Untracked 
|  36|0x0000000705c00000, 0x0000000705c00000, 0x0000000705e00000|  0%| F|  |TAMS 0x0000000705c00000| PB 0x0000000705c00000| Untracked 
|  37|0x0000000705e00000, 0x0000000705e00000, 0x0000000706000000|  0%| F|  |TAMS 0x0000000705e00000| PB 0x0000000705e00000| Untracked 
|  38|0x0000000706000000, 0x0000000706000000, 0x0000000706200000|  0%| F|  |TAMS 0x0000000706000000| PB 0x0000000706000000| Untracked 
|  39|0x0000000706200000, 0x0000000706200000, 0x0000000706400000|  0%| F|  |TAMS 0x0000000706200000| PB 0x0000000706200000| Untracked 
|  40|0x0000000706400000, 0x0000000706400000, 0x0000000706600000|  0%| F|  |TAMS 0x0000000706400000| PB 0x0000000706400000| Untracked 
|  41|0x0000000706600000, 0x0000000706600000, 0x0000000706800000|  0%| F|  |TAMS 0x0000000706600000| PB 0x0000000706600000| Untracked 
|  42|0x0000000706800000, 0x0000000706800000, 0x0000000706a00000|  0%| F|  |TAMS 0x0000000706800000| PB 0x0000000706800000| Untracked 
|  43|0x0000000706a00000, 0x0000000706a00000, 0x0000000706c00000|  0%| F|  |TAMS 0x0000000706a00000| PB 0x0000000706a00000| Untracked 
|  44|0x0000000706c00000, 0x0000000706c00000, 0x0000000706e00000|  0%| F|  |TAMS 0x0000000706c00000| PB 0x0000000706c00000| Untracked 
|  45|0x0000000706e00000, 0x0000000706e00000, 0x0000000707000000|  0%| F|  |TAMS 0x0000000706e00000| PB 0x0000000706e00000| Untracked 
|  46|0x0000000707000000, 0x0000000707000000, 0x0000000707200000|  0%| F|  |TAMS 0x0000000707000000| PB 0x0000000707000000| Untracked 
|  47|0x0000000707200000, 0x0000000707200000, 0x0000000707400000|  0%| F|  |TAMS 0x0000000707200000| PB 0x0000000707200000| Untracked 
|  48|0x0000000707400000, 0x0000000707400000, 0x0000000707600000|  0%| F|  |TAMS 0x0000000707400000| PB 0x0000000707400000| Untracked 
|  49|0x0000000707600000, 0x0000000707600000, 0x0000000707800000|  0%| F|  |TAMS 0x0000000707600000| PB 0x0000000707600000| Untracked 
|  50|0x0000000707800000, 0x0000000707800000, 0x0000000707a00000|  0%| F|  |TAMS 0x0000000707800000| PB 0x0000000707800000| Untracked 
|  51|0x0000000707a00000, 0x0000000707a00000, 0x0000000707c00000|  0%| F|  |TAMS 0x0000000707a00000| PB 0x0000000707a00000| Untracked 
|  52|0x0000000707c00000, 0x0000000707c00000, 0x0000000707e00000|  0%| F|  |TAMS 0x0000000707c00000| PB 0x0000000707c00000| Untracked 
|  53|0x0000000707e00000, 0x0000000707e00000, 0x0000000708000000|  0%| F|  |TAMS 0x0000000707e00000| PB 0x0000000707e00000| Untracked 
|  54|0x0000000708000000, 0x0000000708000000, 0x0000000708200000|  0%| F|  |TAMS 0x0000000708000000| PB 0x0000000708000000| Untracked 
|  55|0x0000000708200000, 0x0000000708200000, 0x0000000708400000|  0%| F|  |TAMS 0x0000000708200000| PB 0x0000000708200000| Untracked 
|  56|0x0000000708400000, 0x0000000708400000, 0x0000000708600000|  0%| F|  |TAMS 0x0000000708400000| PB 0x0000000708400000| Untracked 
|  57|0x0000000708600000, 0x0000000708600000, 0x0000000708800000|  0%| F|  |TAMS 0x0000000708600000| PB 0x0000000708600000| Untracked 
|  58|0x0000000708800000, 0x0000000708800000, 0x0000000708a00000|  0%| F|  |TAMS 0x0000000708800000| PB 0x0000000708800000| Untracked 
|  59|0x0000000708a00000, 0x0000000708a00000, 0x0000000708c00000|  0%| F|  |TAMS 0x0000000708a00000| PB 0x0000000708a00000| Untracked 
|  60|0x0000000708c00000, 0x0000000708c00000, 0x0000000708e00000|  0%| F|  |TAMS 0x0000000708c00000| PB 0x0000000708c00000| Untracked 
|  61|0x0000000708e00000, 0x0000000708e00000, 0x0000000709000000|  0%| F|  |TAMS 0x0000000708e00000| PB 0x0000000708e00000| Untracked 
|  62|0x0000000709000000, 0x0000000709000000, 0x0000000709200000|  0%| F|  |TAMS 0x0000000709000000| PB 0x0000000709000000| Untracked 
|  63|0x0000000709200000, 0x0000000709200000, 0x0000000709400000|  0%| F|  |TAMS 0x0000000709200000| PB 0x0000000709200000| Untracked 
|  64|0x0000000709400000, 0x0000000709400000, 0x0000000709600000|  0%| F|  |TAMS 0x0000000709400000| PB 0x0000000709400000| Untracked 
|  65|0x0000000709600000, 0x0000000709600000, 0x0000000709800000|  0%| F|  |TAMS 0x0000000709600000| PB 0x0000000709600000| Untracked 
|  66|0x0000000709800000, 0x0000000709800000, 0x0000000709a00000|  0%| F|  |TAMS 0x0000000709800000| PB 0x0000000709800000| Untracked 
|  67|0x0000000709a00000, 0x0000000709a00000, 0x0000000709c00000|  0%| F|  |TAMS 0x0000000709a00000| PB 0x0000000709a00000| Untracked 
|  68|0x0000000709c00000, 0x0000000709c00000, 0x0000000709e00000|  0%| F|  |TAMS 0x0000000709c00000| PB 0x0000000709c00000| Untracked 
|  69|0x0000000709e00000, 0x0000000709e00000, 0x000000070a000000|  0%| F|  |TAMS 0x0000000709e00000| PB 0x0000000709e00000| Untracked 
|  70|0x000000070a000000, 0x000000070a000000, 0x000000070a200000|  0%| F|  |TAMS 0x000000070a000000| PB 0x000000070a000000| Untracked 
|  71|0x000000070a200000, 0x000000070a200000, 0x000000070a400000|  0%| F|  |TAMS 0x000000070a200000| PB 0x000000070a200000| Untracked 
|  72|0x000000070a400000, 0x000000070a400000, 0x000000070a600000|  0%| F|  |TAMS 0x000000070a400000| PB 0x000000070a400000| Untracked 
|  73|0x000000070a600000, 0x000000070a600000, 0x000000070a800000|  0%| F|  |TAMS 0x000000070a600000| PB 0x000000070a600000| Untracked 
|  74|0x000000070a800000, 0x000000070a800000, 0x000000070aa00000|  0%| F|  |TAMS 0x000000070a800000| PB 0x000000070a800000| Untracked 
|  75|0x000000070aa00000, 0x000000070aa00000, 0x000000070ac00000|  0%| F|  |TAMS 0x000000070aa00000| PB 0x000000070aa00000| Untracked 
|  76|0x000000070ac00000, 0x000000070ac00000, 0x000000070ae00000|  0%| F|  |TAMS 0x000000070ac00000| PB 0x000000070ac00000| Untracked 
|  77|0x000000070ae00000, 0x000000070ae00000, 0x000000070b000000|  0%| F|  |TAMS 0x000000070ae00000| PB 0x000000070ae00000| Untracked 
|  78|0x000000070b000000, 0x000000070b000000, 0x000000070b200000|  0%| F|  |TAMS 0x000000070b000000| PB 0x000000070b000000| Untracked 
|  79|0x000000070b200000, 0x000000070b200000, 0x000000070b400000|  0%| F|  |TAMS 0x000000070b200000| PB 0x000000070b200000| Untracked 
|  80|0x000000070b400000, 0x000000070b400000, 0x000000070b600000|  0%| F|  |TAMS 0x000000070b400000| PB 0x000000070b400000| Untracked 
|  81|0x000000070b600000, 0x000000070b600000, 0x000000070b800000|  0%| F|  |TAMS 0x000000070b600000| PB 0x000000070b600000| Untracked 
|  82|0x000000070b800000, 0x000000070b800000, 0x000000070ba00000|  0%| F|  |TAMS 0x000000070b800000| PB 0x000000070b800000| Untracked 
|  83|0x000000070ba00000, 0x000000070ba00000, 0x000000070bc00000|  0%| F|  |TAMS 0x000000070ba00000| PB 0x000000070ba00000| Untracked 
|  84|0x000000070bc00000, 0x000000070bc00000, 0x000000070be00000|  0%| F|  |TAMS 0x000000070bc00000| PB 0x000000070bc00000| Untracked 
|  85|0x000000070be00000, 0x000000070be00000, 0x000000070c000000|  0%| F|  |TAMS 0x000000070be00000| PB 0x000000070be00000| Untracked 
|  86|0x000000070c000000, 0x000000070c000000, 0x000000070c200000|  0%| F|  |TAMS 0x000000070c000000| PB 0x000000070c000000| Untracked 
|  87|0x000000070c200000, 0x000000070c200000, 0x000000070c400000|  0%| F|  |TAMS 0x000000070c200000| PB 0x000000070c200000| Untracked 
|  88|0x000000070c400000, 0x000000070c400000, 0x000000070c600000|  0%| F|  |TAMS 0x000000070c400000| PB 0x000000070c400000| Untracked 
|  89|0x000000070c600000, 0x000000070c600000, 0x000000070c800000|  0%| F|  |TAMS 0x000000070c600000| PB 0x000000070c600000| Untracked 
|  90|0x000000070c800000, 0x000000070c800000, 0x000000070ca00000|  0%| F|  |TAMS 0x000000070c800000| PB 0x000000070c800000| Untracked 
|  91|0x000000070ca00000, 0x000000070ca00000, 0x000000070cc00000|  0%| F|  |TAMS 0x000000070ca00000| PB 0x000000070ca00000| Untracked 
|  92|0x000000070cc00000, 0x000000070cc00000, 0x000000070ce00000|  0%| F|  |TAMS 0x000000070cc00000| PB 0x000000070cc00000| Untracked 
|  93|0x000000070ce00000, 0x000000070ce00000, 0x000000070d000000|  0%| F|  |TAMS 0x000000070ce00000| PB 0x000000070ce00000| Untracked 
|  94|0x000000070d000000, 0x000000070d000000, 0x000000070d200000|  0%| F|  |TAMS 0x000000070d000000| PB 0x000000070d000000| Untracked 
|  95|0x000000070d200000, 0x000000070d200000, 0x000000070d400000|  0%| F|  |TAMS 0x000000070d200000| PB 0x000000070d200000| Untracked 
|  96|0x000000070d400000, 0x000000070d400000, 0x000000070d600000|  0%| F|  |TAMS 0x000000070d400000| PB 0x000000070d400000| Untracked 
|  97|0x000000070d600000, 0x000000070d600000, 0x000000070d800000|  0%| F|  |TAMS 0x000000070d600000| PB 0x000000070d600000| Untracked 
|  98|0x000000070d800000, 0x000000070d800000, 0x000000070da00000|  0%| F|  |TAMS 0x000000070d800000| PB 0x000000070d800000| Untracked 
|  99|0x000000070da00000, 0x000000070da00000, 0x000000070dc00000|  0%| F|  |TAMS 0x000000070da00000| PB 0x000000070da00000| Untracked 
| 100|0x000000070dc00000, 0x000000070dc00000, 0x000000070de00000|  0%| F|  |TAMS 0x000000070dc00000| PB 0x000000070dc00000| Untracked 
| 101|0x000000070de00000, 0x000000070de00000, 0x000000070e000000|  0%| F|  |TAMS 0x000000070de00000| PB 0x000000070de00000| Untracked 
| 102|0x000000070e000000, 0x000000070e000000, 0x000000070e200000|  0%| F|  |TAMS 0x000000070e000000| PB 0x000000070e000000| Untracked 
| 103|0x000000070e200000, 0x000000070e200000, 0x000000070e400000|  0%| F|  |TAMS 0x000000070e200000| PB 0x000000070e200000| Untracked 
| 104|0x000000070e400000, 0x000000070e400000, 0x000000070e600000|  0%| F|  |TAMS 0x000000070e400000| PB 0x000000070e400000| Untracked 
| 105|0x000000070e600000, 0x000000070e600000, 0x000000070e800000|  0%| F|  |TAMS 0x000000070e600000| PB 0x000000070e600000| Untracked 
| 106|0x000000070e800000, 0x000000070e800000, 0x000000070ea00000|  0%| F|  |TAMS 0x000000070e800000| PB 0x000000070e800000| Untracked 
| 107|0x000000070ea00000, 0x000000070ea00000, 0x000000070ec00000|  0%| F|  |TAMS 0x000000070ea00000| PB 0x000000070ea00000| Untracked 
| 108|0x000000070ec00000, 0x000000070ec00000, 0x000000070ee00000|  0%| F|  |TAMS 0x000000070ec00000| PB 0x000000070ec00000| Untracked 
| 109|0x000000070ee00000, 0x000000070ee00000, 0x000000070f000000|  0%| F|  |TAMS 0x000000070ee00000| PB 0x000000070ee00000| Untracked 
| 110|0x000000070f000000, 0x000000070f000000, 0x000000070f200000|  0%| F|  |TAMS 0x000000070f000000| PB 0x000000070f000000| Untracked 
| 111|0x000000070f200000, 0x000000070f200000, 0x000000070f400000|  0%| F|  |TAMS 0x000000070f200000| PB 0x000000070f200000| Untracked 
| 112|0x000000070f400000, 0x000000070f400000, 0x000000070f600000|  0%| F|  |TAMS 0x000000070f400000| PB 0x000000070f400000| Untracked 
| 113|0x000000070f600000, 0x000000070f7cd750, 0x000000070f800000| 90%| S|  |TAMS 0x000000070f600000| PB 0x000000070f600000| Complete 
| 114|0x000000070f800000, 0x000000070fa00000, 0x000000070fa00000|100%| E|CS|TAMS 0x000000070f800000| PB 0x000000070f800000| Complete 
| 115|0x000000070fa00000, 0x000000070fc00000, 0x000000070fc00000|100%| E|CS|TAMS 0x000000070fa00000| PB 0x000000070fa00000| Complete 
| 116|0x000000070fc00000, 0x000000070fe00000, 0x000000070fe00000|100%| E|CS|TAMS 0x000000070fc00000| PB 0x000000070fc00000| Complete 
| 117|0x000000070fe00000, 0x0000000710000000, 0x0000000710000000|100%| E|CS|TAMS 0x000000070fe00000| PB 0x000000070fe00000| Complete 
| 118|0x0000000710000000, 0x0000000710200000, 0x0000000710200000|100%| E|CS|TAMS 0x0000000710000000| PB 0x0000000710000000| Complete 
| 119|0x0000000710200000, 0x0000000710400000, 0x0000000710400000|100%| E|CS|TAMS 0x0000000710200000| PB 0x0000000710200000| Complete 
| 120|0x0000000710400000, 0x0000000710600000, 0x0000000710600000|100%| E|CS|TAMS 0x0000000710400000| PB 0x0000000710400000| Complete 
| 121|0x0000000710600000, 0x0000000710800000, 0x0000000710800000|100%| E|CS|TAMS 0x0000000710600000| PB 0x0000000710600000| Complete 
| 122|0x0000000710800000, 0x0000000710a00000, 0x0000000710a00000|100%| E|CS|TAMS 0x0000000710800000| PB 0x0000000710800000| Complete 
| 123|0x0000000710a00000, 0x0000000710c00000, 0x0000000710c00000|100%| E|CS|TAMS 0x0000000710a00000| PB 0x0000000710a00000| Complete 
| 124|0x0000000710c00000, 0x0000000710e00000, 0x0000000710e00000|100%| E|CS|TAMS 0x0000000710c00000| PB 0x0000000710c00000| Complete 
| 125|0x0000000710e00000, 0x0000000711000000, 0x0000000711000000|100%| E|CS|TAMS 0x0000000710e00000| PB 0x0000000710e00000| Complete 
| 126|0x0000000711000000, 0x0000000711200000, 0x0000000711200000|100%| E|CS|TAMS 0x0000000711000000| PB 0x0000000711000000| Complete 
| 127|0x0000000711200000, 0x0000000711400000, 0x0000000711400000|100%| E|CS|TAMS 0x0000000711200000| PB 0x0000000711200000| Complete 

Card table byte_map: [0x00000242c1410000,0x00000242c1c10000] _byte_map_base: 0x00000242bdc06000

Marking Bits: (CMBitMap*) 0x00000242a73a1c10
 Bits: [0x00000242c1c10000, 0x00000242c5bc0000)

Polling page: 0x00000242a7410000

Metaspace:

Usage:
  Non-class:      9.90 MB used.
      Class:      1.45 MB used.
       Both:     11.35 MB used.

Virtual space:
  Non-class space:       64.00 MB reserved,      10.00 MB ( 16%) committed,  1 nodes.
      Class space:        1.00 GB reserved,       1.56 MB ( <1%) committed,  1 nodes.
             Both:        1.06 GB reserved,      11.56 MB (  1%) committed. 

Chunk freelists:
   Non-Class:  5.89 MB
       Class:  14.47 MB
        Both:  20.36 MB

MaxMetaspaceSize: unlimited
CompressedClassSpaceSize: 1.00 GB
Initial GC threshold: 21.00 MB
Current GC threshold: 21.00 MB
CDS: on
 - commit_granule_bytes: 65536.
 - commit_granule_words: 8192.
 - virtual_space_node_default_size: 8388608.
 - enlarge_chunks_in_place: 1.
 - use_allocation_guard: 0.


Internal statistics:

num_allocs_failed_limit: 0.
num_arena_births: 204.
num_arena_deaths: 0.
num_vsnodes_births: 2.
num_vsnodes_deaths: 0.
num_space_committed: 185.
num_space_uncommitted: 0.
num_chunks_returned_to_freelist: 0.
num_chunks_taken_from_freelist: 619.
num_chunk_merges: 0.
num_chunk_splits: 367.
num_chunks_enlarged: 229.
num_inconsistent_stats: 0.

CodeHeap 'non-profiled nmethods': size=120000Kb used=674Kb max_used=674Kb free=119325Kb
 bounds [0x00000242b8a40000, 0x00000242b8cb0000, 0x00000242bff70000]
CodeHeap 'profiled nmethods': size=120000Kb used=3179Kb max_used=3179Kb free=116820Kb
 bounds [0x00000242b0f70000, 0x00000242b1290000, 0x00000242b84a0000]
CodeHeap 'non-nmethods': size=5760Kb used=1403Kb max_used=1438Kb free=4356Kb
 bounds [0x00000242b84a0000, 0x00000242b8710000, 0x00000242b8a40000]
 total_blobs=2177 nmethods=1677 adapters=405
 compilation: enabled
              stopped_count=0, restarted_count=0
 full_count=0

Compilation events (20 events):
Event: 0.913 Thread 0x00000242c88d6eb0 1668       3       org.springframework.util.ConcurrentReferenceHashMap$Segment::<init> (48 bytes)
Event: 0.913 Thread 0x00000242c88d6eb0 nmethod 1668 0x00000242b1286110 code [0x00000242b1286360, 0x00000242b1286f10]
Event: 0.913 Thread 0x00000242c88d6eb0 1669       3       org.springframework.util.ConcurrentReferenceHashMap::createReferenceManager (9 bytes)
Event: 0.913 Thread 0x00000242c88d6eb0 nmethod 1669 0x00000242b1287310 code [0x00000242b12874e0, 0x00000242b1287878]
Event: 0.913 Thread 0x00000242c88d6eb0 1670       3       org.springframework.util.ConcurrentReferenceHashMap$ReferenceManager::<init> (21 bytes)
Event: 0.913 Thread 0x00000242c88d6eb0 nmethod 1670 0x00000242b1287990 code [0x00000242b1287bc0, 0x00000242b1288668]
Event: 0.917 Thread 0x00000242c88d6eb0 1671       3       org.springframework.core.annotation.AnnotationsScanner::hasPlainJavaAnnotationsOnly (26 bytes)
Event: 0.917 Thread 0x00000242c88d6eb0 nmethod 1671 0x00000242b1288990 code [0x00000242b1288b60, 0x00000242b1288ea0]
Event: 0.917 Thread 0x00000242c88d6eb0 1672       1       java.lang.reflect.Method::getRoot (5 bytes)
Event: 0.918 Thread 0x00000242c88d6eb0 nmethod 1672 0x00000242b8ae8510 code [0x00000242b8ae86a0, 0x00000242b8ae8770]
Event: 0.919 Thread 0x00000242c88d6eb0 1673       1       java.util.stream.FindOps$FindSink::cancellationRequested (5 bytes)
Event: 0.919 Thread 0x00000242c88d6eb0 nmethod 1673 0x00000242b8ae8810 code [0x00000242b8ae89a0, 0x00000242b8ae8a70]
Event: 0.919 Thread 0x00000242c88d6eb0 1674       3       java.lang.StackStreamFactory$FrameBuffer::isEmpty (32 bytes)
Event: 0.919 Thread 0x00000242c88d6eb0 nmethod 1674 0x00000242b1289010 code [0x00000242b12891c0, 0x00000242b12893a0]
Event: 0.919 Thread 0x00000242c88d6eb0 1676       3       java.util.stream.Sink$ChainedReference::cancellationRequested (10 bytes)
Event: 0.919 Thread 0x00000242c88d6eb0 nmethod 1676 0x00000242b1289410 code [0x00000242b12895c0, 0x00000242b12897a0]
Event: 0.919 Thread 0x00000242c88d6eb0 1675       3       java.lang.StackWalker::hasOption (11 bytes)
Event: 0.920 Thread 0x00000242c88d6eb0 nmethod 1675 0x00000242b1289890 code [0x00000242b1289a40, 0x00000242b1289c20]
Event: 0.920 Thread 0x00000242c88d6eb0 1677       3       java.util.ArrayList$Itr::next (66 bytes)
Event: 0.920 Thread 0x00000242c88d6eb0 nmethod 1677 0x00000242b1289d10 code [0x00000242b1289f00, 0x00000242b128a400]

GC Heap History (2 events):
Event: 0.430 GC heap before
{Heap before GC invocations=0 (full 0):
 garbage-first heap   total 262144K, used 20480K [0x0000000701400000, 0x0000000800000000)
  region size 2048K, 11 young (22528K), 0 survivors (0K)
 Metaspace       used 4817K, committed 4992K, reserved 1114112K
  class space    used 571K, committed 640K, reserved 1048576K
}
Event: 0.433 GC heap after
{Heap after GC invocations=1 (full 0):
 garbage-first heap   total 262144K, used 7945K [0x0000000701400000, 0x0000000800000000)
  region size 2048K, 2 young (4096K), 2 survivors (4096K)
 Metaspace       used 4817K, committed 4992K, reserved 1114112K
  class space    used 571K, committed 640K, reserved 1048576K
}

Dll operation events (8 events):
Event: 0.005 Loaded shared library C:\Program Files\Java\jdk-21\bin\java.dll
Event: 0.029 Loaded shared library C:\Program Files\Java\jdk-21\bin\jsvml.dll
Event: 0.041 Loaded shared library C:\Program Files\Java\jdk-21\bin\net.dll
Event: 0.043 Loaded shared library C:\Program Files\Java\jdk-21\bin\nio.dll
Event: 0.045 Loaded shared library C:\Program Files\Java\jdk-21\bin\zip.dll
Event: 0.083 Loaded shared library C:\Program Files\Java\jdk-21\bin\management.dll
Event: 0.087 Loaded shared library C:\Program Files\Java\jdk-21\bin\management_ext.dll
Event: 0.099 Loaded shared library C:\Program Files\Java\jdk-21\bin\jimage.dll

Deoptimization events (20 events):
Event: 0.823 Thread 0x00000242a733d810 DEOPT PACKING pc=0x00000242b1242427 sp=0x00000090020fbff0
Event: 0.823 Thread 0x00000242a733d810 DEOPT UNPACKING pc=0x00000242b84f4e42 sp=0x00000090020fb4c8 mode 0
Event: 0.839 Thread 0x00000242a733d810 DEOPT PACKING pc=0x00000242b1242427 sp=0x00000090020fbf70
Event: 0.839 Thread 0x00000242a733d810 DEOPT UNPACKING pc=0x00000242b84f4e42 sp=0x00000090020fb448 mode 0
Event: 0.857 Thread 0x00000242a733d810 DEOPT PACKING pc=0x00000242b1242427 sp=0x00000090020fc5b0
Event: 0.857 Thread 0x00000242a733d810 DEOPT UNPACKING pc=0x00000242b84f4e42 sp=0x00000090020fba88 mode 0
Event: 0.861 Thread 0x00000242a733d810 Uncommon trap: trap_request=0xffffff45 fr.pc=0x00000242b8adebf4 relative=0x00000000000000d4
Event: 0.861 Thread 0x00000242a733d810 Uncommon trap: reason=unstable_if action=reinterpret pc=0x00000242b8adebf4 method=java.lang.ref.SoftReference.get()Ljava/lang/Object; @ 6 c2
Event: 0.861 Thread 0x00000242a733d810 DEOPT PACKING pc=0x00000242b8adebf4 sp=0x00000090020fcf10
Event: 0.861 Thread 0x00000242a733d810 DEOPT UNPACKING pc=0x00000242b84f46a2 sp=0x00000090020fcec8 mode 2
Event: 0.864 Thread 0x00000242a733d810 Uncommon trap: trap_request=0xffffff45 fr.pc=0x00000242b8aa35f8 relative=0x0000000000000318
Event: 0.864 Thread 0x00000242a733d810 Uncommon trap: reason=unstable_if action=reinterpret pc=0x00000242b8aa35f8 method=java.util.HashMap.hash(Ljava/lang/Object;)I @ 1 c2
Event: 0.864 Thread 0x00000242a733d810 DEOPT PACKING pc=0x00000242b8aa35f8 sp=0x00000090020fceb0
Event: 0.864 Thread 0x00000242a733d810 DEOPT UNPACKING pc=0x00000242b84f46a2 sp=0x00000090020fcda8 mode 2
Event: 0.879 Thread 0x00000242a733d810 DEOPT PACKING pc=0x00000242b1242427 sp=0x00000090020f8d50
Event: 0.879 Thread 0x00000242a733d810 DEOPT UNPACKING pc=0x00000242b84f4e42 sp=0x00000090020f8228 mode 0
Event: 0.886 Thread 0x00000242a733d810 Uncommon trap: trap_request=0xffffff45 fr.pc=0x00000242b8ad3eb8 relative=0x0000000000001778
Event: 0.886 Thread 0x00000242a733d810 Uncommon trap: reason=unstable_if action=reinterpret pc=0x00000242b8ad3eb8 method=java.util.concurrent.ConcurrentHashMap.transfer([Ljava/util/concurrent/ConcurrentHashMap$Node;[Ljava/util/concurrent/ConcurrentHashMap$Node;)V @ 26 c2
Event: 0.886 Thread 0x00000242a733d810 DEOPT PACKING pc=0x00000242b8ad3eb8 sp=0x00000090020fc1f0
Event: 0.886 Thread 0x00000242a733d810 DEOPT UNPACKING pc=0x00000242b84f46a2 sp=0x00000090020fc160 mode 2

Classes loaded (20 events):
Event: 0.893 Loading class java/util/ArrayList$ListItr
Event: 0.893 Loading class java/util/ArrayList$ListItr done
Event: 0.899 Loading class java/util/concurrent/TimeoutException
Event: 0.899 Loading class java/util/concurrent/TimeoutException done
Event: 0.917 Loading class java/lang/StackWalker$Option
Event: 0.917 Loading class java/lang/StackWalker$Option done
Event: 0.918 Loading class java/lang/StackStreamFactory
Event: 0.918 Loading class java/lang/StackStreamFactory done
Event: 0.918 Loading class java/lang/StackWalker$ExtendedOption
Event: 0.918 Loading class java/lang/StackWalker$ExtendedOption done
Event: 0.918 Loading class java/lang/StackStreamFactory$StackFrameTraverser
Event: 0.918 Loading class java/lang/StackStreamFactory$StackFrameTraverser done
Event: 0.918 Loading class java/lang/StackStreamFactory$WalkerState
Event: 0.918 Loading class java/lang/StackStreamFactory$WalkerState done
Event: 0.918 Loading class java/lang/StackStreamFactory$StackFrameTraverser$StackFrameBuffer
Event: 0.918 Loading class java/lang/StackStreamFactory$FrameBuffer
Event: 0.918 Loading class java/lang/StackStreamFactory$FrameBuffer done
Event: 0.918 Loading class java/lang/StackStreamFactory$StackFrameTraverser$StackFrameBuffer done
Event: 0.923 Loading class java/nio/file/InvalidPathException
Event: 0.923 Loading class java/nio/file/InvalidPathException done

Classes unloaded (0 events):
No events

Classes redefined (0 events):
No events

Internal exceptions (20 events):
Event: 0.462 Thread 0x00000242a733d810 Exception <a 'java/lang/NoSuchMethodError'{0x0000000711010118}: 'int java.lang.invoke.DirectMethodHandle$Holder.invokeStaticInit(java.lang.Object, java.lang.Object)'> (0x0000000711010118) 
thrown [s\open\src\hotspot\share\interpreter\linkResolver.cpp, line 773]
Event: 0.530 Thread 0x00000242a733d810 Exception <a 'java/lang/NoSuchMethodError'{0x0000000710f56548}: 'java.lang.Object java.lang.invoke.DirectMethodHandle$Holder.invokeSpecial(java.lang.Object, java.lang.Object, java.lang.Object, long, java.lang.Object)'> (0x0000000710f56548) 
thrown [s\open\src\hotspot\share\interpreter\linkResolver.cpp, line 773]
Event: 0.531 Thread 0x00000242a733d810 Exception <a 'java/lang/NoSuchMethodError'{0x0000000710f5a148}: 'java.lang.Object java.lang.invoke.Invokers$Holder.linkToTargetMethod(java.lang.Object, long, java.lang.Object, java.lang.Object)'> (0x0000000710f5a148) 
thrown [s\open\src\hotspot\share\interpreter\linkResolver.cpp, line 773]
Event: 0.544 Thread 0x00000242a733d810 Exception <a 'java/lang/ClassNotFoundException'{0x0000000710f86dc0}: javax/smartcardio/CardPermission> (0x0000000710f86dc0) 
thrown [s\open\src\hotspot\share\classfile\systemDictionary.cpp, line 312]
Event: 0.547 Thread 0x00000242a733d810 Exception <a 'java/io/FileNotFoundException'{0x0000000710f95aa0}> (0x0000000710f95aa0) 
thrown [s\open\src\hotspot\share\prims\jni.cpp, line 520]
Event: 0.630 Thread 0x00000242a733d810 Exception <a 'java/lang/NoSuchMethodError'{0x0000000710b8d7c8}: 'int java.lang.invoke.DirectMethodHandle$Holder.invokeStaticInit(java.lang.Object, java.lang.Object, java.lang.Object)'> (0x0000000710b8d7c8) 
thrown [s\open\src\hotspot\share\interpreter\linkResolver.cpp, line 773]
Event: 0.648 Thread 0x00000242a733d810 Exception <a 'java/lang/NoSuchMethodError'{0x00000007108713f8}: 'int java.lang.invoke.DirectMethodHandle$Holder.invokeInterface(java.lang.Object, java.lang.Object)'> (0x00000007108713f8) 
thrown [s\open\src\hotspot\share\interpreter\linkResolver.cpp, line 773]
Event: 0.665 Thread 0x00000242a733d810 Exception <a 'java/lang/NoSuchMethodError'{0x000000071093f830}: 'void java.lang.invoke.DirectMethodHandle$Holder.invokeStatic(java.lang.Object, java.lang.Object)'> (0x000000071093f830) 
thrown [s\open\src\hotspot\share\interpreter\linkResolver.cpp, line 773]
Event: 0.665 Thread 0x00000242a733d810 Exception <a 'java/lang/NoSuchMethodError'{0x0000000710942e48}: 'void java.lang.invoke.DirectMethodHandle$Holder.invokeStaticInit(java.lang.Object, java.lang.Object)'> (0x0000000710942e48) 
thrown [s\open\src\hotspot\share\interpreter\linkResolver.cpp, line 773]
Event: 0.670 Thread 0x00000242a733d810 Exception <a 'java/lang/NoSuchMethodError'{0x0000000710964180}: 'java.lang.Object java.lang.invoke.DirectMethodHandle$Holder.invokeStatic(java.lang.Object, int, java.lang.Object)'> (0x0000000710964180) 
thrown [s\open\src\hotspot\share\interpreter\linkResolver.cpp, line 773]
Event: 0.740 Thread 0x00000242a733d810 Exception <a 'java/lang/NoSuchMethodError'{0x00000007107d1e68}: 'int java.lang.invoke.DirectMethodHandle$Holder.invokeSpecial(java.lang.Object, java.lang.Object, java.lang.Object, java.lang.Object)'> (0x00000007107d1e68) 
thrown [s\open\src\hotspot\share\interpreter\linkResolver.cpp, line 773]
Event: 0.744 Thread 0x00000242a733d810 Exception <a 'java/lang/NoSuchMethodError'{0x00000007107eca78}: 'int java.lang.invoke.DirectMethodHandle$Holder.invokeSpecial(java.lang.Object, java.lang.Object, java.lang.Object, java.lang.Object, java.lang.Object)'> (0x00000007107eca78) 
thrown [s\open\src\hotspot\share\interpreter\linkResolver.cpp, line 773]
Event: 0.745 Thread 0x00000242a733d810 Exception <a 'java/lang/NoSuchMethodError'{0x00000007107f4f90}: 'void java.lang.invoke.DirectMethodHandle$Holder.invokeVirtual(java.lang.Object, java.lang.Object)'> (0x00000007107f4f90) 
thrown [s\open\src\hotspot\share\interpreter\linkResolver.cpp, line 773]
Event: 0.796 Thread 0x00000242a733d810 Exception <a 'java/lang/NoSuchMethodError'{0x000000071023ee40}: 'void java.lang.invoke.DirectMethodHandle$Holder.invokeVirtual(java.lang.Object, java.lang.Object, java.lang.Object, java.lang.Object)'> (0x000000071023ee40) 
thrown [s\open\src\hotspot\share\interpreter\linkResolver.cpp, line 773]
Event: 0.864 Thread 0x00000242a733d810 Exception <a 'java/lang/NoSuchMethodError'{0x00000007101c8908}: 'java.lang.Object java.lang.invoke.DirectMethodHandle$Holder.newInvokeSpecial(java.lang.Object, java.lang.Object, java.lang.Object, java.lang.Object, java.lang.Object, java.lang.Object, java.lang.Object)'> (0x00000007101c8908) 
thrown [s\open\src\hotspot\share\interpreter\linkResolver.cpp, line 773]
Event: 0.864 Thread 0x00000242a733d810 Implicit null exception at 0x00000242b8aa3340 to 0x00000242b8aa35dc
Event: 0.882 Thread 0x00000242a733d810 Exception <a 'java/lang/NoSuchMethodError'{0x000000070feda768}: 'int java.lang.invoke.Invokers$Holder.invokeExact_MT(java.lang.Object, java.lang.Object)'> (0x000000070feda768) 
thrown [s\open\src\hotspot\share\interpreter\linkResolver.cpp, line 773]
Event: 0.886 Thread 0x00000242a733d810 Exception <a 'java/lang/NoSuchMethodError'{0x000000070ff1d7b0}: 'int java.lang.invoke.DirectMethodHandle$Holder.invokeVirtual(java.lang.Object, java.lang.Object, java.lang.Object)'> (0x000000070ff1d7b0) 
thrown [s\open\src\hotspot\share\interpreter\linkResolver.cpp, line 773]
Event: 0.891 Thread 0x00000242a733d810 Exception <a 'java/lang/NoSuchMethodError'{0x000000070ff51e98}: 'java.lang.Object java.lang.invoke.DirectMethodHandle$Holder.invokeInterface(java.lang.Object, java.lang.Object, java.lang.Object, java.lang.Object, java.lang.Object)'> (0x000000070ff51e98) 
thrown [s\open\src\hotspot\share\interpreter\linkResolver.cpp, line 773]
Event: 0.891 Thread 0x00000242a733d810 Exception <a 'java/lang/IncompatibleClassChangeError'{0x000000070ff559c0}: Found class java.lang.Object, but interface was expected> (0x000000070ff559c0) 
thrown [s\open\src\hotspot\share\interpreter\linkResolver.cpp, line 840]

ZGC Phase Switch (0 events):
No events

VM Operations (18 events):
Event: 0.045 Executing VM operation: HandshakeAllThreads (Deoptimize)
Event: 0.045 Executing VM operation: HandshakeAllThreads (Deoptimize) done
Event: 0.194 Executing VM operation: HandshakeAllThreads (Deoptimize)
Event: 0.194 Executing VM operation: HandshakeAllThreads (Deoptimize) done
Event: 0.412 Executing VM operation: HandshakeAllThreads (Deoptimize)
Event: 0.412 Executing VM operation: HandshakeAllThreads (Deoptimize) done
Event: 0.430 Executing VM operation: G1CollectForAllocation (G1 Evacuation Pause)
Event: 0.434 Executing VM operation: G1CollectForAllocation (G1 Evacuation Pause) done
Event: 0.503 Executing VM operation: HandshakeAllThreads (Deoptimize)
Event: 0.503 Executing VM operation: HandshakeAllThreads (Deoptimize) done
Event: 0.594 Executing VM operation: HandshakeAllThreads (Deoptimize)
Event: 0.594 Executing VM operation: HandshakeAllThreads (Deoptimize) done
Event: 0.723 Executing VM operation: HandshakeAllThreads (Deoptimize)
Event: 0.723 Executing VM operation: HandshakeAllThreads (Deoptimize) done
Event: 0.893 Executing VM operation: HandshakeAllThreads (Deoptimize)
Event: 0.893 Executing VM operation: HandshakeAllThreads (Deoptimize) done
Event: 0.896 Executing VM operation: ICBufferFull
Event: 0.897 Executing VM operation: ICBufferFull done

Events (14 events):
Event: 0.017 Thread 0x00000242a733d810 Thread added: 0x00000242a733d810
Event: 0.027 Thread 0x00000242c88cc930 Thread added: 0x00000242c88cc930
Event: 0.027 Thread 0x00000242c88cd850 Thread added: 0x00000242c88cd850
Event: 0.027 Thread 0x00000242c88cf4c0 Thread added: 0x00000242c88cf4c0
Event: 0.028 Thread 0x00000242c88d1f30 Thread added: 0x00000242c88d1f30
Event: 0.028 Thread 0x00000242c88d2990 Thread added: 0x00000242c88d2990
Event: 0.028 Thread 0x00000242c88d3670 Thread added: 0x00000242c88d3670
Event: 0.028 Thread 0x00000242c88d4400 Thread added: 0x00000242c88d4400
Event: 0.028 Thread 0x00000242c88d6eb0 Thread added: 0x00000242c88d6eb0
Event: 0.038 Thread 0x00000242c8b69be0 Thread added: 0x00000242c8b69be0
Event: 0.039 Thread 0x00000242c8b71060 Thread added: 0x00000242c8b71060
Event: 0.116 Thread 0x00000242c8c5dcd0 Thread added: 0x00000242c8c5dcd0
Event: 0.154 Thread 0x000002430e075000 Thread added: 0x000002430e075000
Event: 0.163 Thread 0x000002430e2e49e0 Thread added: 0x000002430e2e49e0


Dynamic libraries:
0x00007ff6d5270000 - 0x00007ff6d5280000 	C:\Program Files\Java\jdk-21\bin\java.exe
0x00007ffa903f0000 - 0x00007ffa905e7000 	C:\WINDOWS\SYSTEM32\ntdll.dll
0x00007ffa8f220000 - 0x00007ffa8f2dd000 	C:\WINDOWS\System32\KERNEL32.DLL
0x00007ffa8dd10000 - 0x00007ffa8e006000 	C:\WINDOWS\System32\KERNELBASE.dll
0x00007ffa8e0f0000 - 0x00007ffa8e1f0000 	C:\WINDOWS\System32\ucrtbase.dll
0x00007ffa613b0000 - 0x00007ffa613c9000 	C:\Program Files\Java\jdk-21\bin\jli.dll
0x00007ffa61030000 - 0x00007ffa6104b000 	C:\Program Files\Java\jdk-21\bin\VCRUNTIME140.dll
0x00007ffa8ed70000 - 0x00007ffa8ee1e000 	C:\WINDOWS\System32\ADVAPI32.dll
0x00007ffa901e0000 - 0x00007ffa9027e000 	C:\WINDOWS\System32\msvcrt.dll
0x00007ffa8f2e0000 - 0x00007ffa8f37c000 	C:\WINDOWS\System32\sechost.dll
0x00007ffa8ebb0000 - 0x00007ffa8ecd6000 	C:\WINDOWS\System32\RPCRT4.dll
0x00007ffa8f080000 - 0x00007ffa8f21e000 	C:\WINDOWS\System32\USER32.dll
0x00007ffa8e010000 - 0x00007ffa8e032000 	C:\WINDOWS\System32\win32u.dll
0x00007ffa75fa0000 - 0x00007ffa7623a000 	C:\WINDOWS\WinSxS\amd64_microsoft.windows.common-controls_6595b64144ccf1df_6.0.19041.3570_none_60bb2a3971f3e41a\COMCTL32.dll
0x00007ffa8ea10000 - 0x00007ffa8ea3c000 	C:\WINDOWS\System32\GDI32.dll
0x00007ffa8e330000 - 0x00007ffa8e44a000 	C:\WINDOWS\System32\gdi32full.dll
0x00007ffa8e1f0000 - 0x00007ffa8e28d000 	C:\WINDOWS\System32\msvcp_win.dll
0x00007ffa8b8c0000 - 0x00007ffa8b8ca000 	C:\WINDOWS\SYSTEM32\VERSION.dll
0x00007ffa8f380000 - 0x00007ffa8f3b0000 	C:\WINDOWS\System32\IMM32.DLL
0x00007ffa82240000 - 0x00007ffa8224c000 	C:\Program Files\Java\jdk-21\bin\vcruntime140_1.dll
0x00007ffa4a0b0000 - 0x00007ffa4a13e000 	C:\Program Files\Java\jdk-21\bin\msvcp140.dll
0x00007ffa354d0000 - 0x00007ffa361e3000 	C:\Program Files\Java\jdk-21\bin\server\jvm.dll
0x00007ffa8fee0000 - 0x00007ffa8ff4b000 	C:\WINDOWS\System32\WS2_32.dll
0x00007ffa8d040000 - 0x00007ffa8d08b000 	C:\WINDOWS\SYSTEM32\POWRPROF.dll
0x00007ffa7c4b0000 - 0x00007ffa7c4d7000 	C:\WINDOWS\SYSTEM32\WINMM.dll
0x00007ffa8ceb0000 - 0x00007ffa8cec2000 	C:\WINDOWS\SYSTEM32\UMPDC.dll
0x00007ffa8c2b0000 - 0x00007ffa8c2c2000 	C:\WINDOWS\SYSTEM32\kernel.appcore.dll
0x00007ffa78510000 - 0x00007ffa7851a000 	C:\Program Files\Java\jdk-21\bin\jimage.dll
0x00007ffa89000000 - 0x00007ffa891e4000 	C:\WINDOWS\SYSTEM32\DBGHELP.DLL
0x00007ffa70ee0000 - 0x00007ffa70f14000 	C:\WINDOWS\SYSTEM32\dbgcore.DLL
0x00007ffa8dc80000 - 0x00007ffa8dd02000 	C:\WINDOWS\System32\bcryptPrimitives.dll
0x00007ffa5e720000 - 0x00007ffa5e73f000 	C:\Program Files\Java\jdk-21\bin\java.dll
0x00007ffa8f770000 - 0x00007ffa8feb4000 	C:\WINDOWS\System32\SHELL32.dll
0x00007ffa8bb10000 - 0x00007ffa8c2ab000 	C:\WINDOWS\SYSTEM32\windows.storage.dll
0x00007ffa8f410000 - 0x00007ffa8f764000 	C:\WINDOWS\System32\combase.dll
0x00007ffa8d490000 - 0x00007ffa8d4bd000 	C:\WINDOWS\SYSTEM32\Wldp.dll
0x00007ffa8eaa0000 - 0x00007ffa8eb4d000 	C:\WINDOWS\System32\SHCORE.dll
0x00007ffa8eb50000 - 0x00007ffa8eba5000 	C:\WINDOWS\System32\shlwapi.dll
0x00007ffa8da00000 - 0x00007ffa8da25000 	C:\WINDOWS\SYSTEM32\profapi.dll
0x00007ffa46d10000 - 0x00007ffa46de7000 	C:\Program Files\Java\jdk-21\bin\jsvml.dll
0x00007ffa782c0000 - 0x00007ffa782d0000 	C:\Program Files\Java\jdk-21\bin\net.dll
0x00007ffa84570000 - 0x00007ffa8467a000 	C:\WINDOWS\SYSTEM32\WINHTTP.dll
0x00007ffa8d210000 - 0x00007ffa8d27a000 	C:\WINDOWS\system32\mswsock.dll
0x00007ffa5e1f0000 - 0x00007ffa5e206000 	C:\Program Files\Java\jdk-21\bin\nio.dll
0x00007ffa5d3d0000 - 0x00007ffa5d3e8000 	C:\Program Files\Java\jdk-21\bin\zip.dll
0x00007ffa8b820000 - 0x00007ffa8b82a000 	C:\Program Files\Java\jdk-21\bin\management.dll
0x00007ffa87200000 - 0x00007ffa8720b000 	C:\Program Files\Java\jdk-21\bin\management_ext.dll
0x00007ffa8e8e0000 - 0x00007ffa8e8e8000 	C:\WINDOWS\System32\PSAPI.DLL

dbghelp: loaded successfully - version: 4.0.5 - missing functions: none
symbol engine: initialized successfully - sym options: 0x614 - pdb path: .;C:\Program Files\Java\jdk-21\bin;C:\WINDOWS\SYSTEM32;C:\WINDOWS\WinSxS\amd64_microsoft.windows.common-controls_6595b64144ccf1df_6.0.19041.3570_none_60bb2a3971f3e41a;C:\Program Files\Java\jdk-21\bin\server

VM Arguments:
java_command: C:\Users\peg2s\AppData\Local\Temp\surefire9470413066111277442\surefirebooter-20231018232528890_3.jar C:\Users\peg2s\AppData\Local\Temp\surefire9470413066111277442 2023-10-18T23-25-28_758-jvmRun1 surefire-20231018232528890_1tmp surefire_0-20231018232528890_2tmp
java_class_path (initial): C:\Users\peg2s\AppData\Local\Temp\surefire9470413066111277442\surefirebooter-20231018232528890_3.jar
Launcher Type: SUN_STANDARD

[Global flags]
     intx CICompilerCount                          = 4                                         {product} {ergonomic}
     uint ConcGCThreads                            = 3                                         {product} {ergonomic}
     uint G1ConcRefinementThreads                  = 10                                        {product} {ergonomic}
   size_t G1HeapRegionSize                         = 2097152                                   {product} {ergonomic}
    uintx GCDrainStackTargetSize                   = 64                                        {product} {ergonomic}
   size_t InitialHeapSize                          = 268435456                                 {product} {ergonomic}
   size_t MarkStackSize                            = 4194304                                   {product} {ergonomic}
   size_t MaxHeapSize                              = 4273995776                                {product} {ergonomic}
   size_t MaxNewSize                               = 2562719744                                {product} {ergonomic}
   size_t MinHeapDeltaBytes                        = 2097152                                   {product} {ergonomic}
   size_t MinHeapSize                              = 8388608                                   {product} {ergonomic}
    uintx NonNMethodCodeHeapSize                   = 5839372                                {pd product} {ergonomic}
    uintx NonProfiledCodeHeapSize                  = 122909434                              {pd product} {ergonomic}
    uintx ProfiledCodeHeapSize                     = 122909434                              {pd product} {ergonomic}
    uintx ReservedCodeCacheSize                    = 251658240                              {pd product} {ergonomic}
     bool SegmentedCodeCache                       = true                                      {product} {ergonomic}
   size_t SoftMaxHeapSize                          = 4273995776                             {manageable} {ergonomic}
     bool UseCompressedOops                        = true                           {product lp64_product} {ergonomic}
     bool UseG1GC                                  = true                                      {product} {ergonomic}
     bool UseLargePagesIndividualAllocation        = false                                  {pd product} {ergonomic}

Logging:
Log output configuration:
 #0: stdout all=warning uptime,level,tags foldmultilines=false
 #1: stderr all=off uptime,level,tags foldmultilines=false

Environment Variables:
JAVA_HOME=C:\Program Files\Java\jdk-21
PATH=C:\Python311\Scripts\;C:\Python311\;C:\Program Files\ImageMagick-7.1.0-Q16-HDRI;C:\Program Files\Common Files\Oracle\Java\javapath;C:\Program Files (x86)\Razer\ChromaBroadcast\bin;C:\Program Files\Razer\ChromaBroadcast\bin;C:\Perl64\bin;C:\Users\peg2s\AppData\Roaming\ActiveState\bin;C:\Program Files (x86)\Common Files\Intel\Shared Libraries\redist\intel64\compiler;C:\Windows\system32;C:\Windows;C:\Windows\System32\Wbem;C:\Windows\System32\WindowsPowerShell\v1.0\;C:\Windows\System32\OpenSSH\;C:\Program Files\NVIDIA Corporation\NVIDIA NvDLISR;C:\Program Files\Microsoft SQL Server\130\Tools\Binn\;C:\PHP7;D:\Matlab\R2020a\bin;C:\WINDOWS\system32;C:\WINDOWS;C:\WINDOWS\System32\Wbem;C:\WINDOWS\System32\WindowsPowerShell\v1.0\;C:\WINDOWS\System32\OpenSSH\;C:\Program Files\Wolfram Research\WolframScript\;C:\Program Files\PuTTY\;C:\Program Files\Git\cmd;C:\WINDOWS\system32\config\systemprofile\AppData\Local\Microsoft\WindowsApps;C:\WINDOWS\system32;C:\WINDOWS;C:\WINDOWS\System32\Wbem;C:\WINDOWS\System32\WindowsPowerShell\v1.0\;C:\WINDOWS\System32\OpenSSH\;C:\ffmpeg;C:\Program Files (x86)\NVIDIA Corporation\PhysX\Common;C:\Users\peg2s\AppData\Local\bin\NASM;C:\Users\peg2s\AppData\Local\Programs\Python\Python38;C:\Users\peg2s\AppData\Local\Programs\Python\Python38\Scripts;C:\Program Files\7-Zip;C:\MinGW\bin;C:\Program Files (x86)\GnuWin32\bin;C:\Program Files\nodejs\;C:\ProgramData\chocolatey\bin;C:\Program Files\dotnet\;C:\Users\peg2s\AppData\Roaming\Python\Python311\Scripts;C:\Program Files\Docker\Docker\resources\bin;C:\Strawberry\c\bin;C:\Strawberry\perl\site\bin;C:\Strawberry\perl\bin;C:\texlive\2022\bin;C:\Program Files (x86)\Microsoft SDKs\Windows\v7.0A\bin;C:\Program Files\apache-maven-3.9.5\bin;C:\Users\peg2s\AppData\Local\ActiveState\StateTool\release\bin;C:\Users\peg2s\.cargo\bin;C:\Users\peg2s\AppData\Local\activestate\cache\bin;C:\Users\peg;C:\Users\peg2s\AppData\Local\Programs\Microsoft VS Code\bin;C:\Users\peg2s\AppData\Roaming\npm;C:\texlive\2022\bin\win32;C:\Users\peg2s\AppData\Local\GitHubDesktop\bin
USERNAME=peg2s
LANG=en_US.UTF-8
OS=Windows_NT
PROCESSOR_IDENTIFIER=Intel64 Family 6 Model 158 Stepping 10, GenuineIntel
TMP=C:\Users\peg2s\AppData\Local\Temp
TEMP=C:\Users\peg2s\AppData\Local\Temp




---------------  S Y S T E M  ---------------

OS:
 Windows 10 , 64 bit Build 19041 (10.0.19041.3570)
OS uptime: 3 days 2:03 hours
Hyper-V role detected

CPU: total 12 (initial active 12) (6 cores per cpu, 2 threads per core) family 6 model 158 stepping 10 microcode 0xea, cx8, cmov, fxsr, ht, mmx, 3dnowpref, sse, sse2, sse3, ssse3, sse4.1, sse4.2, popcnt, lzcnt, tsc, tscinvbit, avx, avx2, aes, erms, clmul, bmi1, bmi2, adx, fma, vzeroupper, clflush, clflushopt, hv, rdtscp, f16c
Processor Information for all 12 processors :
  Max Mhz: 2592, Current Mhz: 2592, Mhz Limit: 2592

Memory: 4k page, system-wide physical 16303M (2273M free)
TotalPageFile size 23729M (AvailPageFile size 5M)
current process WorkingSet (physical memory assigned to process): 108M, peak: 108M
current process commit charge ("private bytes"): 377M, peak: 378M

vm_info: Java HotSpot(TM) 64-Bit Server VM (21+35-LTS-2513) for windows-amd64 JRE (21+35-LTS-2513), built on 2023-08-09T20:25:10Z by "mach5one" with MS VC++ 17.1 (VS2022)

END.
