#
# There is insufficient memory for the Java Runtime Environment to continue.
# Native memory allocation (malloc) failed to allocate 66736 bytes for Chunk::new
# Possible reasons:
#   The system is out of physical RAM or swap space
#   The process is running with CompressedOops enabled, and the Java Heap may be blocking the growth of the native heap
# Possible solutions:
#   Reduce memory load on the system
#   Increase physical memory or swap space
#   Check if swap backing store is full
#   Decrease Java heap size (-Xmx/-Xms)
#   Decrease number of Java threads
#   Decrease Java thread stack sizes (-Xss)
#   Set larger code cache with -XX:ReservedCodeCacheSize=
#   JVM is running with Zero Based Compressed Oops mode in which the Java heap is
#     placed in the first 32GB address space. The Java Heap base address is the
#     maximum limit for the native heap growth. Please use -XX:HeapBaseMinAddress
#     to set the Java Heap base and to place the Java Heap above 32GB virtual address.
# This output file may be truncated or incomplete.
#
#  Out of Memory Error (arena.cpp:166), pid=21032, tid=28892
#
# JRE version: Java(TM) SE Runtime Environment (21.0+35) (build 21+35-LTS-2513)
# Java VM: Java HotSpot(TM) 64-Bit Server VM (21+35-LTS-2513, mixed mode, sharing, tiered, compressed oops, compressed class ptrs, g1 gc, windows-amd64)
# No core dump will be written. Minidumps are not enabled by default on client versions of Windows
#

---------------  S U M M A R Y ------------

Command Line: -Dclassworlds.conf=C:\Program Files\apache-maven-3.9.5\bin\m2.conf -Dmaven.home=C:\Program Files\apache-maven-3.9.5 -Dlibrary.jansi.path=C:\Program Files\apache-maven-3.9.5\lib\jansi-native -Dmaven.multiModuleProjectDirectory=C:\Users\peg2s\OneDrive\Documents\GitHub\Docu-view\server org.codehaus.plexus.classworlds.launcher.Launcher package -f pom.xml

Host: Intel(R) Core(TM) i7-9750H CPU @ 2.60GHz, 12 cores, 15G,  Windows 10 , 64 bit Build 19041 (10.0.19041.3570)
Time: Wed Oct 18 23:25:29 2023 Eastern Daylight Time elapsed time: 5.304355 seconds (0d 0h 0m 5s)

---------------  T H R E A D  ---------------

Current thread (0x0000026e3d661d20):  JavaThread "C2 CompilerThread0" daemon [_thread_in_native, id=28892, stack(0x0000009d21000000,0x0000009d21100000) (1024K)]


Current CompileTask:
C2:   5304 7095       4       java.nio.CharBuffer::<init> (24 bytes)

Stack: [0x0000009d21000000,0x0000009d21100000]
Native frames: (J=compiled Java code, j=interpreted, Vv=VM code, C=native code)
V  [jvm.dll+0x6c8d39]
V  [jvm.dll+0x854091]
V  [jvm.dll+0x85630e]
V  [jvm.dll+0x8569e3]
V  [jvm.dll+0x2809a6]
V  [jvm.dll+0xc3e6d]
V  [jvm.dll+0xc4383]
V  [jvm.dll+0x3b54e2]
V  [jvm.dll+0x382245]
V  [jvm.dll+0x3816ba]
V  [jvm.dll+0x249800]
V  [jvm.dll+0x248de1]
V  [jvm.dll+0x1c9b91]
V  [jvm.dll+0x2583e9]
V  [jvm.dll+0x2569ca]
V  [jvm.dll+0x3eef66]
V  [jvm.dll+0x7fd2c8]
V  [jvm.dll+0x6c748d]
C  [ucrtbase.dll+0x21bb2]
C  [KERNEL32.DLL+0x17344]
C  [ntdll.dll+0x526b1]


---------------  P R O C E S S  ---------------

Threads class SMR info:
_java_thread_list=0x0000026e0509ea00, length=17, elements={
0x0000026e1be8eda0, 0x0000026e3d657230, 0x0000026e3d658150, 0x0000026e3d659dc0,
0x0000026e3d65d840, 0x0000026e3d65e2a0, 0x0000026e3d65ed00, 0x0000026e3d661d20,
0x0000026e3d6647d0, 0x0000026e3d8f4230, 0x0000026e3d8f4fb0, 0x0000026e05218bd0,
0x0000026e06d22090, 0x0000026e06161110, 0x0000026e06161780, 0x0000026e06cac6d0,
0x0000026e06a1e620
}

Java Threads: ( => current thread )
  0x0000026e1be8eda0 JavaThread "main"                              [_thread_in_native, id=19724, stack(0x0000009d20200000,0x0000009d20300000) (1024K)]
  0x0000026e3d657230 JavaThread "Reference Handler"          daemon [_thread_blocked, id=15236, stack(0x0000009d20a00000,0x0000009d20b00000) (1024K)]
  0x0000026e3d658150 JavaThread "Finalizer"                  daemon [_thread_blocked, id=25828, stack(0x0000009d20b00000,0x0000009d20c00000) (1024K)]
  0x0000026e3d659dc0 JavaThread "Signal Dispatcher"          daemon [_thread_blocked, id=11628, stack(0x0000009d20c00000,0x0000009d20d00000) (1024K)]
  0x0000026e3d65d840 JavaThread "Attach Listener"            daemon [_thread_blocked, id=10304, stack(0x0000009d20d00000,0x0000009d20e00000) (1024K)]
  0x0000026e3d65e2a0 JavaThread "Service Thread"             daemon [_thread_blocked, id=28752, stack(0x0000009d20e00000,0x0000009d20f00000) (1024K)]
  0x0000026e3d65ed00 JavaThread "Monitor Deflation Thread"   daemon [_thread_blocked, id=6972, stack(0x0000009d20f00000,0x0000009d21000000) (1024K)]
=>0x0000026e3d661d20 JavaThread "C2 CompilerThread0"         daemon [_thread_in_native, id=28892, stack(0x0000009d21000000,0x0000009d21100000) (1024K)]
  0x0000026e3d6647d0 JavaThread "C1 CompilerThread0"         daemon [_thread_blocked, id=1480, stack(0x0000009d21100000,0x0000009d21200000) (1024K)]
  0x0000026e3d8f4230 JavaThread "Notification Thread"        daemon [_thread_blocked, id=11152, stack(0x0000009d21200000,0x0000009d21300000) (1024K)]
  0x0000026e3d8f4fb0 JavaThread "Common-Cleaner"             daemon [_thread_blocked, id=18556, stack(0x0000009d21300000,0x0000009d21400000) (1024K)]
  0x0000026e05218bd0 JavaThread "timeout-check-timer"        daemon [_thread_blocked, id=8300, stack(0x0000009d22100000,0x0000009d22200000) (1024K)]
  0x0000026e06d22090 JavaThread "ping-timer-10s"             daemon [_thread_blocked, id=17460, stack(0x0000009d22200000,0x0000009d22300000) (1024K)]
  0x0000026e06161110 JavaThread "ThreadedStreamConsumer"     daemon [_thread_blocked, id=18056, stack(0x0000009d22300000,0x0000009d22400000) (1024K)]
  0x0000026e06161780 JavaThread "fork-1-err-thread"          daemon [_thread_in_native, id=28644, stack(0x0000009d22400000,0x0000009d22500000) (1024K)]
  0x0000026e06cac6d0 JavaThread "commands-fork-1"            daemon [_thread_blocked, id=3056, stack(0x0000009d22500000,0x0000009d22600000) (1024K)]
  0x0000026e06a1e620 JavaThread "fork-1-event-thread"        daemon [_thread_in_native, id=20612, stack(0x0000009d22600000,0x0000009d22700000) (1024K)]
Total: 17

Other Threads:
  0x0000026e3d638a20 VMThread "VM Thread"                           [id=20540, stack(0x0000009d20900000,0x0000009d20a00000) (1024K)]
  0x0000026e3d621670 WatcherThread "VM Periodic Task Thread"        [id=27924, stack(0x0000009d20800000,0x0000009d20900000) (1024K)]
  0x0000026e1e0df200 WorkerThread "GC Thread#0"                     [id=18172, stack(0x0000009d20300000,0x0000009d20400000) (1024K)]
  0x0000026e0413de60 WorkerThread "GC Thread#1"                     [id=11832, stack(0x0000009d21600000,0x0000009d21700000) (1024K)]
  0x0000026e0413e200 WorkerThread "GC Thread#2"                     [id=29672, stack(0x0000009d21700000,0x0000009d21800000) (1024K)]
  0x0000026e040fd110 WorkerThread "GC Thread#3"                     [id=7844, stack(0x0000009d21800000,0x0000009d21900000) (1024K)]
  0x0000026e040fd4b0 WorkerThread "GC Thread#4"                     [id=16860, stack(0x0000009d21900000,0x0000009d21a00000) (1024K)]
  0x0000026e040fca00 WorkerThread "GC Thread#5"                     [id=27876, stack(0x0000009d21a00000,0x0000009d21b00000) (1024K)]
  0x0000026e046de010 WorkerThread "GC Thread#6"                     [id=12112, stack(0x0000009d21b00000,0x0000009d21c00000) (1024K)]
  0x0000026e046de3b0 WorkerThread "GC Thread#7"                     [id=27176, stack(0x0000009d21c00000,0x0000009d21d00000) (1024K)]
  0x0000026e047b09a0 WorkerThread "GC Thread#8"                     [id=29552, stack(0x0000009d21d00000,0x0000009d21e00000) (1024K)]
  0x0000026e04056550 WorkerThread "GC Thread#9"                     [id=28528, stack(0x0000009d21e00000,0x0000009d21f00000) (1024K)]
  0x0000026e1e0f0fc0 ConcurrentGCThread "G1 Main Marker"            [id=12116, stack(0x0000009d20400000,0x0000009d20500000) (1024K)]
  0x0000026e1e0f1b80 WorkerThread "G1 Conc#0"                       [id=3184, stack(0x0000009d20500000,0x0000009d20600000) (1024K)]
  0x0000026e053967b0 WorkerThread "G1 Conc#1"                       [id=16732, stack(0x0000009d21f00000,0x0000009d22000000) (1024K)]
  0x0000026e05399330 WorkerThread "G1 Conc#2"                       [id=6684, stack(0x0000009d22000000,0x0000009d22100000) (1024K)]
  0x0000026e1e14e6e0 ConcurrentGCThread "G1 Refine#0"               [id=14580, stack(0x0000009d20600000,0x0000009d20700000) (1024K)]
  0x0000026e3d4e23c0 ConcurrentGCThread "G1 Service"                [id=28884, stack(0x0000009d20700000,0x0000009d20800000) (1024K)]
Total: 18

Threads with active compile tasks:
C2 CompilerThread0     5326 7095       4       java.nio.CharBuffer::<init> (24 bytes)
Total: 1

VM state: not at safepoint (normal execution)

VM Mutex/Monitor currently owned by a thread: None

Heap address: 0x0000000701400000, size: 4076 MB, Compressed Oops mode: Zero based, Oop shift amount: 3

CDS archive(s) mapped at: [0x0000026e3e000000-0x0000026e3ec90000-0x0000026e3ec90000), size 13172736, SharedBaseAddress: 0x0000026e3e000000, ArchiveRelocationMode: 1.
Compressed class space mapped at: 0x0000026e3f000000-0x0000026e7f000000, reserved size: 1073741824
Narrow klass base: 0x0000026e3e000000, Narrow klass shift: 0, Narrow klass range: 0x100000000

GC Precious Log:
 CardTable entry size: 512
 Card Set container configuration: InlinePtr #cards 4 size 8 Array Of Cards #cards 16 size 48 Howl #buckets 8 coarsen threshold 3686 Howl Bitmap #cards 512 size 80 coarsen threshold 460 Card regions per heap region 1 cards per card region 4096
 CPUs: 12 total, 12 available
 Memory: 16303M
 Large Page Support: Disabled
 NUMA Support: Disabled
 Compressed Oops: Enabled (Zero based)
 Heap Region Size: 2M
 Heap Min Capacity: 8M
 Heap Initial Capacity: 256M
 Heap Max Capacity: 4076M
 Pre-touch: Disabled
 Parallel Workers: 10
 Concurrent Workers: 3
 Concurrent Refinement Workers: 10
 Periodic GC: Disabled

Heap:
 garbage-first heap   total 131072K, used 53690K [0x0000000701400000, 0x0000000800000000)
  region size 2048K, 14 young (28672K), 3 survivors (6144K)
 Metaspace       used 30866K, committed 31232K, reserved 1114112K
  class space    used 3503K, committed 3648K, reserved 1048576K

Heap Regions: E=young(eden), S=young(survivor), O=old, HS=humongous(starts), HC=humongous(continues), CS=collection set, F=free, TAMS=top-at-mark-start, PB=parsable bottom
|   0|0x0000000701400000, 0x0000000701600000, 0x0000000701600000|100%| O|  |TAMS 0x0000000701400000| PB 0x0000000701400000| Untracked 
|   1|0x0000000701600000, 0x0000000701600000, 0x0000000701800000|  0%| F|  |TAMS 0x0000000701600000| PB 0x0000000701600000| Untracked 
|   2|0x0000000701800000, 0x0000000701a00000, 0x0000000701a00000|100%|HS|  |TAMS 0x0000000701800000| PB 0x0000000701800000| Complete 
|   3|0x0000000701a00000, 0x0000000701c00000, 0x0000000701c00000|100%|HC|  |TAMS 0x0000000701a00000| PB 0x0000000701a00000| Complete 
|   4|0x0000000701c00000, 0x0000000701e00000, 0x0000000701e00000|100%| O|  |TAMS 0x0000000701c00000| PB 0x0000000701c00000| Untracked 
|   5|0x0000000701e00000, 0x0000000702000000, 0x0000000702000000|100%| O|  |TAMS 0x0000000701e00000| PB 0x0000000701e00000| Untracked 
|   6|0x0000000702000000, 0x0000000702091240, 0x0000000702200000| 28%| O|  |TAMS 0x0000000702000000| PB 0x0000000702000000| Untracked 
|   7|0x0000000702200000, 0x0000000702200000, 0x0000000702400000|  0%| F|  |TAMS 0x0000000702200000| PB 0x0000000702200000| Untracked 
|   8|0x0000000702400000, 0x0000000702400000, 0x0000000702600000|  0%| F|  |TAMS 0x0000000702400000| PB 0x0000000702400000| Untracked 
|   9|0x0000000702600000, 0x0000000702600000, 0x0000000702800000|  0%| F|  |TAMS 0x0000000702600000| PB 0x0000000702600000| Untracked 
|  10|0x0000000702800000, 0x0000000702800000, 0x0000000702a00000|  0%| F|  |TAMS 0x0000000702800000| PB 0x0000000702800000| Untracked 
|  11|0x0000000702a00000, 0x0000000702a00000, 0x0000000702c00000|  0%| F|  |TAMS 0x0000000702a00000| PB 0x0000000702a00000| Untracked 
|  12|0x0000000702c00000, 0x0000000702c00000, 0x0000000702e00000|  0%| F|  |TAMS 0x0000000702c00000| PB 0x0000000702c00000| Untracked 
|  13|0x0000000702e00000, 0x0000000702e00000, 0x0000000703000000|  0%| F|  |TAMS 0x0000000702e00000| PB 0x0000000702e00000| Untracked 
|  14|0x0000000703000000, 0x0000000703000000, 0x0000000703200000|  0%| F|  |TAMS 0x0000000703000000| PB 0x0000000703000000| Untracked 
|  15|0x0000000703200000, 0x00000007033dd6d8, 0x0000000703400000| 93%| S|CS|TAMS 0x0000000703200000| PB 0x0000000703200000| Complete 
|  16|0x0000000703400000, 0x0000000703600000, 0x0000000703600000|100%| S|CS|TAMS 0x0000000703400000| PB 0x0000000703400000| Complete 
|  17|0x0000000703600000, 0x0000000703800000, 0x0000000703800000|100%| S|CS|TAMS 0x0000000703600000| PB 0x0000000703600000| Complete 
|  18|0x0000000703800000, 0x0000000703800000, 0x0000000703a00000|  0%| F|  |TAMS 0x0000000703800000| PB 0x0000000703800000| Untracked 
|  19|0x0000000703a00000, 0x0000000703a00000, 0x0000000703c00000|  0%| F|  |TAMS 0x0000000703a00000| PB 0x0000000703a00000| Untracked 
|  20|0x0000000703c00000, 0x0000000703e00000, 0x0000000703e00000|100%|HS|  |TAMS 0x0000000703c00000| PB 0x0000000703c00000| Complete 
|  21|0x0000000703e00000, 0x0000000704000000, 0x0000000704000000|100%|HC|  |TAMS 0x0000000703e00000| PB 0x0000000703e00000| Complete 
|  22|0x0000000704000000, 0x0000000704000000, 0x0000000704200000|  0%| F|  |TAMS 0x0000000704000000| PB 0x0000000704000000| Untracked 
|  23|0x0000000704200000, 0x0000000704200000, 0x0000000704400000|  0%| F|  |TAMS 0x0000000704200000| PB 0x0000000704200000| Untracked 
|  24|0x0000000704400000, 0x0000000704400000, 0x0000000704600000|  0%| F|  |TAMS 0x0000000704400000| PB 0x0000000704400000| Untracked 
|  25|0x0000000704600000, 0x0000000704600000, 0x0000000704800000|  0%| F|  |TAMS 0x0000000704600000| PB 0x0000000704600000| Untracked 
|  26|0x0000000704800000, 0x0000000704800000, 0x0000000704a00000|  0%| F|  |TAMS 0x0000000704800000| PB 0x0000000704800000| Untracked 
|  27|0x0000000704a00000, 0x0000000704a00000, 0x0000000704c00000|  0%| F|  |TAMS 0x0000000704a00000| PB 0x0000000704a00000| Untracked 
|  28|0x0000000704c00000, 0x0000000704c00000, 0x0000000704e00000|  0%| F|  |TAMS 0x0000000704c00000| PB 0x0000000704c00000| Untracked 
|  29|0x0000000704e00000, 0x0000000704e00000, 0x0000000705000000|  0%| F|  |TAMS 0x0000000704e00000| PB 0x0000000704e00000| Untracked 
|  30|0x0000000705000000, 0x0000000705000000, 0x0000000705200000|  0%| F|  |TAMS 0x0000000705000000| PB 0x0000000705000000| Untracked 
|  31|0x0000000705200000, 0x0000000705200000, 0x0000000705400000|  0%| F|  |TAMS 0x0000000705200000| PB 0x0000000705200000| Untracked 
|  32|0x0000000705400000, 0x0000000705400000, 0x0000000705600000|  0%| F|  |TAMS 0x0000000705400000| PB 0x0000000705400000| Untracked 
|  33|0x0000000705600000, 0x0000000705600000, 0x0000000705800000|  0%| F|  |TAMS 0x0000000705600000| PB 0x0000000705600000| Untracked 
|  34|0x0000000705800000, 0x0000000705800000, 0x0000000705a00000|  0%| F|  |TAMS 0x0000000705800000| PB 0x0000000705800000| Untracked 
|  35|0x0000000705a00000, 0x0000000705a00000, 0x0000000705c00000|  0%| F|  |TAMS 0x0000000705a00000| PB 0x0000000705a00000| Untracked 
|  36|0x0000000705c00000, 0x0000000705c00000, 0x0000000705e00000|  0%| F|  |TAMS 0x0000000705c00000| PB 0x0000000705c00000| Untracked 
|  37|0x0000000705e00000, 0x0000000705e00000, 0x0000000706000000|  0%| F|  |TAMS 0x0000000705e00000| PB 0x0000000705e00000| Untracked 
|  38|0x0000000706000000, 0x0000000706000000, 0x0000000706200000|  0%| F|  |TAMS 0x0000000706000000| PB 0x0000000706000000| Untracked 
|  39|0x0000000706200000, 0x0000000706200000, 0x0000000706400000|  0%| F|  |TAMS 0x0000000706200000| PB 0x0000000706200000| Untracked 
|  40|0x0000000706400000, 0x0000000706400000, 0x0000000706600000|  0%| F|  |TAMS 0x0000000706400000| PB 0x0000000706400000| Untracked 
|  41|0x0000000706600000, 0x0000000706600000, 0x0000000706800000|  0%| F|  |TAMS 0x0000000706600000| PB 0x0000000706600000| Untracked 
|  42|0x0000000706800000, 0x0000000706800000, 0x0000000706a00000|  0%| F|  |TAMS 0x0000000706800000| PB 0x0000000706800000| Untracked 
|  43|0x0000000706a00000, 0x0000000706a00000, 0x0000000706c00000|  0%| F|  |TAMS 0x0000000706a00000| PB 0x0000000706a00000| Untracked 
|  44|0x0000000706c00000, 0x0000000706c00000, 0x0000000706e00000|  0%| F|  |TAMS 0x0000000706c00000| PB 0x0000000706c00000| Untracked 
|  45|0x0000000706e00000, 0x0000000706e00000, 0x0000000707000000|  0%| F|  |TAMS 0x0000000706e00000| PB 0x0000000706e00000| Untracked 
|  46|0x0000000707000000, 0x0000000707000000, 0x0000000707200000|  0%| F|  |TAMS 0x0000000707000000| PB 0x0000000707000000| Untracked 
|  47|0x0000000707200000, 0x000000070730d778, 0x0000000707400000| 52%| E|  |TAMS 0x0000000707200000| PB 0x0000000707200000| Complete 
|  53|0x0000000707e00000, 0x0000000708000000, 0x0000000708000000|100%| E|CS|TAMS 0x0000000707e00000| PB 0x0000000707e00000| Complete 
|  54|0x0000000708000000, 0x0000000708200000, 0x0000000708200000|100%| E|CS|TAMS 0x0000000708000000| PB 0x0000000708000000| Complete 
|  55|0x0000000708200000, 0x0000000708400000, 0x0000000708400000|100%| E|CS|TAMS 0x0000000708200000| PB 0x0000000708200000| Complete 
|  56|0x0000000708400000, 0x0000000708600000, 0x0000000708600000|100%| E|CS|TAMS 0x0000000708400000| PB 0x0000000708400000| Complete 
|  57|0x0000000708600000, 0x0000000708800000, 0x0000000708800000|100%| E|CS|TAMS 0x0000000708600000| PB 0x0000000708600000| Complete 
|  58|0x0000000708800000, 0x0000000708a00000, 0x0000000708a00000|100%| E|CS|TAMS 0x0000000708800000| PB 0x0000000708800000| Complete 
|  59|0x0000000708a00000, 0x0000000708c00000, 0x0000000708c00000|100%| E|CS|TAMS 0x0000000708a00000| PB 0x0000000708a00000| Complete 
|  60|0x0000000708c00000, 0x0000000708e00000, 0x0000000708e00000|100%| E|CS|TAMS 0x0000000708c00000| PB 0x0000000708c00000| Complete 
|  61|0x0000000708e00000, 0x0000000709000000, 0x0000000709000000|100%| E|CS|TAMS 0x0000000708e00000| PB 0x0000000708e00000| Complete 
| 127|0x0000000711200000, 0x0000000711400000, 0x0000000711400000|100%| E|CS|TAMS 0x0000000711200000| PB 0x0000000711200000| Complete 
|2032|0x00000007ff400000, 0x00000007ff600000, 0x00000007ff600000|100%| O|  |TAMS 0x00000007ff400000| PB 0x00000007ff400000| Untracked 
|2033|0x00000007ff600000, 0x00000007ff800000, 0x00000007ff800000|100%| O|  |TAMS 0x00000007ff600000| PB 0x00000007ff600000| Untracked 
|2034|0x00000007ff800000, 0x00000007ffa00000, 0x00000007ffa00000|100%| O|  |TAMS 0x00000007ff800000| PB 0x00000007ff800000| Untracked 
|2035|0x00000007ffa00000, 0x00000007ffc00000, 0x00000007ffc00000|100%| O|  |TAMS 0x00000007ffa00000| PB 0x00000007ffa00000| Untracked 
|2036|0x00000007ffc00000, 0x00000007ffe00000, 0x00000007ffe00000|100%| O|  |TAMS 0x00000007ffc00000| PB 0x00000007ffc00000| Untracked 
|2037|0x00000007ffe00000, 0x0000000800000000, 0x0000000800000000|100%| O|  |TAMS 0x00000007ffe00000| PB 0x00000007ffe00000| Untracked 

Card table byte_map: [0x0000026e36230000,0x0000026e36a30000] _byte_map_base: 0x0000026e32a26000

Marking Bits: (CMBitMap*) 0x0000026e1e0e0820
 Bits: [0x0000026e36a30000, 0x0000026e3a9e0000)

Polling page: 0x0000026e1be30000

Metaspace:

Usage:
  Non-class:     26.72 MB used.
      Class:      3.42 MB used.
       Both:     30.14 MB used.

Virtual space:
  Non-class space:       64.00 MB reserved,      26.94 MB ( 42%) committed,  1 nodes.
      Class space:        1.00 GB reserved,       3.56 MB ( <1%) committed,  1 nodes.
             Both:        1.06 GB reserved,      30.50 MB (  3%) committed. 

Chunk freelists:
   Non-Class:  4.80 MB
       Class:  12.44 MB
        Both:  17.23 MB

MaxMetaspaceSize: unlimited
CompressedClassSpaceSize: 1.00 GB
Initial GC threshold: 21.00 MB
Current GC threshold: 35.56 MB
CDS: on
 - commit_granule_bytes: 65536.
 - commit_granule_words: 8192.
 - virtual_space_node_default_size: 8388608.
 - enlarge_chunks_in_place: 1.
 - use_allocation_guard: 0.


Internal statistics:

num_allocs_failed_limit: 3.
num_arena_births: 314.
num_arena_deaths: 0.
num_vsnodes_births: 2.
num_vsnodes_deaths: 0.
num_space_committed: 488.
num_space_uncommitted: 0.
num_chunks_returned_to_freelist: 3.
num_chunks_taken_from_freelist: 1353.
num_chunk_merges: 3.
num_chunk_splits: 982.
num_chunks_enlarged: 802.
num_inconsistent_stats: 0.

CodeHeap 'non-profiled nmethods': size=120000Kb used=3938Kb max_used=3938Kb free=116061Kb
 bounds [0x0000026e2dfb0000, 0x0000026e2e390000, 0x0000026e354e0000]
CodeHeap 'profiled nmethods': size=120000Kb used=14456Kb max_used=14456Kb free=105543Kb
 bounds [0x0000026e264e0000, 0x0000026e27300000, 0x0000026e2da10000]
CodeHeap 'non-nmethods': size=5760Kb used=1505Kb max_used=1549Kb free=4254Kb
 bounds [0x0000026e2da10000, 0x0000026e2dc80000, 0x0000026e2dfb0000]
 total_blobs=7679 nmethods=7099 adapters=484
 compilation: enabled
              stopped_count=0, restarted_count=0
 full_count=0

Compilation events (20 events):
Event: 5.296 Thread 0x0000026e3d6647d0 7088       3       java.lang.StringBuilder::append (8 bytes)
Event: 5.297 Thread 0x0000026e3d6647d0 nmethod 7088 0x0000026e272f5390 code [0x0000026e272f5540, 0x0000026e272f5690]
Event: 5.297 Thread 0x0000026e3d6647d0 7089       3       java.lang.Exception::<init> (5 bytes)
Event: 5.297 Thread 0x0000026e3d6647d0 nmethod 7089 0x0000026e272f5710 code [0x0000026e272f58e0, 0x0000026e272f5cb8]
Event: 5.297 Thread 0x0000026e3d6647d0 7090       1       org.apache.maven.surefire.api.stream.AbstractStreamDecoder$BufferedStream::getPositionByteBuffer (5 bytes)
Event: 5.297 Thread 0x0000026e3d6647d0 nmethod 7090 0x0000026e2e388110 code [0x0000026e2e3882a0, 0x0000026e2e388368]
Event: 5.297 Thread 0x0000026e3d6647d0 7091       1       org.apache.maven.surefire.api.stream.AbstractStreamDecoder$MalformedFrameException::readTo (5 bytes)
Event: 5.297 Thread 0x0000026e3d6647d0 nmethod 7091 0x0000026e2e388410 code [0x0000026e2e3885a0, 0x0000026e2e388668]
Event: 5.297 Thread 0x0000026e3d6647d0 7092  s    1       java.lang.StringBuffer::length (5 bytes)
Event: 5.297 Thread 0x0000026e3d6647d0 nmethod 7092 0x0000026e2e388710 code [0x0000026e2e3888a0, 0x0000026e2e388a28]
Event: 5.298 Thread 0x0000026e3d6647d0 7093       3       org.apache.maven.surefire.api.stream.AbstractStreamDecoder::read (102 bytes)
Event: 5.298 Thread 0x0000026e3d661d20 7095       4       java.nio.CharBuffer::<init> (24 bytes)
Event: 5.298 Thread 0x0000026e3d6647d0 nmethod 7093 0x0000026e272f5d90 code [0x0000026e272f5fc0, 0x0000026e272f67f8]
Event: 5.298 Thread 0x0000026e3d6647d0 7094       3       org.apache.maven.surefire.api.stream.AbstractStreamDecoder::checkDelimiter (38 bytes)
Event: 5.299 Thread 0x0000026e3d6647d0 nmethod 7094 0x0000026e272f6a10 code [0x0000026e272f6be0, 0x0000026e272f6f30]
Event: 5.299 Thread 0x0000026e3d6647d0 7096       3       java.util.Calendar::internalGet (7 bytes)
Event: 5.299 Thread 0x0000026e3d6647d0 nmethod 7096 0x0000026e272f7090 code [0x0000026e272f7240, 0x0000026e272f7380]
Event: 5.299 Thread 0x0000026e3d6647d0 7098       3       org.apache.maven.surefire.stream.EventDecoder::getEncodedMagicNumber (4 bytes)
Event: 5.299 Thread 0x0000026e3d6647d0 nmethod 7098 0x0000026e272f7490 code [0x0000026e272f7620, 0x0000026e272f7738]
Event: 5.299 Thread 0x0000026e3d6647d0 7099   !   3       org.apache.maven.surefire.stream.EventDecoder::decode (399 bytes)

GC Heap History (10 events):
Event: 0.485 GC heap before
{Heap before GC invocations=0 (full 0):
 garbage-first heap   total 262144K, used 22528K [0x0000000701400000, 0x0000000800000000)
  region size 2048K, 11 young (22528K), 0 survivors (0K)
 Metaspace       used 5666K, committed 5888K, reserved 1114112K
  class space    used 656K, committed 768K, reserved 1048576K
}
Event: 0.489 GC heap after
{Heap after GC invocations=1 (full 0):
 garbage-first heap   total 262144K, used 4096K [0x0000000701400000, 0x0000000800000000)
  region size 2048K, 2 young (4096K), 2 survivors (4096K)
 Metaspace       used 5666K, committed 5888K, reserved 1114112K
  class space    used 656K, committed 768K, reserved 1048576K
}
Event: 0.981 GC heap before
{Heap before GC invocations=1 (full 0):
 garbage-first heap   total 262144K, used 34816K [0x0000000701400000, 0x0000000800000000)
  region size 2048K, 17 young (34816K), 2 survivors (4096K)
 Metaspace       used 10471K, committed 10688K, reserved 1114112K
  class space    used 1254K, committed 1344K, reserved 1048576K
}
Event: 0.985 GC heap after
{Heap after GC invocations=2 (full 0):
 garbage-first heap   total 262144K, used 5980K [0x0000000701400000, 0x0000000800000000)
  region size 2048K, 2 young (4096K), 2 survivors (4096K)
 Metaspace       used 10471K, committed 10688K, reserved 1114112K
  class space    used 1254K, committed 1344K, reserved 1048576K
}
Event: 2.628 GC heap before
{Heap before GC invocations=2 (full 0):
 garbage-first heap   total 262144K, used 173916K [0x0000000701400000, 0x0000000800000000)
  region size 2048K, 66 young (135168K), 2 survivors (4096K)
 Metaspace       used 21240K, committed 21504K, reserved 1114112K
  class space    used 2460K, committed 2560K, reserved 1048576K
}
Event: 2.637 GC heap after
{Heap after GC invocations=3 (full 0):
 garbage-first heap   total 262144K, used 28448K [0x0000000701400000, 0x0000000800000000)
  region size 2048K, 9 young (18432K), 9 survivors (18432K)
 Metaspace       used 21240K, committed 21504K, reserved 1114112K
  class space    used 2460K, committed 2560K, reserved 1048576K
}
Event: 3.562 GC heap before
{Heap before GC invocations=4 (full 0):
 garbage-first heap   total 110592K, used 108320K [0x0000000701400000, 0x0000000800000000)
  region size 2048K, 46 young (94208K), 9 survivors (18432K)
 Metaspace       used 27720K, committed 28096K, reserved 1114112K
  class space    used 3190K, committed 3392K, reserved 1048576K
}
Event: 3.575 GC heap after
{Heap after GC invocations=5 (full 0):
 garbage-first heap   total 131072K, used 31484K [0x0000000701400000, 0x0000000800000000)
  region size 2048K, 4 young (8192K), 4 survivors (8192K)
 Metaspace       used 27720K, committed 28096K, reserved 1114112K
  class space    used 3190K, committed 3392K, reserved 1048576K
}
Event: 4.074 GC heap before
{Heap before GC invocations=5 (full 0):
 garbage-first heap   total 131072K, used 101116K [0x0000000701400000, 0x0000000800000000)
  region size 2048K, 38 young (77824K), 4 survivors (8192K)
 Metaspace       used 28128K, committed 28480K, reserved 1114112K
  class space    used 3200K, committed 3392K, reserved 1048576K
}
Event: 4.080 GC heap after
{Heap after GC invocations=6 (full 0):
 garbage-first heap   total 131072K, used 33210K [0x0000000701400000, 0x0000000800000000)
  region size 2048K, 3 young (6144K), 3 survivors (6144K)
 Metaspace       used 28128K, committed 28480K, reserved 1114112K
  class space    used 3200K, committed 3392K, reserved 1048576K
}

Dll operation events (8 events):
Event: 0.006 Loaded shared library C:\Program Files\Java\jdk-21\bin\java.dll
Event: 0.031 Loaded shared library C:\Program Files\Java\jdk-21\bin\jsvml.dll
Event: 0.044 Loaded shared library C:\Program Files\Java\jdk-21\bin\net.dll
Event: 0.045 Loaded shared library C:\Program Files\Java\jdk-21\bin\nio.dll
Event: 0.048 Loaded shared library C:\Program Files\Java\jdk-21\bin\zip.dll
Event: 0.139 Loaded shared library C:\Program Files\Java\jdk-21\bin\jimage.dll
Event: 0.145 Loaded shared library C:\Program Files\apache-maven-3.9.5\lib\jansi-native\Windows\x86_64\jansi.dll
Event: 0.155 Loaded shared library C:\Program Files\Java\jdk-21\bin\verify.dll

Deoptimization events (20 events):
Event: 4.347 Thread 0x0000026e06161780 Uncommon trap: trap_request=0xffffffc6 fr.pc=0x0000026e2e1536f8 relative=0x00000000000002b8
Event: 4.347 Thread 0x0000026e06161780 Uncommon trap: reason=bimorphic_or_optimized_type_check action=maybe_recompile pc=0x0000026e2e1536f8 method=java.util.regex.Matcher.getTextLength()I @ 4 c2
Event: 4.347 Thread 0x0000026e06161780 DEOPT PACKING pc=0x0000026e2e1536f8 sp=0x0000009d224ff2d0
Event: 4.347 Thread 0x0000026e06161780 DEOPT UNPACKING pc=0x0000026e2da646a2 sp=0x0000009d224ff200 mode 2
Event: 4.857 Thread 0x0000026e06a1e620 Uncommon trap: trap_request=0xffffffde fr.pc=0x0000026e2e248de0 relative=0x00000000000001a0
Event: 4.857 Thread 0x0000026e06a1e620 Uncommon trap: reason=class_check action=maybe_recompile pc=0x0000026e2e248de0 method=java.util.concurrent.locks.AbstractQueuedSynchronizer.acquireShared(I)V @ 2 c2
Event: 4.857 Thread 0x0000026e06a1e620 DEOPT PACKING pc=0x0000026e2e248de0 sp=0x0000009d226ff2c0
Event: 4.857 Thread 0x0000026e06a1e620 DEOPT UNPACKING pc=0x0000026e2da646a2 sp=0x0000009d226ff298 mode 2
Event: 5.094 Thread 0x0000026e06a1e620 Uncommon trap: trap_request=0xffffffde fr.pc=0x0000026e2e248de0 relative=0x00000000000001a0
Event: 5.094 Thread 0x0000026e06a1e620 Uncommon trap: reason=class_check action=maybe_recompile pc=0x0000026e2e248de0 method=java.util.concurrent.locks.AbstractQueuedSynchronizer.acquireShared(I)V @ 2 c2
Event: 5.094 Thread 0x0000026e06a1e620 DEOPT PACKING pc=0x0000026e2e248de0 sp=0x0000009d226ff2c0
Event: 5.094 Thread 0x0000026e06a1e620 DEOPT UNPACKING pc=0x0000026e2da646a2 sp=0x0000009d226ff298 mode 2
Event: 5.095 Thread 0x0000026e06161110 Uncommon trap: trap_request=0xffffffde fr.pc=0x0000026e2e30607c relative=0x000000000000065c
Event: 5.095 Thread 0x0000026e06161110 Uncommon trap: reason=class_check action=maybe_recompile pc=0x0000026e2e30607c method=java.util.HashMap.computeIfAbsent(Ljava/lang/Object;Ljava/util/function/Function;)Ljava/lang/Object; @ 286 c2
Event: 5.095 Thread 0x0000026e06161110 DEOPT PACKING pc=0x0000026e2e30607c sp=0x0000009d223fdea0
Event: 5.095 Thread 0x0000026e06161110 DEOPT UNPACKING pc=0x0000026e2da646a2 sp=0x0000009d223fde30 mode 2
Event: 5.195 Thread 0x0000026e06a1e620 Uncommon trap: trap_request=0xffffffde fr.pc=0x0000026e2e248de0 relative=0x00000000000001a0
Event: 5.196 Thread 0x0000026e06a1e620 Uncommon trap: reason=class_check action=maybe_recompile pc=0x0000026e2e248de0 method=java.util.concurrent.locks.AbstractQueuedSynchronizer.acquireShared(I)V @ 2 c2
Event: 5.196 Thread 0x0000026e06a1e620 DEOPT PACKING pc=0x0000026e2e248de0 sp=0x0000009d226ff2c0
Event: 5.196 Thread 0x0000026e06a1e620 DEOPT UNPACKING pc=0x0000026e2da646a2 sp=0x0000009d226ff298 mode 2

Classes loaded (20 events):
Event: 4.331 Loading class jdk/internal/logger/LoggerFinderLoader
Event: 4.332 Loading class jdk/internal/logger/LoggerFinderLoader done
Event: 4.332 Loading class sun/util/logging/internal/LoggingProviderImpl$JULWrapper
Event: 4.332 Loading class sun/util/logging/PlatformLogger$ConfigurableBridge$LoggerConfiguration
Event: 4.332 Loading class sun/util/logging/PlatformLogger$ConfigurableBridge$LoggerConfiguration done
Event: 4.332 Loading class sun/util/logging/internal/LoggingProviderImpl$JULWrapper done
Event: 4.332 Loading class java/lang/System$Logger$Level
Event: 4.332 Loading class java/lang/System$Logger$Level done
Event: 4.333 Loading class java/nio/channels/ClosedChannelException
Event: 4.333 Loading class java/nio/channels/ClosedChannelException done
Event: 4.334 Loading class java/nio/channels/NonReadableChannelException
Event: 4.334 Loading class java/nio/channels/NonReadableChannelException done
Event: 4.334 Loading class java/nio/channels/NonWritableChannelException
Event: 4.334 Loading class java/nio/channels/NonWritableChannelException done
Event: 4.343 Loading class java/util/Scanner
Event: 4.343 Loading class java/util/Scanner done
Event: 4.344 Loading class java/util/Scanner$PatternLRUCache
Event: 4.344 Loading class java/util/Scanner$PatternLRUCache done
Event: 5.295 Loading class java/util/concurrent/atomic/Striped64$1
Event: 5.295 Loading class java/util/concurrent/atomic/Striped64$1 done

Classes unloaded (0 events):
No events

Classes redefined (0 events):
No events

Internal exceptions (20 events):
Event: 3.830 Thread 0x0000026e1be8eda0 Exception <a 'sun/nio/fs/WindowsException'{0x0000000705314af8}> (0x0000000705314af8) 
thrown [s\open\src\hotspot\share\prims\jni.cpp, line 520]
Event: 3.830 Thread 0x0000026e1be8eda0 Exception <a 'sun/nio/fs/WindowsException'{0x00000007053155b0}> (0x00000007053155b0) 
thrown [s\open\src\hotspot\share\prims\jni.cpp, line 520]
Event: 3.830 Thread 0x0000026e1be8eda0 Exception <a 'sun/nio/fs/WindowsException'{0x0000000705317988}> (0x0000000705317988) 
thrown [s\open\src\hotspot\share\prims\jni.cpp, line 520]
Event: 3.830 Thread 0x0000026e1be8eda0 Exception <a 'sun/nio/fs/WindowsException'{0x0000000705318360}> (0x0000000705318360) 
thrown [s\open\src\hotspot\share\prims\jni.cpp, line 520]
Event: 3.831 Thread 0x0000026e1be8eda0 Exception <a 'sun/nio/fs/WindowsException'{0x0000000705321bb8}> (0x0000000705321bb8) 
thrown [s\open\src\hotspot\share\prims\jni.cpp, line 520]
Event: 3.831 Thread 0x0000026e1be8eda0 Exception <a 'sun/nio/fs/WindowsException'{0x0000000705338f40}> (0x0000000705338f40) 
thrown [s\open\src\hotspot\share\prims\jni.cpp, line 520]
Event: 3.831 Thread 0x0000026e1be8eda0 Exception <a 'sun/nio/fs/WindowsException'{0x00000007053399d8}> (0x00000007053399d8) 
thrown [s\open\src\hotspot\share\prims\jni.cpp, line 520]
Event: 3.831 Thread 0x0000026e1be8eda0 Exception <a 'sun/nio/fs/WindowsException'{0x000000070533c428}> (0x000000070533c428) 
thrown [s\open\src\hotspot\share\prims\jni.cpp, line 520]
Event: 3.831 Thread 0x0000026e1be8eda0 Exception <a 'sun/nio/fs/WindowsException'{0x000000070533ce28}> (0x000000070533ce28) 
thrown [s\open\src\hotspot\share\prims\jni.cpp, line 520]
Event: 3.831 Thread 0x0000026e1be8eda0 Exception <a 'sun/nio/fs/WindowsException'{0x000000070534c538}> (0x000000070534c538) 
thrown [s\open\src\hotspot\share\prims\jni.cpp, line 520]
Event: 3.832 Thread 0x0000026e1be8eda0 Exception <a 'sun/nio/fs/WindowsException'{0x0000000705370c00}> (0x0000000705370c00) 
thrown [s\open\src\hotspot\share\prims\jni.cpp, line 520]
Event: 3.832 Thread 0x0000026e1be8eda0 Exception <a 'sun/nio/fs/WindowsException'{0x00000007053716c0}> (0x00000007053716c0) 
thrown [s\open\src\hotspot\share\prims\jni.cpp, line 520]
Event: 3.841 Thread 0x0000026e1be8eda0 Exception <a 'sun/nio/fs/WindowsException'{0x00000007051fddc8}> (0x00000007051fddc8) 
thrown [s\open\src\hotspot\share\prims\jni.cpp, line 520]
Event: 4.128 Thread 0x0000026e0509d210 Exception <a 'java/lang/NoSuchMethodError'{0x0000000708c34ba8}: 'java.lang.Object java.lang.invoke.DirectMethodHandle$Holder.invokeStatic(java.lang.Object, long, java.lang.Object)'> (0x0000000708c34ba8) 
thrown [s\open\src\hotspot\share\interpreter\linkResolver.cpp, line 773]
Event: 4.129 Thread 0x0000026e0509d210 Exception <a 'java/lang/NoSuchMethodError'{0x0000000708c38080}: 'java.lang.Object java.lang.invoke.DirectMethodHandle$Holder.invokeStaticInit(java.lang.Object, long, java.lang.Object)'> (0x0000000708c38080) 
thrown [s\open\src\hotspot\share\interpreter\linkResolver.cpp, line 773]
Event: 4.129 Thread 0x0000026e0509d210 Exception <a 'java/lang/NoSuchMethodError'{0x0000000708c3d478}: 'java.lang.Object java.lang.invoke.DirectMethodHandle$Holder.newInvokeSpecial(java.lang.Object, long)'> (0x0000000708c3d478) 
thrown [s\open\src\hotspot\share\interpreter\linkResolver.cpp, line 773]
Event: 4.130 Thread 0x0000026e0509d210 Exception <a 'java/lang/NoSuchMethodError'{0x0000000708c418b8}: 'long java.lang.invoke.DirectMethodHandle$Holder.invokeInterface(java.lang.Object, java.lang.Object)'> (0x0000000708c418b8) 
thrown [s\open\src\hotspot\share\interpreter\linkResolver.cpp, line 773]
Event: 4.131 Thread 0x0000026e0509d210 Exception <a 'java/lang/NoSuchMethodError'{0x0000000708c44d70}: 'long java.lang.invoke.DelegatingMethodHandle$Holder.reinvoke_L(java.lang.Object, java.lang.Object)'> (0x0000000708c44d70) 
thrown [s\open\src\hotspot\share\interpreter\linkResolver.cpp, line 773]
Event: 4.172 Thread 0x0000026e1be8eda0 Exception <a 'java/lang/NoSuchMethodError'{0x0000000708bf1ca0}: 'java.lang.Object java.lang.invoke.DirectMethodHandle$Holder.invokeStaticInit(java.lang.Object, java.lang.Object, int, int, int, int)'> (0x0000000708bf1ca0) 
thrown [s\open\src\hotspot\share\interpreter\linkResolver.cpp, line 773]
Event: 4.330 Thread 0x0000026e1be8eda0 Exception <a 'java/lang/NoSuchMethodError'{0x00000007081c6a80}: 'void java.lang.invoke.DirectMethodHandle$Holder.invokeStatic(java.lang.Object, long)'> (0x00000007081c6a80) 
thrown [s\open\src\hotspot\share\interpreter\linkResolver.cpp, line 773]

ZGC Phase Switch (0 events):
No events

VM Operations (20 events):
Event: 3.562 Executing VM operation: G1CollectForAllocation (G1 Evacuation Pause)
Event: 3.575 Executing VM operation: G1CollectForAllocation (G1 Evacuation Pause) done
Event: 3.840 Executing VM operation: ICBufferFull
Event: 3.840 Executing VM operation: ICBufferFull done
Event: 4.074 Executing VM operation: G1CollectForAllocation (G1 Evacuation Pause)
Event: 4.080 Executing VM operation: G1CollectForAllocation (G1 Evacuation Pause) done
Event: 4.120 Executing VM operation: HandshakeAllThreads (Deoptimize)
Event: 4.120 Executing VM operation: HandshakeAllThreads (Deoptimize) done
Event: 4.141 Executing VM operation: HandshakeAllThreads (Deoptimize)
Event: 4.141 Executing VM operation: HandshakeAllThreads (Deoptimize) done
Event: 4.164 Executing VM operation: HandshakeAllThreads (Deoptimize)
Event: 4.164 Executing VM operation: HandshakeAllThreads (Deoptimize) done
Event: 4.288 Executing VM operation: HandshakeAllThreads (Deoptimize)
Event: 4.288 Executing VM operation: HandshakeAllThreads (Deoptimize) done
Event: 4.290 Executing VM operation: HandshakeAllThreads (Deoptimize)
Event: 4.290 Executing VM operation: HandshakeAllThreads (Deoptimize) done
Event: 4.290 Executing VM operation: HandshakeAllThreads (Deoptimize)
Event: 4.290 Executing VM operation: HandshakeAllThreads (Deoptimize) done
Event: 4.331 Executing VM operation: HandshakeAllThreads (Deoptimize)
Event: 4.331 Executing VM operation: HandshakeAllThreads (Deoptimize) done

Events (20 events):
Event: 0.029 Thread 0x0000026e3d659dc0 Thread added: 0x0000026e3d659dc0
Event: 0.029 Thread 0x0000026e3d65d840 Thread added: 0x0000026e3d65d840
Event: 0.029 Thread 0x0000026e3d65e2a0 Thread added: 0x0000026e3d65e2a0
Event: 0.029 Thread 0x0000026e3d65ed00 Thread added: 0x0000026e3d65ed00
Event: 0.029 Thread 0x0000026e3d661d20 Thread added: 0x0000026e3d661d20
Event: 0.030 Thread 0x0000026e3d6647d0 Thread added: 0x0000026e3d6647d0
Event: 0.039 Thread 0x0000026e3d8f4230 Thread added: 0x0000026e3d8f4230
Event: 0.041 Thread 0x0000026e3d8f4fb0 Thread added: 0x0000026e3d8f4fb0
Event: 0.312 Thread 0x0000026e7f34c890 Thread added: 0x0000026e7f34c890
Event: 0.459 Thread 0x0000026e04086350 Thread added: 0x0000026e04086350
Event: 4.122 Thread 0x0000026e0509d210 Thread added: 0x0000026e0509d210
Event: 4.132 Thread 0x0000026e0509d210 Thread exited: 0x0000026e0509d210
Event: 4.245 Thread 0x0000026e05218bd0 Thread added: 0x0000026e05218bd0
Event: 4.248 Thread 0x0000026e06d22090 Thread added: 0x0000026e06d22090
Event: 4.320 Thread 0x0000026e06161110 Thread added: 0x0000026e06161110
Event: 4.342 Thread 0x0000026e06161780 Thread added: 0x0000026e06161780
Event: 4.343 Thread 0x0000026e06cac6d0 Thread added: 0x0000026e06cac6d0
Event: 4.347 Thread 0x0000026e06a1e620 Thread added: 0x0000026e06a1e620
Event: 5.085 Thread 0x0000026e04086350 Thread exited: 0x0000026e04086350
Event: 5.085 Thread 0x0000026e7f34c890 Thread exited: 0x0000026e7f34c890


Dynamic libraries:
0x00007ff6d5270000 - 0x00007ff6d5280000 	C:\Program Files\Java\jdk-21\bin\java.exe
0x00007ffa903f0000 - 0x00007ffa905e7000 	C:\WINDOWS\SYSTEM32\ntdll.dll
0x00007ffa8f220000 - 0x00007ffa8f2dd000 	C:\WINDOWS\System32\KERNEL32.DLL
0x00007ffa8dd10000 - 0x00007ffa8e006000 	C:\WINDOWS\System32\KERNELBASE.dll
0x00007ffa8e0f0000 - 0x00007ffa8e1f0000 	C:\WINDOWS\System32\ucrtbase.dll
0x00007ffa61030000 - 0x00007ffa6104b000 	C:\Program Files\Java\jdk-21\bin\VCRUNTIME140.dll
0x00007ffa613b0000 - 0x00007ffa613c9000 	C:\Program Files\Java\jdk-21\bin\jli.dll
0x00007ffa8ed70000 - 0x00007ffa8ee1e000 	C:\WINDOWS\System32\ADVAPI32.dll
0x00007ffa901e0000 - 0x00007ffa9027e000 	C:\WINDOWS\System32\msvcrt.dll
0x00007ffa8f2e0000 - 0x00007ffa8f37c000 	C:\WINDOWS\System32\sechost.dll
0x00007ffa8ebb0000 - 0x00007ffa8ecd6000 	C:\WINDOWS\System32\RPCRT4.dll
0x00007ffa8f080000 - 0x00007ffa8f21e000 	C:\WINDOWS\System32\USER32.dll
0x00007ffa8e010000 - 0x00007ffa8e032000 	C:\WINDOWS\System32\win32u.dll
0x00007ffa75fa0000 - 0x00007ffa7623a000 	C:\WINDOWS\WinSxS\amd64_microsoft.windows.common-controls_6595b64144ccf1df_6.0.19041.3570_none_60bb2a3971f3e41a\COMCTL32.dll
0x00007ffa8ea10000 - 0x00007ffa8ea3c000 	C:\WINDOWS\System32\GDI32.dll
0x00007ffa8e330000 - 0x00007ffa8e44a000 	C:\WINDOWS\System32\gdi32full.dll
0x00007ffa8e1f0000 - 0x00007ffa8e28d000 	C:\WINDOWS\System32\msvcp_win.dll
0x00007ffa8b8c0000 - 0x00007ffa8b8ca000 	C:\WINDOWS\SYSTEM32\VERSION.dll
0x00007ffa8f380000 - 0x00007ffa8f3b0000 	C:\WINDOWS\System32\IMM32.DLL
0x00007ffa82240000 - 0x00007ffa8224c000 	C:\Program Files\Java\jdk-21\bin\vcruntime140_1.dll
0x00007ffa4a0b0000 - 0x00007ffa4a13e000 	C:\Program Files\Java\jdk-21\bin\msvcp140.dll
0x00007ffa354d0000 - 0x00007ffa361e3000 	C:\Program Files\Java\jdk-21\bin\server\jvm.dll
0x00007ffa8fee0000 - 0x00007ffa8ff4b000 	C:\WINDOWS\System32\WS2_32.dll
0x00007ffa8d040000 - 0x00007ffa8d08b000 	C:\WINDOWS\SYSTEM32\POWRPROF.dll
0x00007ffa7c4b0000 - 0x00007ffa7c4d7000 	C:\WINDOWS\SYSTEM32\WINMM.dll
0x00007ffa8ceb0000 - 0x00007ffa8cec2000 	C:\WINDOWS\SYSTEM32\UMPDC.dll
0x00007ffa8c2b0000 - 0x00007ffa8c2c2000 	C:\WINDOWS\SYSTEM32\kernel.appcore.dll
0x00007ffa78510000 - 0x00007ffa7851a000 	C:\Program Files\Java\jdk-21\bin\jimage.dll
0x00007ffa89000000 - 0x00007ffa891e4000 	C:\WINDOWS\SYSTEM32\DBGHELP.DLL
0x00007ffa70ee0000 - 0x00007ffa70f14000 	C:\WINDOWS\SYSTEM32\dbgcore.DLL
0x00007ffa8dc80000 - 0x00007ffa8dd02000 	C:\WINDOWS\System32\bcryptPrimitives.dll
0x00007ffa5e720000 - 0x00007ffa5e73f000 	C:\Program Files\Java\jdk-21\bin\java.dll
0x00007ffa8f770000 - 0x00007ffa8feb4000 	C:\WINDOWS\System32\SHELL32.dll
0x00007ffa8bb10000 - 0x00007ffa8c2ab000 	C:\WINDOWS\SYSTEM32\windows.storage.dll
0x00007ffa8f410000 - 0x00007ffa8f764000 	C:\WINDOWS\System32\combase.dll
0x00007ffa8d490000 - 0x00007ffa8d4bd000 	C:\WINDOWS\SYSTEM32\Wldp.dll
0x00007ffa8eaa0000 - 0x00007ffa8eb4d000 	C:\WINDOWS\System32\SHCORE.dll
0x00007ffa8eb50000 - 0x00007ffa8eba5000 	C:\WINDOWS\System32\shlwapi.dll
0x00007ffa8da00000 - 0x00007ffa8da25000 	C:\WINDOWS\SYSTEM32\profapi.dll
0x00007ffa46d10000 - 0x00007ffa46de7000 	C:\Program Files\Java\jdk-21\bin\jsvml.dll
0x00007ffa782c0000 - 0x00007ffa782d0000 	C:\Program Files\Java\jdk-21\bin\net.dll
0x00007ffa84570000 - 0x00007ffa8467a000 	C:\WINDOWS\SYSTEM32\WINHTTP.dll
0x00007ffa8d210000 - 0x00007ffa8d27a000 	C:\WINDOWS\system32\mswsock.dll
0x00007ffa5e1f0000 - 0x00007ffa5e206000 	C:\Program Files\Java\jdk-21\bin\nio.dll
0x00007ffa5d3d0000 - 0x00007ffa5d3e8000 	C:\Program Files\Java\jdk-21\bin\zip.dll
0x0000000069ac0000 - 0x0000000069ae4000 	C:\Program Files\apache-maven-3.9.5\lib\jansi-native\Windows\x86_64\jansi.dll
0x00007ffa75de0000 - 0x00007ffa75df0000 	C:\Program Files\Java\jdk-21\bin\verify.dll
0x00007ffa8d3f0000 - 0x00007ffa8d408000 	C:\WINDOWS\SYSTEM32\CRYPTSP.dll
0x00007ffa8cad0000 - 0x00007ffa8cb04000 	C:\WINDOWS\system32\rsaenh.dll
0x00007ffa8e290000 - 0x00007ffa8e2b7000 	C:\WINDOWS\System32\bcrypt.dll
0x00007ffa8d9c0000 - 0x00007ffa8d9ee000 	C:\WINDOWS\SYSTEM32\USERENV.dll
0x00007ffa8d3b0000 - 0x00007ffa8d3bc000 	C:\WINDOWS\SYSTEM32\CRYPTBASE.dll
0x00007ffa8ced0000 - 0x00007ffa8cf0b000 	C:\WINDOWS\SYSTEM32\IPHLPAPI.DLL
0x00007ffa8e460000 - 0x00007ffa8e468000 	C:\WINDOWS\System32\NSI.dll

dbghelp: loaded successfully - version: 4.0.5 - missing functions: none
symbol engine: initialized successfully - sym options: 0x614 - pdb path: .;C:\Program Files\Java\jdk-21\bin;C:\WINDOWS\SYSTEM32;C:\WINDOWS\WinSxS\amd64_microsoft.windows.common-controls_6595b64144ccf1df_6.0.19041.3570_none_60bb2a3971f3e41a;C:\Program Files\Java\jdk-21\bin\server;C:\Program Files\apache-maven-3.9.5\lib\jansi-native\Windows\x86_64

VM Arguments:
jvm_args: -Dclassworlds.conf=C:\Program Files\apache-maven-3.9.5\bin\m2.conf -Dmaven.home=C:\Program Files\apache-maven-3.9.5 -Dlibrary.jansi.path=C:\Program Files\apache-maven-3.9.5\lib\jansi-native -Dmaven.multiModuleProjectDirectory=C:\Users\peg2s\OneDrive\Documents\GitHub\Docu-view\server 
java_command: org.codehaus.plexus.classworlds.launcher.Launcher package -f pom.xml
java_class_path (initial): C:\Program Files\apache-maven-3.9.5\boot\plexus-classworlds-2.7.0.jar
Launcher Type: SUN_STANDARD

[Global flags]
     intx CICompilerCount                          = 4                                         {product} {ergonomic}
     uint ConcGCThreads                            = 3                                         {product} {ergonomic}
     uint G1ConcRefinementThreads                  = 10                                        {product} {ergonomic}
   size_t G1HeapRegionSize                         = 2097152                                   {product} {ergonomic}
    uintx GCDrainStackTargetSize                   = 64                                        {product} {ergonomic}
   size_t InitialHeapSize                          = 268435456                                 {product} {ergonomic}
   size_t MarkStackSize                            = 4194304                                   {product} {ergonomic}
   size_t MaxHeapSize                              = 4273995776                                {product} {ergonomic}
   size_t MaxNewSize                               = 2562719744                                {product} {ergonomic}
   size_t MinHeapDeltaBytes                        = 2097152                                   {product} {ergonomic}
   size_t MinHeapSize                              = 8388608                                   {product} {ergonomic}
    uintx NonNMethodCodeHeapSize                   = 5839372                                {pd product} {ergonomic}
    uintx NonProfiledCodeHeapSize                  = 122909434                              {pd product} {ergonomic}
    uintx ProfiledCodeHeapSize                     = 122909434                              {pd product} {ergonomic}
    uintx ReservedCodeCacheSize                    = 251658240                              {pd product} {ergonomic}
     bool SegmentedCodeCache                       = true                                      {product} {ergonomic}
   size_t SoftMaxHeapSize                          = 4273995776                             {manageable} {ergonomic}
     bool UseCompressedOops                        = true                           {product lp64_product} {ergonomic}
     bool UseG1GC                                  = true                                      {product} {ergonomic}
     bool UseLargePagesIndividualAllocation        = false                                  {pd product} {ergonomic}

Logging:
Log output configuration:
 #0: stdout all=warning uptime,level,tags foldmultilines=false
 #1: stderr all=off uptime,level,tags foldmultilines=false

Environment Variables:
JAVA_HOME=C:\Program Files\Java\jdk-21
PATH=C:\Python311\Scripts\;C:\Python311\;C:\Program Files\ImageMagick-7.1.0-Q16-HDRI;C:\Program Files\Common Files\Oracle\Java\javapath;C:\Program Files (x86)\Razer\ChromaBroadcast\bin;C:\Program Files\Razer\ChromaBroadcast\bin;C:\Perl64\bin;C:\Users\peg2s\AppData\Roaming\ActiveState\bin;C:\Program Files (x86)\Common Files\Intel\Shared Libraries\redist\intel64\compiler;C:\Windows\system32;C:\Windows;C:\Windows\System32\Wbem;C:\Windows\System32\WindowsPowerShell\v1.0\;C:\Windows\System32\OpenSSH\;C:\Program Files\NVIDIA Corporation\NVIDIA NvDLISR;C:\Program Files\Microsoft SQL Server\130\Tools\Binn\;C:\PHP7;D:\Matlab\R2020a\bin;C:\WINDOWS\system32;C:\WINDOWS;C:\WINDOWS\System32\Wbem;C:\WINDOWS\System32\WindowsPowerShell\v1.0\;C:\WINDOWS\System32\OpenSSH\;C:\Program Files\Wolfram Research\WolframScript\;C:\Program Files\PuTTY\;C:\Program Files\Git\cmd;C:\WINDOWS\system32\config\systemprofile\AppData\Local\Microsoft\WindowsApps;C:\WINDOWS\system32;C:\WINDOWS;C:\WINDOWS\System32\Wbem;C:\WINDOWS\System32\WindowsPowerShell\v1.0\;C:\WINDOWS\System32\OpenSSH\;C:\ffmpeg;C:\Program Files (x86)\NVIDIA Corporation\PhysX\Common;C:\Users\peg2s\AppData\Local\bin\NASM;C:\Users\peg2s\AppData\Local\Programs\Python\Python38;C:\Users\peg2s\AppData\Local\Programs\Python\Python38\Scripts;C:\Program Files\7-Zip;C:\MinGW\bin;C:\Program Files (x86)\GnuWin32\bin;C:\Program Files\nodejs\;C:\ProgramData\chocolatey\bin;C:\Program Files\dotnet\;C:\Users\peg2s\AppData\Roaming\Python\Python311\Scripts;C:\Program Files\Docker\Docker\resources\bin;C:\Strawberry\c\bin;C:\Strawberry\perl\site\bin;C:\Strawberry\perl\bin;C:\texlive\2022\bin;C:\Program Files (x86)\Microsoft SDKs\Windows\v7.0A\bin;C:\Program Files\apache-maven-3.9.5\bin;C:\Users\peg2s\AppData\Local\ActiveState\StateTool\release\bin;C:\Users\peg2s\.cargo\bin;C:\Users\peg2s\AppData\Local\activestate\cache\bin;C:\Users\peg;C:\Users\peg2s\AppData\Local\Programs\Microsoft VS Code\bin;C:\Users\peg2s\AppData\Roaming\npm;C:\texlive\2022\bin\win32;C:\Users\peg2s\AppData\Local\GitHubDesktop\bin
USERNAME=peg2s
LANG=en_US.UTF-8
OS=Windows_NT
PROCESSOR_IDENTIFIER=Intel64 Family 6 Model 158 Stepping 10, GenuineIntel
TMP=C:\Users\peg2s\AppData\Local\Temp
TEMP=C:\Users\peg2s\AppData\Local\Temp




---------------  S Y S T E M  ---------------

OS:
 Windows 10 , 64 bit Build 19041 (10.0.19041.3570)
OS uptime: 3 days 2:03 hours
Hyper-V role detected

CPU: total 12 (initial active 12) (6 cores per cpu, 2 threads per core) family 6 model 158 stepping 10 microcode 0xea, cx8, cmov, fxsr, ht, mmx, 3dnowpref, sse, sse2, sse3, ssse3, sse4.1, sse4.2, popcnt, lzcnt, tsc, tscinvbit, avx, avx2, aes, erms, clmul, bmi1, bmi2, adx, fma, vzeroupper, clflush, clflushopt, hv, rdtscp, f16c
Processor Information for all 12 processors :
  Max Mhz: 2592, Current Mhz: 2592, Mhz Limit: 2592

Memory: 4k page, system-wide physical 16303M (2273M free)
TotalPageFile size 23729M (AvailPageFile size 5M)
current process WorkingSet (physical memory assigned to process): 242M, peak: 299M
current process commit charge ("private bytes"): 282M, peak: 419M

vm_info: Java HotSpot(TM) 64-Bit Server VM (21+35-LTS-2513) for windows-amd64 JRE (21+35-LTS-2513), built on 2023-08-09T20:25:10Z by "mach5one" with MS VC++ 17.1 (VS2022)

END.
