#
# There is insufficient memory for the Java Runtime Environment to continue.
# Native memory allocation (malloc) failed to allocate 1487056 bytes for Chunk::new
# Possible reasons:
#   The system is out of physical RAM or swap space
#   The process is running with CompressedOops enabled, and the Java Heap may be blocking the growth of the native heap
# Possible solutions:
#   Reduce memory load on the system
#   Increase physical memory or swap space
#   Check if swap backing store is full
#   Decrease Java heap size (-Xmx/-Xms)
#   Decrease number of Java threads
#   Decrease Java thread stack sizes (-Xss)
#   Set larger code cache with -XX:ReservedCodeCacheSize=
#   JVM is running with Zero Based Compressed Oops mode in which the Java heap is
#     placed in the first 32GB address space. The Java Heap base address is the
#     maximum limit for the native heap growth. Please use -XX:HeapBaseMinAddress
#     to set the Java Heap base and to place the Java Heap above 32GB virtual address.
# This output file may be truncated or incomplete.
#
#  Out of Memory Error (arena.cpp:166), pid=5024, tid=14744
#
# JRE version: Java(TM) SE Runtime Environment (21.0+35) (build 21+35-LTS-2513)
# Java VM: Java HotSpot(TM) 64-Bit Server VM (21+35-LTS-2513, mixed mode, sharing, tiered, compressed oops, compressed class ptrs, g1 gc, windows-amd64)
# No core dump will be written. Minidumps are not enabled by default on client versions of Windows
#

---------------  S U M M A R Y ------------

Command Line: C:\Users\peg2s\AppData\Local\Temp\surefire15344855970750942212\surefirebooter-20231018231815799_3.jar C:\Users\peg2s\AppData\Local\Temp\surefire15344855970750942212 2023-10-18T23-18-15_662-jvmRun1 surefire-20231018231815799_1tmp surefire_0-20231018231815799_2tmp

Host: Intel(R) Core(TM) i7-9750H CPU @ 2.60GHz, 12 cores, 15G,  Windows 10 , 64 bit Build 19041 (10.0.19041.3570)
Time: Wed Oct 18 23:18:20 2023 Eastern Daylight Time elapsed time: 4.851755 seconds (0d 0h 0m 4s)

---------------  T H R E A D  ---------------

Current thread (0x000002fb7785ee50):  JavaThread "C2 CompilerThread0" daemon [_thread_in_native, id=14744, stack(0x000000ffa1000000,0x000000ffa1100000) (1024K)]


Current CompileTask:
C2:   4851 4486       4       org.springframework.core.annotation.AnnotationsScanner::process (55 bytes)

Stack: [0x000000ffa1000000,0x000000ffa1100000]
Native frames: (J=compiled Java code, j=interpreted, Vv=VM code, C=native code)
V  [jvm.dll+0x6c8d39]
V  [jvm.dll+0x854091]
V  [jvm.dll+0x85630e]
V  [jvm.dll+0x8569e3]
V  [jvm.dll+0x2809a6]
V  [jvm.dll+0xc3e6d]
V  [jvm.dll+0xc4383]
V  [jvm.dll+0x3b54e2]
V  [jvm.dll+0x382245]
V  [jvm.dll+0x3816ba]
V  [jvm.dll+0x249800]
V  [jvm.dll+0x248de1]
V  [jvm.dll+0x1c9b91]
V  [jvm.dll+0x2583e9]
V  [jvm.dll+0x2569ca]
V  [jvm.dll+0x3eef66]
V  [jvm.dll+0x7fd2c8]
V  [jvm.dll+0x6c748d]
C  [ucrtbase.dll+0x21bb2]
C  [KERNEL32.DLL+0x17344]
C  [ntdll.dll+0x526b1]


---------------  P R O C E S S  ---------------

Threads class SMR info:
_java_thread_list=0x000002fb7eb55a90, length=18, elements={
0x000002fb5829d930, 0x000002fb77856a30, 0x000002fb77858170, 0x000002fb77859de0,
0x000002fb7785c850, 0x000002fb77862b80, 0x000002fb778635e0, 0x000002fb7785ee50,
0x000002fb77897ca0, 0x000002fb77b22230, 0x000002fb77b262c0, 0x000002fb77c63440,
0x000002fb7c27a110, 0x000002fb7f2aa110, 0x000002fb77d18050, 0x000002fb7f7786f0,
0x000002fb7e5ab350, 0x000002fb7f5d2670
}

Java Threads: ( => current thread )
  0x000002fb5829d930 JavaThread "main"                              [_thread_in_native, id=2096, stack(0x000000ffa0200000,0x000000ffa0300000) (1024K)]
  0x000002fb77856a30 JavaThread "Reference Handler"          daemon [_thread_blocked, id=23840, stack(0x000000ffa0a00000,0x000000ffa0b00000) (1024K)]
  0x000002fb77858170 JavaThread "Finalizer"                  daemon [_thread_blocked, id=18972, stack(0x000000ffa0b00000,0x000000ffa0c00000) (1024K)]
  0x000002fb77859de0 JavaThread "Signal Dispatcher"          daemon [_thread_blocked, id=17816, stack(0x000000ffa0c00000,0x000000ffa0d00000) (1024K)]
  0x000002fb7785c850 JavaThread "Attach Listener"            daemon [_thread_blocked, id=23912, stack(0x000000ffa0d00000,0x000000ffa0e00000) (1024K)]
  0x000002fb77862b80 JavaThread "Service Thread"             daemon [_thread_blocked, id=28056, stack(0x000000ffa0e00000,0x000000ffa0f00000) (1024K)]
  0x000002fb778635e0 JavaThread "Monitor Deflation Thread"   daemon [_thread_blocked, id=21356, stack(0x000000ffa0f00000,0x000000ffa1000000) (1024K)]
=>0x000002fb7785ee50 JavaThread "C2 CompilerThread0"         daemon [_thread_in_native, id=14744, stack(0x000000ffa1000000,0x000000ffa1100000) (1024K)]
  0x000002fb77897ca0 JavaThread "C1 CompilerThread0"         daemon [_thread_blocked, id=22352, stack(0x000000ffa1100000,0x000000ffa1200000) (1024K)]
  0x000002fb77b22230 JavaThread "Notification Thread"        daemon [_thread_blocked, id=11400, stack(0x000000ffa1200000,0x000000ffa1300000) (1024K)]
  0x000002fb77b262c0 JavaThread "Common-Cleaner"             daemon [_thread_blocked, id=15540, stack(0x000000ffa1300000,0x000000ffa1400000) (1024K)]
  0x000002fb77c63440 JavaThread "surefire-forkedjvm-stream-flusher" daemon [_thread_blocked, id=18044, stack(0x000000ffa1600000,0x000000ffa1700000) (1024K)]
  0x000002fb7c27a110 JavaThread "surefire-forkedjvm-command-thread" daemon [_thread_in_native, id=26124, stack(0x000000ffa1700000,0x000000ffa1800000) (1024K)]
  0x000002fb7f2aa110 JavaThread "mysql-cj-abandoned-connection-cleanup" daemon [_thread_blocked, id=22132, stack(0x000000ffa2300000,0x000000ffa2400000) (1024K)]
  0x000002fb77d18050 JavaThread "HikariPool-1 housekeeper"   daemon [_thread_blocked, id=19028, stack(0x000000ffa1400000,0x000000ffa1500000) (1024K)]
  0x000002fb7f7786f0 JavaThread "C2 CompilerThread1"         daemon [_thread_blocked, id=27332, stack(0x000000ffa1500000,0x000000ffa1600000) (1024K)]
  0x000002fb7e5ab350 JavaThread "HikariPool-1 connection adder" daemon [_thread_blocked, id=27728, stack(0x000000ffa2500000,0x000000ffa2600000) (1024K)]
  0x000002fb7f5d2670 JavaThread "C2 CompilerThread2"         daemon [_thread_blocked, id=12292, stack(0x000000ffa2600000,0x000000ffa2700000) (1024K)]
Total: 18

Other Threads:
  0x000002fb77834120 VMThread "VM Thread"                           [id=29616, stack(0x000000ffa0900000,0x000000ffa0a00000) (1024K)]
  0x000002fb7781e400 WatcherThread "VM Periodic Task Thread"        [id=884, stack(0x000000ffa0800000,0x000000ffa0900000) (1024K)]
  0x000002fb582ffc00 WorkerThread "GC Thread#0"                     [id=6600, stack(0x000000ffa0300000,0x000000ffa0400000) (1024K)]
  0x000002fb7c951bc0 WorkerThread "GC Thread#1"                     [id=25588, stack(0x000000ffa1800000,0x000000ffa1900000) (1024K)]
  0x000002fb7c951f60 WorkerThread "GC Thread#2"                     [id=21832, stack(0x000000ffa1900000,0x000000ffa1a00000) (1024K)]
  0x000002fb7c952300 WorkerThread "GC Thread#3"                     [id=29048, stack(0x000000ffa1a00000,0x000000ffa1b00000) (1024K)]
  0x000002fb7c9526a0 WorkerThread "GC Thread#4"                     [id=27048, stack(0x000000ffa1b00000,0x000000ffa1c00000) (1024K)]
  0x000002fb7c94cc60 WorkerThread "GC Thread#5"                     [id=24476, stack(0x000000ffa1c00000,0x000000ffa1d00000) (1024K)]
  0x000002fb7c959c90 WorkerThread "GC Thread#6"                     [id=25108, stack(0x000000ffa1d00000,0x000000ffa1e00000) (1024K)]
  0x000002fb7c95b250 WorkerThread "GC Thread#7"                     [id=28248, stack(0x000000ffa1e00000,0x000000ffa1f00000) (1024K)]
  0x000002fb7c95a030 WorkerThread "GC Thread#8"                     [id=22648, stack(0x000000ffa1f00000,0x000000ffa2000000) (1024K)]
  0x000002fb7c9598f0 WorkerThread "GC Thread#9"                     [id=26560, stack(0x000000ffa2000000,0x000000ffa2100000) (1024K)]
  0x000002fb58310c50 ConcurrentGCThread "G1 Main Marker"            [id=17940, stack(0x000000ffa0400000,0x000000ffa0500000) (1024K)]
  0x000002fb58311ef0 WorkerThread "G1 Conc#0"                       [id=29292, stack(0x000000ffa0500000,0x000000ffa0600000) (1024K)]
  0x000002fb7c95a770 WorkerThread "G1 Conc#1"                       [id=28368, stack(0x000000ffa2100000,0x000000ffa2200000) (1024K)]
  0x000002fb7c95aeb0 WorkerThread "G1 Conc#2"                       [id=17828, stack(0x000000ffa2200000,0x000000ffa2300000) (1024K)]
  0x000002fb776df140 ConcurrentGCThread "G1 Refine#0"               [id=26852, stack(0x000000ffa0600000,0x000000ffa0700000) (1024K)]
  0x000002fb776dfcb0 ConcurrentGCThread "G1 Service"                [id=20428, stack(0x000000ffa0700000,0x000000ffa0800000) (1024K)]
Total: 18

Threads with active compile tasks:
C2 CompilerThread0     4873 4486       4       org.springframework.core.annotation.AnnotationsScanner::process (55 bytes)
Total: 1

VM state: not at safepoint (normal execution)

VM Mutex/Monitor currently owned by a thread: None

Heap address: 0x0000000701400000, size: 4076 MB, Compressed Oops mode: Zero based, Oop shift amount: 3

CDS archive(s) mapped at: [0x000002fb00000000-0x000002fb00c90000-0x000002fb00c90000), size 13172736, SharedBaseAddress: 0x000002fb00000000, ArchiveRelocationMode: 1.
Compressed class space mapped at: 0x000002fb01000000-0x000002fb41000000, reserved size: 1073741824
Narrow klass base: 0x000002fb00000000, Narrow klass shift: 0, Narrow klass range: 0x100000000

GC Precious Log:
 CardTable entry size: 512
 Card Set container configuration: InlinePtr #cards 4 size 8 Array Of Cards #cards 16 size 48 Howl #buckets 8 coarsen threshold 3686 Howl Bitmap #cards 512 size 80 coarsen threshold 460 Card regions per heap region 1 cards per card region 4096
 CPUs: 12 total, 12 available
 Memory: 16303M
 Large Page Support: Disabled
 NUMA Support: Disabled
 Compressed Oops: Enabled (Zero based)
 Heap Region Size: 2M
 Heap Min Capacity: 8M
 Heap Initial Capacity: 256M
 Heap Max Capacity: 4076M
 Pre-touch: Disabled
 Parallel Workers: 10
 Concurrent Workers: 3
 Concurrent Refinement Workers: 10
 Periodic GC: Disabled

Heap:
 garbage-first heap   total 65536K, used 36995K [0x0000000701400000, 0x0000000800000000)
  region size 2048K, 11 young (22528K), 3 survivors (6144K)
 Metaspace       used 52685K, committed 53248K, reserved 1114112K
  class space    used 6977K, committed 7232K, reserved 1048576K

Heap Regions: E=young(eden), S=young(survivor), O=old, HS=humongous(starts), HC=humongous(continues), CS=collection set, F=free, TAMS=top-at-mark-start, PB=parsable bottom
|   0|0x0000000701400000, 0x0000000701600000, 0x0000000701600000|100%| O|  |TAMS 0x0000000701400000| PB 0x0000000701400000| Untracked 
|   1|0x0000000701600000, 0x0000000701800000, 0x0000000701800000|100%| O|  |TAMS 0x0000000701600000| PB 0x0000000701600000| Untracked 
|   2|0x0000000701800000, 0x0000000701a00000, 0x0000000701a00000|100%| O|  |TAMS 0x0000000701800000| PB 0x0000000701800000| Untracked 
|   3|0x0000000701a00000, 0x0000000701b6f358, 0x0000000701c00000| 71%| O|  |TAMS 0x0000000701a00000| PB 0x0000000701a00000| Untracked 
|   4|0x0000000701c00000, 0x0000000701e00000, 0x0000000701e00000|100%| O|  |TAMS 0x0000000701c00000| PB 0x0000000701c00000| Untracked 
|   5|0x0000000701e00000, 0x0000000702000000, 0x0000000702000000|100%| O|  |TAMS 0x0000000701e00000| PB 0x0000000701e00000| Untracked 
|   6|0x0000000702000000, 0x0000000702200000, 0x0000000702200000|100%| O|  |TAMS 0x0000000702000000| PB 0x0000000702000000| Untracked 
|   7|0x0000000702200000, 0x0000000702400000, 0x0000000702400000|100%| O|  |TAMS 0x0000000702200000| PB 0x0000000702200000| Untracked 
|   8|0x0000000702400000, 0x0000000702600000, 0x0000000702600000|100%| O|  |TAMS 0x0000000702400000| PB 0x0000000702400000| Untracked 
|   9|0x0000000702600000, 0x0000000702600000, 0x0000000702800000|  0%| F|  |TAMS 0x0000000702600000| PB 0x0000000702600000| Untracked 
|  10|0x0000000702800000, 0x0000000702800000, 0x0000000702a00000|  0%| F|  |TAMS 0x0000000702800000| PB 0x0000000702800000| Untracked 
|  11|0x0000000702a00000, 0x0000000702a00000, 0x0000000702c00000|  0%| F|  |TAMS 0x0000000702a00000| PB 0x0000000702a00000| Untracked 
|  12|0x0000000702c00000, 0x0000000702c00000, 0x0000000702e00000|  0%| F|  |TAMS 0x0000000702c00000| PB 0x0000000702c00000| Untracked 
|  13|0x0000000702e00000, 0x0000000702e00000, 0x0000000703000000|  0%| F|  |TAMS 0x0000000702e00000| PB 0x0000000702e00000| Untracked 
|  14|0x0000000703000000, 0x00000007030b1bf0, 0x0000000703200000| 34%| S|CS|TAMS 0x0000000703000000| PB 0x0000000703000000| Complete 
|  15|0x0000000703200000, 0x0000000703400000, 0x0000000703400000|100%| S|CS|TAMS 0x0000000703200000| PB 0x0000000703200000| Complete 
|  16|0x0000000703400000, 0x0000000703600000, 0x0000000703600000|100%| S|CS|TAMS 0x0000000703400000| PB 0x0000000703400000| Complete 
|  17|0x0000000703600000, 0x0000000703600000, 0x0000000703800000|  0%| F|  |TAMS 0x0000000703600000| PB 0x0000000703600000| Untracked 
|  18|0x0000000703800000, 0x0000000703800000, 0x0000000703a00000|  0%| F|  |TAMS 0x0000000703800000| PB 0x0000000703800000| Untracked 
|  19|0x0000000703a00000, 0x0000000703a00000, 0x0000000703c00000|  0%| F|  |TAMS 0x0000000703a00000| PB 0x0000000703a00000| Untracked 
|  20|0x0000000703c00000, 0x0000000703c00000, 0x0000000703e00000|  0%| F|  |TAMS 0x0000000703c00000| PB 0x0000000703c00000| Untracked 
|  21|0x0000000703e00000, 0x0000000703e00000, 0x0000000704000000|  0%| F|  |TAMS 0x0000000703e00000| PB 0x0000000703e00000| Untracked 
|  22|0x0000000704000000, 0x0000000704000000, 0x0000000704200000|  0%| F|  |TAMS 0x0000000704000000| PB 0x0000000704000000| Untracked 
|  23|0x0000000704200000, 0x0000000704200000, 0x0000000704400000|  0%| F|  |TAMS 0x0000000704200000| PB 0x0000000704200000| Untracked 
|  24|0x0000000704400000, 0x00000007045b9a38, 0x0000000704600000| 86%| E|  |TAMS 0x0000000704400000| PB 0x0000000704400000| Complete 
|  25|0x0000000704600000, 0x0000000704800000, 0x0000000704800000|100%| E|CS|TAMS 0x0000000704600000| PB 0x0000000704600000| Complete 
|  26|0x0000000704800000, 0x0000000704a00000, 0x0000000704a00000|100%| E|CS|TAMS 0x0000000704800000| PB 0x0000000704800000| Complete 
|  27|0x0000000704a00000, 0x0000000704c00000, 0x0000000704c00000|100%| E|CS|TAMS 0x0000000704a00000| PB 0x0000000704a00000| Complete 
| 101|0x000000070de00000, 0x000000070e000000, 0x000000070e000000|100%| E|CS|TAMS 0x000000070de00000| PB 0x000000070de00000| Complete 
| 102|0x000000070e000000, 0x000000070e200000, 0x000000070e200000|100%| E|CS|TAMS 0x000000070e000000| PB 0x000000070e000000| Complete 
| 103|0x000000070e200000, 0x000000070e400000, 0x000000070e400000|100%| E|CS|TAMS 0x000000070e200000| PB 0x000000070e200000| Complete 
| 127|0x0000000711200000, 0x0000000711400000, 0x0000000711400000|100%| E|CS|TAMS 0x0000000711200000| PB 0x0000000711200000| Complete 

Card table byte_map: [0x000002fb70450000,0x000002fb70c50000] _byte_map_base: 0x000002fb6cc46000

Marking Bits: (CMBitMap*) 0x000002fb58300300
 Bits: [0x000002fb70c50000, 0x000002fb74c00000)

Polling page: 0x000002fb56150000

Metaspace:

Usage:
  Non-class:     44.64 MB used.
      Class:      6.81 MB used.
       Both:     51.45 MB used.

Virtual space:
  Non-class space:       64.00 MB reserved,      44.94 MB ( 70%) committed,  1 nodes.
      Class space:        1.00 GB reserved,       7.06 MB ( <1%) committed,  1 nodes.
             Both:        1.06 GB reserved,      52.00 MB (  5%) committed. 

Chunk freelists:
   Non-Class:  2.42 MB
       Class:  8.91 MB
        Both:  11.33 MB

MaxMetaspaceSize: unlimited
CompressedClassSpaceSize: 1.00 GB
Initial GC threshold: 21.00 MB
Current GC threshold: 59.31 MB
CDS: on
 - commit_granule_bytes: 65536.
 - commit_granule_words: 8192.
 - virtual_space_node_default_size: 8388608.
 - enlarge_chunks_in_place: 1.
 - use_allocation_guard: 0.


Internal statistics:

num_allocs_failed_limit: 9.
num_arena_births: 728.
num_arena_deaths: 0.
num_vsnodes_births: 2.
num_vsnodes_deaths: 0.
num_space_committed: 832.
num_space_uncommitted: 0.
num_chunks_returned_to_freelist: 9.
num_chunks_taken_from_freelist: 2546.
num_chunk_merges: 9.
num_chunk_splits: 1794.
num_chunks_enlarged: 1356.
num_inconsistent_stats: 0.

CodeHeap 'non-profiled nmethods': size=120000Kb used=2984Kb max_used=2984Kb free=117015Kb
 bounds [0x000002fb681d0000, 0x000002fb684c0000, 0x000002fb6f700000]
CodeHeap 'profiled nmethods': size=120000Kb used=8696Kb max_used=8696Kb free=111303Kb
 bounds [0x000002fb60700000, 0x000002fb60f80000, 0x000002fb67c30000]
CodeHeap 'non-nmethods': size=5760Kb used=1596Kb max_used=1682Kb free=4163Kb
 bounds [0x000002fb67c30000, 0x000002fb67ea0000, 0x000002fb681d0000]
 total_blobs=5029 nmethods=4382 adapters=551
 compilation: enabled
              stopped_count=0, restarted_count=0
 full_count=0

Compilation events (20 events):
Event: 4.798 Thread 0x000002fb7f7786f0 nmethod 4506 0x000002fb684b2510 code [0x000002fb684b26a0, 0x000002fb684b2728]
Event: 4.798 Thread 0x000002fb7f7786f0 4423       4       org.springframework.core.annotation.TypeMappedAnnotations::from (27 bytes)
Event: 4.800 Thread 0x000002fb7f5d2670 nmethod 4596 0x000002fb684b2810 code [0x000002fb684b29a0, 0x000002fb684b2b88]
Event: 4.800 Thread 0x000002fb7f5d2670 4424       4       org.springframework.core.annotation.AnnotationsScanner::isKnownEmpty (63 bytes)
Event: 4.809 Thread 0x000002fb77897ca0 4720       3       sun.nio.ch.NioSocketImpl::ensureOpenAndConnected (36 bytes)
Event: 4.809 Thread 0x000002fb77897ca0 nmethod 4720 0x000002fb60f7d610 code [0x000002fb60f7d7e0, 0x000002fb60f7db30]
Event: 4.817 Thread 0x000002fb7f5d2670 nmethod 4424 0x000002fb684b2d10 code [0x000002fb684b2fe0, 0x000002fb684b4080]
Event: 4.818 Thread 0x000002fb7f5d2670 4283   !   4       jdk.internal.loader.URLClassPath$JarLoader::checkResource (73 bytes)
Event: 4.819 Thread 0x000002fb7f7786f0 nmethod 4423 0x000002fb684b4c10 code [0x000002fb684b4f00, 0x000002fb684b6358]
Event: 4.819 Thread 0x000002fb7f7786f0 4604       4       java.util.Collections::emptyMap (4 bytes)
Event: 4.819 Thread 0x000002fb7f7786f0 nmethod 4604 0x000002fb684b7210 code [0x000002fb684b73a0, 0x000002fb684b7410]
Event: 4.819 Thread 0x000002fb7f7786f0 4499       4       sun.reflect.generics.parser.SignatureParser::mark (9 bytes)
Event: 4.819 Thread 0x000002fb7f7786f0 nmethod 4499 0x000002fb684b7510 code [0x000002fb684b76a0, 0x000002fb684b7730]
Event: 4.819 Thread 0x000002fb7f7786f0 4706       4       java.lang.invoke.MethodHandleStatics::dumper (4 bytes)
Event: 4.820 Thread 0x000002fb7f7786f0 nmethod 4706 0x000002fb684b7810 code [0x000002fb684b79a0, 0x000002fb684b7a10]
Event: 4.820 Thread 0x000002fb7f7786f0 4683       4       org.springframework.boot.autoconfigure.condition.ConditionEvaluationReport::lambda$addNoMatchOutcomeToAncestors$1 (41 bytes)
Event: 4.826 Thread 0x000002fb7f5d2670 nmethod 4283 0x000002fb684b7b10 code [0x000002fb684b7d20, 0x000002fb684b8420]
Event: 4.829 Thread 0x000002fb7f7786f0 nmethod 4683 0x000002fb684b8990 code [0x000002fb684b8be0, 0x000002fb684b9488]
Event: 4.841 Thread 0x000002fb77897ca0 4721       3       java.nio.ByteBuffer::flip (7 bytes)
Event: 4.841 Thread 0x000002fb77897ca0 nmethod 4721 0x000002fb60f7dc90 code [0x000002fb60f7de40, 0x000002fb60f7dfc0]

GC Heap History (16 events):
Event: 0.444 GC heap before
{Heap before GC invocations=0 (full 0):
 garbage-first heap   total 262144K, used 20480K [0x0000000701400000, 0x0000000800000000)
  region size 2048K, 11 young (22528K), 0 survivors (0K)
 Metaspace       used 4816K, committed 4992K, reserved 1114112K
  class space    used 570K, committed 640K, reserved 1048576K
}
Event: 0.448 GC heap after
{Heap after GC invocations=1 (full 0):
 garbage-first heap   total 262144K, used 7448K [0x0000000701400000, 0x0000000800000000)
  region size 2048K, 2 young (4096K), 2 survivors (4096K)
 Metaspace       used 4816K, committed 4992K, reserved 1114112K
  class space    used 570K, committed 640K, reserved 1048576K
}
Event: 0.985 GC heap before
{Heap before GC invocations=1 (full 0):
 garbage-first heap   total 262144K, used 32024K [0x0000000701400000, 0x0000000800000000)
  region size 2048K, 14 young (28672K), 2 survivors (4096K)
 Metaspace       used 11632K, committed 11904K, reserved 1114112K
  class space    used 1486K, committed 1600K, reserved 1048576K
}
Event: 0.989 GC heap after
{Heap after GC invocations=2 (full 0):
 garbage-first heap   total 262144K, used 9727K [0x0000000701400000, 0x0000000800000000)
  region size 2048K, 2 young (4096K), 2 survivors (4096K)
 Metaspace       used 11632K, committed 11904K, reserved 1114112K
  class space    used 1486K, committed 1600K, reserved 1048576K
}
Event: 1.640 GC heap before
{Heap before GC invocations=2 (full 0):
 garbage-first heap   total 262144K, used 50687K [0x0000000701400000, 0x0000000800000000)
  region size 2048K, 24 young (49152K), 2 survivors (4096K)
 Metaspace       used 21168K, committed 21504K, reserved 1114112K
  class space    used 2690K, committed 2880K, reserved 1048576K
}
Event: 1.644 GC heap after
{Heap after GC invocations=3 (full 0):
 garbage-first heap   total 262144K, used 12856K [0x0000000701400000, 0x0000000800000000)
  region size 2048K, 3 young (6144K), 3 survivors (6144K)
 Metaspace       used 21168K, committed 21504K, reserved 1114112K
  class space    used 2690K, committed 2880K, reserved 1048576K
}
Event: 2.470 GC heap before
{Heap before GC invocations=4 (full 0):
 garbage-first heap   total 55296K, used 53816K [0x0000000701400000, 0x0000000800000000)
  region size 2048K, 23 young (47104K), 3 survivors (6144K)
 Metaspace       used 27068K, committed 27456K, reserved 1114112K
  class space    used 3547K, committed 3712K, reserved 1048576K
}
Event: 2.477 GC heap after
{Heap after GC invocations=5 (full 0):
 garbage-first heap   total 65536K, used 16530K [0x0000000701400000, 0x0000000800000000)
  region size 2048K, 5 young (10240K), 5 survivors (10240K)
 Metaspace       used 27068K, committed 27456K, reserved 1114112K
  class space    used 3547K, committed 3712K, reserved 1048576K
}
Event: 3.315 GC heap before
{Heap before GC invocations=5 (full 0):
 garbage-first heap   total 65536K, used 32914K [0x0000000701400000, 0x0000000800000000)
  region size 2048K, 14 young (28672K), 5 survivors (10240K)
 Metaspace       used 35575K, committed 35968K, reserved 1114112K
  class space    used 4486K, committed 4672K, reserved 1048576K
}
Event: 3.323 GC heap after
{Heap after GC invocations=6 (full 0):
 garbage-first heap   total 65536K, used 18823K [0x0000000701400000, 0x0000000800000000)
  region size 2048K, 2 young (4096K), 2 survivors (4096K)
 Metaspace       used 35575K, committed 35968K, reserved 1114112K
  class space    used 4486K, committed 4672K, reserved 1048576K
}
Event: 3.348 GC heap before
{Heap before GC invocations=6 (full 0):
 garbage-first heap   total 65536K, used 18823K [0x0000000701400000, 0x0000000800000000)
  region size 2048K, 3 young (6144K), 2 survivors (4096K)
 Metaspace       used 35870K, committed 36288K, reserved 1114112K
  class space    used 4524K, committed 4736K, reserved 1048576K
}
Event: 3.352 GC heap after
{Heap after GC invocations=7 (full 0):
 garbage-first heap   total 65536K, used 17805K [0x0000000701400000, 0x0000000800000000)
  region size 2048K, 2 young (4096K), 2 survivors (4096K)
 Metaspace       used 35870K, committed 36288K, reserved 1114112K
  class space    used 4524K, committed 4736K, reserved 1048576K
}
Event: 3.990 GC heap before
{Heap before GC invocations=8 (full 0):
 garbage-first heap   total 65536K, used 48525K [0x0000000701400000, 0x0000000800000000)
  region size 2048K, 18 young (36864K), 2 survivors (4096K)
 Metaspace       used 44378K, committed 44800K, reserved 1114112K
  class space    used 5780K, committed 5952K, reserved 1048576K
}
Event: 3.995 GC heap after
{Heap after GC invocations=9 (full 0):
 garbage-first heap   total 65536K, used 19756K [0x0000000701400000, 0x0000000800000000)
  region size 2048K, 3 young (6144K), 3 survivors (6144K)
 Metaspace       used 44378K, committed 44800K, reserved 1114112K
  class space    used 5780K, committed 5952K, reserved 1048576K
}
Event: 4.504 GC heap before
{Heap before GC invocations=9 (full 0):
 garbage-first heap   total 65536K, used 50476K [0x0000000701400000, 0x0000000800000000)
  region size 2048K, 18 young (36864K), 3 survivors (6144K)
 Metaspace       used 50180K, committed 50688K, reserved 1114112K
  class space    used 6680K, committed 6912K, reserved 1048576K
}
Event: 4.511 GC heap after
{Heap after GC invocations=10 (full 0):
 garbage-first heap   total 65536K, used 22659K [0x0000000701400000, 0x0000000800000000)
  region size 2048K, 3 young (6144K), 3 survivors (6144K)
 Metaspace       used 50180K, committed 50688K, reserved 1114112K
  class space    used 6680K, committed 6912K, reserved 1048576K
}

Dll operation events (11 events):
Event: 0.006 Loaded shared library C:\Program Files\Java\jdk-21\bin\java.dll
Event: 0.031 Loaded shared library C:\Program Files\Java\jdk-21\bin\jsvml.dll
Event: 0.043 Loaded shared library C:\Program Files\Java\jdk-21\bin\net.dll
Event: 0.045 Loaded shared library C:\Program Files\Java\jdk-21\bin\nio.dll
Event: 0.047 Loaded shared library C:\Program Files\Java\jdk-21\bin\zip.dll
Event: 0.084 Loaded shared library C:\Program Files\Java\jdk-21\bin\management.dll
Event: 0.088 Loaded shared library C:\Program Files\Java\jdk-21\bin\management_ext.dll
Event: 0.099 Loaded shared library C:\Program Files\Java\jdk-21\bin\jimage.dll
Event: 2.620 Loaded shared library C:\Program Files\Java\jdk-21\bin\extnet.dll
Event: 2.803 Loaded shared library C:\Program Files\Java\jdk-21\bin\sunmscapi.dll
Event: 3.550 Loaded shared library C:\Program Files\Java\jdk-21\bin\verify.dll

Deoptimization events (20 events):
Event: 4.735 Thread 0x000002fb5829d930 Uncommon trap: trap_request=0xffffffde fr.pc=0x000002fb68459344 relative=0x0000000000000d64
Event: 4.735 Thread 0x000002fb5829d930 Uncommon trap: reason=class_check action=maybe_recompile pc=0x000002fb68459344 method=org.springframework.core.annotation.AnnotationsScanner.isWithoutHierarchy(Ljava/lang/reflect/AnnotatedElement;Lorg/springframework/core/annotation/MergedAnnotations$Sear
Event: 4.735 Thread 0x000002fb5829d930 DEOPT PACKING pc=0x000002fb68459344 sp=0x000000ffa02fd560
Event: 4.735 Thread 0x000002fb5829d930 DEOPT UNPACKING pc=0x000002fb67c846a2 sp=0x000000ffa02fd400 mode 2
Event: 4.735 Thread 0x000002fb5829d930 Uncommon trap: trap_request=0xffffffde fr.pc=0x000002fb68473bb8 relative=0x0000000000004dd8
Event: 4.735 Thread 0x000002fb5829d930 Uncommon trap: reason=class_check action=maybe_recompile pc=0x000002fb68473bb8 method=org.springframework.core.annotation.AnnotationsScanner.processClassHierarchy(Ljava/lang/Object;[ILjava/lang/Class;Lorg/springframework/core/annotation/AnnotationsProcess
Event: 4.735 Thread 0x000002fb5829d930 DEOPT PACKING pc=0x000002fb68473bb8 sp=0x000000ffa02fd560
Event: 4.735 Thread 0x000002fb5829d930 DEOPT UNPACKING pc=0x000002fb67c846a2 sp=0x000000ffa02fd268 mode 2
Event: 4.736 Thread 0x000002fb5829d930 Uncommon trap: trap_request=0xffffffde fr.pc=0x000002fb68487424 relative=0x00000000000028a4
Event: 4.736 Thread 0x000002fb5829d930 Uncommon trap: reason=class_check action=maybe_recompile pc=0x000002fb68487424 method=org.springframework.core.annotation.AnnotationsScanner.processMethodInheritedAnnotations(Ljava/lang/Object;Ljava/lang/reflect/Method;Lorg/springframework/core/annotation
Event: 4.736 Thread 0x000002fb5829d930 DEOPT PACKING pc=0x000002fb68487424 sp=0x000000ffa02fd490
Event: 4.736 Thread 0x000002fb5829d930 DEOPT UNPACKING pc=0x000002fb67c846a2 sp=0x000000ffa02fd328 mode 2
Event: 4.775 Thread 0x000002fb5829d930 Uncommon trap: trap_request=0xffffffde fr.pc=0x000002fb682c7e08 relative=0x0000000000001b28
Event: 4.775 Thread 0x000002fb5829d930 Uncommon trap: reason=class_check action=maybe_recompile pc=0x000002fb682c7e08 method=java.util.zip.InflaterInputStream.read([BII)I @ 78 c2
Event: 4.775 Thread 0x000002fb5829d930 DEOPT PACKING pc=0x000002fb682c7e08 sp=0x000000ffa02fa050
Event: 4.776 Thread 0x000002fb5829d930 DEOPT UNPACKING pc=0x000002fb67c846a2 sp=0x000000ffa02fa0b0 mode 2
Event: 4.776 Thread 0x000002fb5829d930 Uncommon trap: trap_request=0xffffffde fr.pc=0x000002fb682c7e08 relative=0x0000000000001b28
Event: 4.776 Thread 0x000002fb5829d930 Uncommon trap: reason=class_check action=maybe_recompile pc=0x000002fb682c7e08 method=java.util.zip.InflaterInputStream.read([BII)I @ 78 c2
Event: 4.776 Thread 0x000002fb5829d930 DEOPT PACKING pc=0x000002fb682c7e08 sp=0x000000ffa02fa050
Event: 4.776 Thread 0x000002fb5829d930 DEOPT UNPACKING pc=0x000002fb67c846a2 sp=0x000000ffa02fa0b0 mode 2

Classes loaded (20 events):
Event: 4.772 Loading class java/lang/instrument/Instrumentation
Event: 4.772 Loading class java/lang/instrument/Instrumentation done
Event: 4.775 Loading class java/util/jar/JarInputStream
Event: 4.775 Loading class java/util/zip/ZipInputStream
Event: 4.775 Loading class java/util/zip/ZipInputStream done
Event: 4.775 Loading class java/util/jar/JarInputStream done
Event: 4.775 Loading class java/io/PushbackInputStream
Event: 4.775 Loading class java/io/PushbackInputStream done
Event: 4.776 Loading class sun/security/util/ManifestEntryVerifier
Event: 4.776 Loading class sun/security/util/ManifestEntryVerifier done
Event: 4.777 Loading class java/lang/ProcessBuilder
Event: 4.777 Loading class java/lang/ProcessBuilder done
Event: 4.777 Loading class java/lang/ProcessImpl
Event: 4.777 Loading class java/lang/ProcessImpl done
Event: 4.782 Loading class java/lang/ProcessImpl$2
Event: 4.783 Loading class java/lang/ProcessImpl$2 done
Event: 4.783 Loading class java/lang/Process$PipeInputStream
Event: 4.783 Loading class java/lang/Process$PipeInputStream done
Event: 4.783 Loading class jdk/internal/event/ProcessStartEvent
Event: 4.783 Loading class jdk/internal/event/ProcessStartEvent done

Classes unloaded (0 events):
No events

Classes redefined (0 events):
No events

Internal exceptions (20 events):
Event: 4.239 Thread 0x000002fb5829d930 Exception <a 'java/lang/NoSuchMethodError'{0x0000000704763798}: 'java.lang.Object java.lang.invoke.DirectMethodHandle$Holder.invokeVirtual(java.lang.Object, java.lang.Object, java.lang.Object, java.lang.Object, java.lang.Object, java.lang.Object)'> (0x0000000704763798) 
thrown [s\open\src\hotspot\share\interpreter\linkResolver.cpp, line 773]
Event: 4.250 Thread 0x000002fb5829d930 Exception <a 'java/lang/NoSuchMethodError'{0x00000007047dd958}: 'void java.lang.invoke.DirectMethodHandle$Holder.invokeInterface(java.lang.Object, java.lang.Object, int)'> (0x00000007047dd958) 
thrown [s\open\src\hotspot\share\interpreter\linkResolver.cpp, line 773]
Event: 4.253 Thread 0x000002fb5829d930 Exception <a 'java/lang/IncompatibleClassChangeError'{0x0000000704420520}: Found class java.lang.Object, but interface was expected> (0x0000000704420520) 
thrown [s\open\src\hotspot\share\interpreter\linkResolver.cpp, line 840]
Event: 4.254 Thread 0x000002fb5829d930 Exception <a 'java/lang/NoSuchMethodError'{0x000000070442ea78}: 'int java.lang.invoke.DirectMethodHandle$Holder.invokeSpecialIFC(java.lang.Object, java.lang.Object, java.lang.Object)'> (0x000000070442ea78) 
thrown [s\open\src\hotspot\share\interpreter\linkResolver.cpp, line 773]
Event: 4.255 Thread 0x000002fb5829d930 Exception <a 'java/lang/NoSuchMethodError'{0x000000070443b138}: 'void java.lang.invoke.DirectMethodHandle$Holder.invokeStatic(java.lang.Object, int, java.lang.Object)'> (0x000000070443b138) 
thrown [s\open\src\hotspot\share\interpreter\linkResolver.cpp, line 773]
Event: 4.322 Thread 0x000002fb5829d930 Exception <a 'java/lang/NoSuchMethodError'{0x00000007040de4b8}: 'java.lang.Object java.lang.invoke.DirectMethodHandle$Holder.newInvokeSpecial(java.lang.Object, java.lang.Object, java.lang.Object, java.lang.Object, java.lang.Object, java.lang.Object, java.lang.Object, java.lang.Object)'> (0x00000007040de4b8) 
thrown [s\open\src\hotspot\share\interpreter\linkResolver.cpp, line 773]
Event: 4.463 Thread 0x000002fb5829d930 Exception <a 'java/lang/NoSuchMethodError'{0x00000007039c9cb8}: 'void java.lang.invoke.DirectMethodHandle$Holder.invokeVirtual(java.lang.Object, java.lang.Object, long)'> (0x00000007039c9cb8) 
thrown [s\open\src\hotspot\share\interpreter\linkResolver.cpp, line 773]
Event: 4.585 Thread 0x000002fb5829d930 Exception <a 'java/lang/IncompatibleClassChangeError'{0x000000070e3ea1c8}: Found class java.lang.Object, but interface was expected> (0x000000070e3ea1c8) 
thrown [s\open\src\hotspot\share\interpreter\linkResolver.cpp, line 840]
Event: 4.613 Thread 0x000002fb5829d930 Exception <a 'java/lang/NoSuchMethodError'{0x000000070e1fbc58}: 'int java.lang.invoke.DirectMethodHandle$Holder.invokeStaticInit(java.lang.Object, java.lang.Object, java.lang.Object, java.lang.Object)'> (0x000000070e1fbc58) 
thrown [s\open\src\hotspot\share\interpreter\linkResolver.cpp, line 773]
Event: 4.668 Thread 0x000002fb5829d930 Implicit null exception at 0x000002fb6832c08b to 0x000002fb6832c30c
Event: 4.692 Thread 0x000002fb5829d930 Exception <a 'java/lang/NoSuchMethodError'{0x0000000704611090}: 'java.lang.Object java.lang.invoke.DirectMethodHandle$Holder.newInvokeSpecial(java.lang.Object, java.lang.Object, int, java.lang.Object, java.lang.Object)'> (0x0000000704611090) 
thrown [s\open\src\hotspot\share\interpreter\linkResolver.cpp, line 773]
Event: 4.692 Thread 0x000002fb5829d930 Exception <a 'java/lang/NoSuchMethodError'{0x000000070461c4a0}: 'java.lang.Object java.lang.invoke.DirectMethodHandle$Holder.invokeSpecial(java.lang.Object, java.lang.Object, int, java.lang.Object, int, java.lang.Object)'> (0x000000070461c4a0) 
thrown [s\open\src\hotspot\share\interpreter\linkResolver.cpp, line 773]
Event: 4.693 Thread 0x000002fb5829d930 Exception <a 'java/lang/NoSuchMethodError'{0x0000000704623e60}: 'java.lang.Object java.lang.invoke.DirectMethodHandle$Holder.newInvokeSpecial(java.lang.Object, java.lang.Object, int, java.lang.Object, int)'> (0x0000000704623e60) 
thrown [s\open\src\hotspot\share\interpreter\linkResolver.cpp, line 773]
Event: 4.693 Thread 0x000002fb5829d930 Exception <a 'java/lang/NoSuchMethodError'{0x0000000704628230}: 'java.lang.Object java.lang.invoke.DirectMethodHandle$Holder.invokeSpecial(java.lang.Object, java.lang.Object, java.lang.Object, int, java.lang.Object, int)'> (0x0000000704628230) 
thrown [s\open\src\hotspot\share\interpreter\linkResolver.cpp, line 773]
Event: 4.737 Thread 0x000002fb5829d930 Exception <a 'java/lang/NoSuchMethodError'{0x000000070479f2c8}: 'java.lang.Object java.lang.invoke.DirectMethodHandle$Holder.newInvokeSpecial(java.lang.Object, java.lang.Object, java.lang.Object, java.lang.Object, int)'> (0x000000070479f2c8) 
thrown [s\open\src\hotspot\share\interpreter\linkResolver.cpp, line 773]
Event: 4.737 Thread 0x000002fb5829d930 Exception <a 'java/lang/NoSuchMethodError'{0x00000007047a3528}: 'java.lang.Object java.lang.invoke.DirectMethodHandle$Holder.invokeSpecial(java.lang.Object, java.lang.Object, java.lang.Object, java.lang.Object, java.lang.Object, int)'> (0x00000007047a3528) 
thrown [s\open\src\hotspot\share\interpreter\linkResolver.cpp, line 773]
Event: 4.737 Thread 0x000002fb5829d930 Exception <a 'java/lang/NoSuchMethodError'{0x00000007047a7048}: 'java.lang.Object java.lang.invoke.Invokers$Holder.linkToTargetMethod(java.lang.Object, java.lang.Object, java.lang.Object, int, java.lang.Object)'> (0x00000007047a7048) 
thrown [s\open\src\hotspot\share\interpreter\linkResolver.cpp, line 773]
Event: 4.765 Thread 0x000002fb5829d930 Exception <a 'java/lang/NoSuchMethodError'{0x0000000704481928}: method resolution failed> (0x0000000704481928) 
thrown [s\open\src\hotspot\share\prims\methodHandles.cpp, line 1144]
Event: 4.772 Thread 0x000002fb5829d930 Exception <a 'java/lang/NoSuchMethodError'{0x00000007044c31b8}: 'long java.lang.invoke.DelegatingMethodHandle$Holder.reinvoke_L(java.lang.Object, java.lang.Object)'> (0x00000007044c31b8) 
thrown [s\open\src\hotspot\share\interpreter\linkResolver.cpp, line 773]
Event: 4.781 Thread 0x000002fb5829d930 Exception <a 'java/lang/NoSuchMethodError'{0x00000007044ea628}: 'void java.lang.invoke.DirectMethodHandle$Holder.invokeStatic(java.lang.Object, long)'> (0x00000007044ea628) 
thrown [s\open\src\hotspot\share\interpreter\linkResolver.cpp, line 773]

ZGC Phase Switch (0 events):
No events

VM Operations (20 events):
Event: 3.360 Executing VM operation: G1PauseRemark
Event: 3.364 Executing VM operation: G1PauseRemark done
Event: 3.367 Executing VM operation: G1PauseCleanup
Event: 3.367 Executing VM operation: G1PauseCleanup done
Event: 3.376 Executing VM operation: HandshakeAllThreads (Deoptimize)
Event: 3.376 Executing VM operation: HandshakeAllThreads (Deoptimize) done
Event: 3.990 Executing VM operation: G1CollectForAllocation (G1 Evacuation Pause)
Event: 3.995 Executing VM operation: G1CollectForAllocation (G1 Evacuation Pause) done
Event: 4.287 Executing VM operation: HandshakeAllThreads (Deoptimize)
Event: 4.287 Executing VM operation: HandshakeAllThreads (Deoptimize) done
Event: 4.359 Executing VM operation: ICBufferFull
Event: 4.359 Executing VM operation: ICBufferFull done
Event: 4.376 Executing VM operation: HandshakeAllThreads (Deoptimize)
Event: 4.376 Executing VM operation: HandshakeAllThreads (Deoptimize) done
Event: 4.481 Executing VM operation: HandshakeAllThreads (Deoptimize)
Event: 4.481 Executing VM operation: HandshakeAllThreads (Deoptimize) done
Event: 4.503 Executing VM operation: G1CollectForAllocation (G1 Evacuation Pause)
Event: 4.511 Executing VM operation: G1CollectForAllocation (G1 Evacuation Pause) done
Event: 4.567 Executing VM operation: HandshakeAllThreads (Deoptimize)
Event: 4.567 Executing VM operation: HandshakeAllThreads (Deoptimize) done

Events (20 events):
Event: 3.364 Thread 0x000002fb77834120 flushing nmethod 0x000002fb6821f290
Event: 3.364 Thread 0x000002fb77834120 flushing nmethod 0x000002fb6820e710
Event: 3.364 Thread 0x000002fb77834120 flushing nmethod 0x000002fb6821a610
Event: 3.364 Thread 0x000002fb77834120 flushing nmethod 0x000002fb68216990
Event: 3.364 Thread 0x000002fb77834120 flushing nmethod 0x000002fb68214a90
Event: 3.364 Thread 0x000002fb77834120 flushing nmethod 0x000002fb68208090
Event: 3.364 Thread 0x000002fb77834120 flushing nmethod 0x000002fb68206b90
Event: 3.364 Thread 0x000002fb77834120 flushing nmethod 0x000002fb68205510
Event: 3.364 Thread 0x000002fb77834120 flushing nmethod 0x000002fb681fc410
Event: 3.364 Thread 0x000002fb77834120 flushing nmethod 0x000002fb681f7790
Event: 3.364 Thread 0x000002fb77834120 flushing nmethod 0x000002fb681f5a10
Event: 3.364 Thread 0x000002fb77834120 flushing nmethod 0x000002fb681eab90
Event: 3.364 Thread 0x000002fb77834120 flushing nmethod 0x000002fb681e8610
Event: 3.364 Thread 0x000002fb77834120 flushing nmethod 0x000002fb681e8310
Event: 3.364 Thread 0x000002fb77834120 flushing nmethod 0x000002fb681e3890
Event: 3.364 Thread 0x000002fb77834120 flushing nmethod 0x000002fb681d8290
Event: 3.364 Thread 0x000002fb77834120 flushing nmethod 0x000002fb681d7610
Event: 3.484 Thread 0x000002fb7c6a6720 Thread added: 0x000002fb7c6a6720
Event: 3.594 Thread 0x000002fb7c6a6720 Thread exited: 0x000002fb7c6a6720
Event: 4.148 Thread 0x000002fb7f5d2670 Thread added: 0x000002fb7f5d2670


Dynamic libraries:
0x00007ff6d5270000 - 0x00007ff6d5280000 	C:\Program Files\Java\jdk-21\bin\java.exe
0x00007ffa903f0000 - 0x00007ffa905e7000 	C:\WINDOWS\SYSTEM32\ntdll.dll
0x00007ffa8f220000 - 0x00007ffa8f2dd000 	C:\WINDOWS\System32\KERNEL32.DLL
0x00007ffa8dd10000 - 0x00007ffa8e006000 	C:\WINDOWS\System32\KERNELBASE.dll
0x00007ffa8e0f0000 - 0x00007ffa8e1f0000 	C:\WINDOWS\System32\ucrtbase.dll
0x00007ffa61030000 - 0x00007ffa6104b000 	C:\Program Files\Java\jdk-21\bin\VCRUNTIME140.dll
0x00007ffa613b0000 - 0x00007ffa613c9000 	C:\Program Files\Java\jdk-21\bin\jli.dll
0x00007ffa8ed70000 - 0x00007ffa8ee1e000 	C:\WINDOWS\System32\ADVAPI32.dll
0x00007ffa901e0000 - 0x00007ffa9027e000 	C:\WINDOWS\System32\msvcrt.dll
0x00007ffa8f2e0000 - 0x00007ffa8f37c000 	C:\WINDOWS\System32\sechost.dll
0x00007ffa8ebb0000 - 0x00007ffa8ecd6000 	C:\WINDOWS\System32\RPCRT4.dll
0x00007ffa8f080000 - 0x00007ffa8f21e000 	C:\WINDOWS\System32\USER32.dll
0x00007ffa75fa0000 - 0x00007ffa7623a000 	C:\WINDOWS\WinSxS\amd64_microsoft.windows.common-controls_6595b64144ccf1df_6.0.19041.3570_none_60bb2a3971f3e41a\COMCTL32.dll
0x00007ffa8e010000 - 0x00007ffa8e032000 	C:\WINDOWS\System32\win32u.dll
0x00007ffa8ea10000 - 0x00007ffa8ea3c000 	C:\WINDOWS\System32\GDI32.dll
0x00007ffa8e330000 - 0x00007ffa8e44a000 	C:\WINDOWS\System32\gdi32full.dll
0x00007ffa8e1f0000 - 0x00007ffa8e28d000 	C:\WINDOWS\System32\msvcp_win.dll
0x00007ffa8b8c0000 - 0x00007ffa8b8ca000 	C:\WINDOWS\SYSTEM32\VERSION.dll
0x00007ffa8f380000 - 0x00007ffa8f3b0000 	C:\WINDOWS\System32\IMM32.DLL
0x00007ffa82240000 - 0x00007ffa8224c000 	C:\Program Files\Java\jdk-21\bin\vcruntime140_1.dll
0x00007ffa4a0b0000 - 0x00007ffa4a13e000 	C:\Program Files\Java\jdk-21\bin\msvcp140.dll
0x00007ffa354d0000 - 0x00007ffa361e3000 	C:\Program Files\Java\jdk-21\bin\server\jvm.dll
0x00007ffa8fee0000 - 0x00007ffa8ff4b000 	C:\WINDOWS\System32\WS2_32.dll
0x00007ffa8d040000 - 0x00007ffa8d08b000 	C:\WINDOWS\SYSTEM32\POWRPROF.dll
0x00007ffa7c4b0000 - 0x00007ffa7c4d7000 	C:\WINDOWS\SYSTEM32\WINMM.dll
0x00007ffa8ceb0000 - 0x00007ffa8cec2000 	C:\WINDOWS\SYSTEM32\UMPDC.dll
0x00007ffa8c2b0000 - 0x00007ffa8c2c2000 	C:\WINDOWS\SYSTEM32\kernel.appcore.dll
0x00007ffa78510000 - 0x00007ffa7851a000 	C:\Program Files\Java\jdk-21\bin\jimage.dll
0x00007ffa89000000 - 0x00007ffa891e4000 	C:\WINDOWS\SYSTEM32\DBGHELP.DLL
0x00007ffa70ee0000 - 0x00007ffa70f14000 	C:\WINDOWS\SYSTEM32\dbgcore.DLL
0x00007ffa8dc80000 - 0x00007ffa8dd02000 	C:\WINDOWS\System32\bcryptPrimitives.dll
0x00007ffa5e720000 - 0x00007ffa5e73f000 	C:\Program Files\Java\jdk-21\bin\java.dll
0x00007ffa8f770000 - 0x00007ffa8feb4000 	C:\WINDOWS\System32\SHELL32.dll
0x00007ffa8bb10000 - 0x00007ffa8c2ab000 	C:\WINDOWS\SYSTEM32\windows.storage.dll
0x00007ffa8f410000 - 0x00007ffa8f764000 	C:\WINDOWS\System32\combase.dll
0x00007ffa8d490000 - 0x00007ffa8d4bd000 	C:\WINDOWS\SYSTEM32\Wldp.dll
0x00007ffa8eaa0000 - 0x00007ffa8eb4d000 	C:\WINDOWS\System32\SHCORE.dll
0x00007ffa8eb50000 - 0x00007ffa8eba5000 	C:\WINDOWS\System32\shlwapi.dll
0x00007ffa8da00000 - 0x00007ffa8da25000 	C:\WINDOWS\SYSTEM32\profapi.dll
0x00007ffa46d10000 - 0x00007ffa46de7000 	C:\Program Files\Java\jdk-21\bin\jsvml.dll
0x00007ffa782c0000 - 0x00007ffa782d0000 	C:\Program Files\Java\jdk-21\bin\net.dll
0x00007ffa84570000 - 0x00007ffa8467a000 	C:\WINDOWS\SYSTEM32\WINHTTP.dll
0x00007ffa8d210000 - 0x00007ffa8d27a000 	C:\WINDOWS\system32\mswsock.dll
0x00007ffa5e1f0000 - 0x00007ffa5e206000 	C:\Program Files\Java\jdk-21\bin\nio.dll
0x00007ffa5d3d0000 - 0x00007ffa5d3e8000 	C:\Program Files\Java\jdk-21\bin\zip.dll
0x00007ffa8b850000 - 0x00007ffa8b85a000 	C:\Program Files\Java\jdk-21\bin\management.dll
0x00007ffa8b7b0000 - 0x00007ffa8b7bb000 	C:\Program Files\Java\jdk-21\bin\management_ext.dll
0x00007ffa8e8e0000 - 0x00007ffa8e8e8000 	C:\WINDOWS\System32\PSAPI.DLL
0x00007ffa8cf10000 - 0x00007ffa8cfda000 	C:\WINDOWS\SYSTEM32\DNSAPI.dll
0x00007ffa8ced0000 - 0x00007ffa8cf0b000 	C:\WINDOWS\SYSTEM32\IPHLPAPI.DLL
0x00007ffa8e460000 - 0x00007ffa8e468000 	C:\WINDOWS\System32\NSI.dll
0x00007ffa85230000 - 0x00007ffa8523a000 	C:\Windows\System32\rasadhlp.dll
0x00007ffa78b20000 - 0x00007ffa78ba2000 	C:\WINDOWS\System32\fwpuclnt.dll
0x00007ffa8e290000 - 0x00007ffa8e2b7000 	C:\WINDOWS\System32\bcrypt.dll
0x00007ffa87200000 - 0x00007ffa87207000 	C:\Program Files\Java\jdk-21\bin\extnet.dll
0x00007ffa8d3f0000 - 0x00007ffa8d408000 	C:\WINDOWS\SYSTEM32\CRYPTSP.dll
0x00007ffa8cad0000 - 0x00007ffa8cb04000 	C:\WINDOWS\system32\rsaenh.dll
0x00007ffa8d9c0000 - 0x00007ffa8d9ee000 	C:\WINDOWS\SYSTEM32\USERENV.dll
0x00007ffa8d3b0000 - 0x00007ffa8d3bc000 	C:\WINDOWS\SYSTEM32\CRYPTBASE.dll
0x00007ffa75730000 - 0x00007ffa7573e000 	C:\Program Files\Java\jdk-21\bin\sunmscapi.dll
0x00007ffa8dad0000 - 0x00007ffa8dc2d000 	C:\WINDOWS\System32\CRYPT32.dll
0x00007ffa8d560000 - 0x00007ffa8d587000 	C:\WINDOWS\SYSTEM32\ncrypt.dll
0x00007ffa8d520000 - 0x00007ffa8d55b000 	C:\WINDOWS\SYSTEM32\NTASN1.dll
0x00007ffa75de0000 - 0x00007ffa75df0000 	C:\Program Files\Java\jdk-21\bin\verify.dll

dbghelp: loaded successfully - version: 4.0.5 - missing functions: none
symbol engine: initialized successfully - sym options: 0x614 - pdb path: .;C:\Program Files\Java\jdk-21\bin;C:\WINDOWS\SYSTEM32;C:\WINDOWS\WinSxS\amd64_microsoft.windows.common-controls_6595b64144ccf1df_6.0.19041.3570_none_60bb2a3971f3e41a;C:\Program Files\Java\jdk-21\bin\server

VM Arguments:
java_command: C:\Users\peg2s\AppData\Local\Temp\surefire15344855970750942212\surefirebooter-20231018231815799_3.jar C:\Users\peg2s\AppData\Local\Temp\surefire15344855970750942212 2023-10-18T23-18-15_662-jvmRun1 surefire-20231018231815799_1tmp surefire_0-20231018231815799_2tmp
java_class_path (initial): C:\Users\peg2s\AppData\Local\Temp\surefire15344855970750942212\surefirebooter-20231018231815799_3.jar
Launcher Type: SUN_STANDARD

[Global flags]
     intx CICompilerCount                          = 4                                         {product} {ergonomic}
     uint ConcGCThreads                            = 3                                         {product} {ergonomic}
     uint G1ConcRefinementThreads                  = 10                                        {product} {ergonomic}
   size_t G1HeapRegionSize                         = 2097152                                   {product} {ergonomic}
    uintx GCDrainStackTargetSize                   = 64                                        {product} {ergonomic}
   size_t InitialHeapSize                          = 268435456                                 {product} {ergonomic}
   size_t MarkStackSize                            = 4194304                                   {product} {ergonomic}
   size_t MaxHeapSize                              = 4273995776                                {product} {ergonomic}
   size_t MaxNewSize                               = 2562719744                                {product} {ergonomic}
   size_t MinHeapDeltaBytes                        = 2097152                                   {product} {ergonomic}
   size_t MinHeapSize                              = 8388608                                   {product} {ergonomic}
    uintx NonNMethodCodeHeapSize                   = 5839372                                {pd product} {ergonomic}
    uintx NonProfiledCodeHeapSize                  = 122909434                              {pd product} {ergonomic}
    uintx ProfiledCodeHeapSize                     = 122909434                              {pd product} {ergonomic}
    uintx ReservedCodeCacheSize                    = 251658240                              {pd product} {ergonomic}
     bool SegmentedCodeCache                       = true                                      {product} {ergonomic}
   size_t SoftMaxHeapSize                          = 4273995776                             {manageable} {ergonomic}
     bool UseCompressedOops                        = true                           {product lp64_product} {ergonomic}
     bool UseG1GC                                  = true                                      {product} {ergonomic}
     bool UseLargePagesIndividualAllocation        = false                                  {pd product} {ergonomic}

Logging:
Log output configuration:
 #0: stdout all=warning uptime,level,tags foldmultilines=false
 #1: stderr all=off uptime,level,tags foldmultilines=false

Environment Variables:
JAVA_HOME=C:\Program Files\Java\jdk-21
PATH=C:\Python311\Scripts\;C:\Python311\;C:\Program Files\ImageMagick-7.1.0-Q16-HDRI;C:\Program Files\Common Files\Oracle\Java\javapath;C:\Program Files (x86)\Razer\ChromaBroadcast\bin;C:\Program Files\Razer\ChromaBroadcast\bin;C:\Perl64\bin;C:\Users\peg2s\AppData\Roaming\ActiveState\bin;C:\Program Files (x86)\Common Files\Intel\Shared Libraries\redist\intel64\compiler;C:\Windows\system32;C:\Windows;C:\Windows\System32\Wbem;C:\Windows\System32\WindowsPowerShell\v1.0\;C:\Windows\System32\OpenSSH\;C:\Program Files\NVIDIA Corporation\NVIDIA NvDLISR;C:\Program Files\Microsoft SQL Server\130\Tools\Binn\;C:\PHP7;D:\Matlab\R2020a\bin;C:\WINDOWS\system32;C:\WINDOWS;C:\WINDOWS\System32\Wbem;C:\WINDOWS\System32\WindowsPowerShell\v1.0\;C:\WINDOWS\System32\OpenSSH\;C:\Program Files\Wolfram Research\WolframScript\;C:\Program Files\PuTTY\;C:\Program Files\Git\cmd;C:\WINDOWS\system32\config\systemprofile\AppData\Local\Microsoft\WindowsApps;C:\WINDOWS\system32;C:\WINDOWS;C:\WINDOWS\System32\Wbem;C:\WINDOWS\System32\WindowsPowerShell\v1.0\;C:\WINDOWS\System32\OpenSSH\;C:\ffmpeg;C:\Program Files (x86)\NVIDIA Corporation\PhysX\Common;C:\Users\peg2s\AppData\Local\bin\NASM;C:\Users\peg2s\AppData\Local\Programs\Python\Python38;C:\Users\peg2s\AppData\Local\Programs\Python\Python38\Scripts;C:\Program Files\7-Zip;C:\MinGW\bin;C:\Program Files (x86)\GnuWin32\bin;C:\Program Files\nodejs\;C:\ProgramData\chocolatey\bin;C:\Program Files\dotnet\;C:\Users\peg2s\AppData\Roaming\Python\Python311\Scripts;C:\Program Files\Docker\Docker\resources\bin;C:\Strawberry\c\bin;C:\Strawberry\perl\site\bin;C:\Strawberry\perl\bin;C:\texlive\2022\bin;C:\Program Files (x86)\Microsoft SDKs\Windows\v7.0A\bin;C:\Program Files\apache-maven-3.9.5\bin;C:\Users\peg2s\AppData\Local\ActiveState\StateTool\release\bin;C:\Users\peg2s\.cargo\bin;C:\Users\peg2s\AppData\Local\activestate\cache\bin;C:\Users\peg;C:\Users\peg2s\AppData\Local\Programs\Microsoft VS Code\bin;C:\Users\peg2s\AppData\Roaming\npm;C:\texlive\2022\bin\win32;C:\Users\peg2s\AppData\Local\GitHubDesktop\bin
USERNAME=peg2s
LANG=en_US.UTF-8
OS=Windows_NT
PROCESSOR_IDENTIFIER=Intel64 Family 6 Model 158 Stepping 10, GenuineIntel
TMP=C:\Users\peg2s\AppData\Local\Temp
TEMP=C:\Users\peg2s\AppData\Local\Temp




---------------  S Y S T E M  ---------------

OS:
 Windows 10 , 64 bit Build 19041 (10.0.19041.3570)
OS uptime: 3 days 1:56 hours
Hyper-V role detected

CPU: total 12 (initial active 12) (6 cores per cpu, 2 threads per core) family 6 model 158 stepping 10 microcode 0xea, cx8, cmov, fxsr, ht, mmx, 3dnowpref, sse, sse2, sse3, ssse3, sse4.1, sse4.2, popcnt, lzcnt, tsc, tscinvbit, avx, avx2, aes, erms, clmul, bmi1, bmi2, adx, fma, vzeroupper, clflush, clflushopt, hv, rdtscp, f16c
Processor Information for all 12 processors :
  Max Mhz: 2592, Current Mhz: 2592, Mhz Limit: 2592

Memory: 4k page, system-wide physical 16303M (2179M free)
TotalPageFile size 23729M (AvailPageFile size 330M)
current process WorkingSet (physical memory assigned to process): 246M, peak: 257M
current process commit charge ("private bytes"): 287M, peak: 404M

vm_info: Java HotSpot(TM) 64-Bit Server VM (21+35-LTS-2513) for windows-amd64 JRE (21+35-LTS-2513), built on 2023-08-09T20:25:10Z by "mach5one" with MS VC++ 17.1 (VS2022)

END.
