#
# There is insufficient memory for the Java Runtime Environment to continue.
# Native memory allocation (malloc) failed to allocate 644976 bytes for Chunk::new
# Possible reasons:
#   The system is out of physical RAM or swap space
#   The process is running with CompressedOops enabled, and the Java Heap may be blocking the growth of the native heap
# Possible solutions:
#   Reduce memory load on the system
#   Increase physical memory or swap space
#   Check if swap backing store is full
#   Decrease Java heap size (-Xmx/-Xms)
#   Decrease number of Java threads
#   Decrease Java thread stack sizes (-Xss)
#   Set larger code cache with -XX:ReservedCodeCacheSize=
#   JVM is running with Zero Based Compressed Oops mode in which the Java heap is
#     placed in the first 32GB address space. The Java Heap base address is the
#     maximum limit for the native heap growth. Please use -XX:HeapBaseMinAddress
#     to set the Java Heap base and to place the Java Heap above 32GB virtual address.
# This output file may be truncated or incomplete.
#
#  Out of Memory Error (arena.cpp:166), pid=18492, tid=2040
#
# JRE version: Java(TM) SE Runtime Environment (21.0+35) (build 21+35-LTS-2513)
# Java VM: Java HotSpot(TM) 64-Bit Server VM (21+35-LTS-2513, mixed mode, sharing, tiered, compressed oops, compressed class ptrs, g1 gc, windows-amd64)
# No core dump will be written. Minidumps are not enabled by default on client versions of Windows
#

---------------  S U M M A R Y ------------

Command Line: C:\Users\peg2s\AppData\Local\Temp\surefire12878994572394286209\surefirebooter-20231018233038698_3.jar C:\Users\peg2s\AppData\Local\Temp\surefire12878994572394286209 2023-10-18T23-30-38_544-jvmRun1 surefire-20231018233038698_1tmp surefire_0-20231018233038698_2tmp

Host: Intel(R) Core(TM) i7-9750H CPU @ 2.60GHz, 12 cores, 15G,  Windows 10 , 64 bit Build 19041 (10.0.19041.3570)
Time: Wed Oct 18 23:30:43 2023 Eastern Daylight Time elapsed time: 4.938725 seconds (0d 0h 0m 4s)

---------------  T H R E A D  ---------------

Current thread (0x00000142e9f229e0):  JavaThread "C2 CompilerThread2" daemon [_thread_in_native, id=2040, stack(0x0000001c6ad00000,0x0000001c6ae00000) (1024K)]


Current CompileTask:
C2:   4938 4537       4       org.springframework.core.annotation.AnnotationsScanner::process (55 bytes)

Stack: [0x0000001c6ad00000,0x0000001c6ae00000]
Native frames: (J=compiled Java code, j=interpreted, Vv=VM code, C=native code)
V  [jvm.dll+0x6c8d39]
V  [jvm.dll+0x854091]
V  [jvm.dll+0x85630e]
V  [jvm.dll+0x8569e3]
V  [jvm.dll+0x2809a6]
V  [jvm.dll+0xc3e6d]
V  [jvm.dll+0xc4383]
V  [jvm.dll+0x2f3cbf]
V  [jvm.dll+0x5f3e46]
V  [jvm.dll+0x25291f]
V  [jvm.dll+0x24ad61]
V  [jvm.dll+0x248cd3]
V  [jvm.dll+0x1c9b91]
V  [jvm.dll+0x2583e9]
V  [jvm.dll+0x2569ca]
V  [jvm.dll+0x3eef66]
V  [jvm.dll+0x7fd2c8]
V  [jvm.dll+0x6c748d]
C  [ucrtbase.dll+0x21bb2]
C  [KERNEL32.DLL+0x17344]
C  [ntdll.dll+0x526b1]


---------------  P R O C E S S  ---------------

Threads class SMR info:
_java_thread_list=0x00000142ebb8bf90, length=18, elements={
0x00000142c361f850, 0x00000142e4e05150, 0x00000142e4e06070, 0x00000142e4e08480,
0x00000142e4e0b690, 0x00000142e4e2d110, 0x00000142e4e2e590, 0x00000142e4e2fac0,
0x00000142e4e3da70, 0x00000142e916f770, 0x00000142e9171c00, 0x00000142e96eaae0,
0x00000142e9687310, 0x00000142ec0531c0, 0x00000142e92852c0, 0x00000142e9f20100,
0x00000142eb3a24a0, 0x00000142e9f229e0
}

Java Threads: ( => current thread )
  0x00000142c361f850 JavaThread "main"                              [_thread_in_native, id=25076, stack(0x0000001c68900000,0x0000001c68a00000) (1024K)]
  0x00000142e4e05150 JavaThread "Reference Handler"          daemon [_thread_blocked, id=23296, stack(0x0000001c69100000,0x0000001c69200000) (1024K)]
  0x00000142e4e06070 JavaThread "Finalizer"                  daemon [_thread_blocked, id=23924, stack(0x0000001c69200000,0x0000001c69300000) (1024K)]
  0x00000142e4e08480 JavaThread "Signal Dispatcher"          daemon [_thread_blocked, id=9356, stack(0x0000001c69300000,0x0000001c69400000) (1024K)]
  0x00000142e4e0b690 JavaThread "Attach Listener"            daemon [_thread_blocked, id=19344, stack(0x0000001c69400000,0x0000001c69500000) (1024K)]
  0x00000142e4e2d110 JavaThread "Service Thread"             daemon [_thread_blocked, id=27788, stack(0x0000001c69500000,0x0000001c69600000) (1024K)]
  0x00000142e4e2e590 JavaThread "Monitor Deflation Thread"   daemon [_thread_blocked, id=29324, stack(0x0000001c69600000,0x0000001c69700000) (1024K)]
  0x00000142e4e2fac0 JavaThread "C2 CompilerThread0"         daemon [_thread_in_native, id=6972, stack(0x0000001c69700000,0x0000001c69800000) (1024K)]
  0x00000142e4e3da70 JavaThread "C1 CompilerThread0"         daemon [_thread_blocked, id=21780, stack(0x0000001c69800000,0x0000001c69900000) (1024K)]
  0x00000142e916f770 JavaThread "Notification Thread"        daemon [_thread_blocked, id=21860, stack(0x0000001c69900000,0x0000001c69a00000) (1024K)]
  0x00000142e9171c00 JavaThread "Common-Cleaner"             daemon [_thread_blocked, id=25192, stack(0x0000001c69a00000,0x0000001c69b00000) (1024K)]
  0x00000142e96eaae0 JavaThread "surefire-forkedjvm-stream-flusher" daemon [_thread_blocked, id=19876, stack(0x0000001c69c00000,0x0000001c69d00000) (1024K)]
  0x00000142e9687310 JavaThread "surefire-forkedjvm-command-thread" daemon [_thread_in_native, id=92, stack(0x0000001c69d00000,0x0000001c69e00000) (1024K)]
  0x00000142ec0531c0 JavaThread "mysql-cj-abandoned-connection-cleanup" daemon [_thread_blocked, id=27764, stack(0x0000001c6aa00000,0x0000001c6ab00000) (1024K)]
  0x00000142e92852c0 JavaThread "HikariPool-1 housekeeper"   daemon [_thread_blocked, id=1580, stack(0x0000001c69b00000,0x0000001c69c00000) (1024K)]
  0x00000142e9f20100 JavaThread "C2 CompilerThread1"         daemon [_thread_in_native, id=10184, stack(0x0000001c6a700000,0x0000001c6a800000) (1024K)]
  0x00000142eb3a24a0 JavaThread "HikariPool-1 connection adder" daemon [_thread_in_native, id=12680, stack(0x0000001c6ac00000,0x0000001c6ad00000) (1024K)]
=>0x00000142e9f229e0 JavaThread "C2 CompilerThread2"         daemon [_thread_in_native, id=2040, stack(0x0000001c6ad00000,0x0000001c6ae00000) (1024K)]
Total: 18

Other Threads:
  0x00000142c36133f0 VMThread "VM Thread"                           [id=23304, stack(0x0000001c69000000,0x0000001c69100000) (1024K)]
  0x00000142e4dce470 WatcherThread "VM Periodic Task Thread"        [id=5572, stack(0x0000001c68f00000,0x0000001c69000000) (1024K)]
  0x00000142c3612cb0 WorkerThread "GC Thread#0"                     [id=28620, stack(0x0000001c68a00000,0x0000001c68b00000) (1024K)]
  0x00000142c3613ed0 WorkerThread "GC Thread#1"                     [id=28824, stack(0x0000001c69e00000,0x0000001c69f00000) (1024K)]
  0x00000142c3612570 WorkerThread "GC Thread#2"                     [id=15096, stack(0x0000001c69f00000,0x0000001c6a000000) (1024K)]
  0x00000142c3612910 WorkerThread "GC Thread#3"                     [id=22160, stack(0x0000001c6a000000,0x0000001c6a100000) (1024K)]
  0x00000142e9d91210 WorkerThread "GC Thread#4"                     [id=28012, stack(0x0000001c6a100000,0x0000001c6a200000) (1024K)]
  0x00000142e9d91cf0 WorkerThread "GC Thread#5"                     [id=10512, stack(0x0000001c6a200000,0x0000001c6a300000) (1024K)]
  0x00000142e9d92b70 WorkerThread "GC Thread#6"                     [id=6656, stack(0x0000001c6a300000,0x0000001c6a400000) (1024K)]
  0x00000142e9d927d0 WorkerThread "GC Thread#7"                     [id=24592, stack(0x0000001c6a400000,0x0000001c6a500000) (1024K)]
  0x00000142e9d92f10 WorkerThread "GC Thread#8"                     [id=18296, stack(0x0000001c6a500000,0x0000001c6a600000) (1024K)]
  0x00000142e9d92430 WorkerThread "GC Thread#9"                     [id=20836, stack(0x0000001c6a600000,0x0000001c6a700000) (1024K)]
  0x00000142c58c2d50 ConcurrentGCThread "G1 Main Marker"            [id=27424, stack(0x0000001c68b00000,0x0000001c68c00000) (1024K)]
  0x00000142c3613050 WorkerThread "G1 Conc#0"                       [id=20004, stack(0x0000001c68c00000,0x0000001c68d00000) (1024K)]
  0x00000142e9d92090 WorkerThread "G1 Conc#1"                       [id=27348, stack(0x0000001c6a800000,0x0000001c6a900000) (1024K)]
  0x00000142e9d93d90 WorkerThread "G1 Conc#2"                       [id=12396, stack(0x0000001c6a900000,0x0000001c6aa00000) (1024K)]
  0x00000142c591e4e0 ConcurrentGCThread "G1 Refine#0"               [id=23788, stack(0x0000001c68d00000,0x0000001c68e00000) (1024K)]
  0x00000142e4c91160 ConcurrentGCThread "G1 Service"                [id=28080, stack(0x0000001c68e00000,0x0000001c68f00000) (1024K)]
Total: 18

Threads with active compile tasks:
C2 CompilerThread0     4958 4467       4       org.springframework.boot.context.properties.source.SystemEnvironmentPropertyMapper::isLegacyAncestorOf (34 bytes)
C2 CompilerThread1     4958 4535       4       org.springframework.core.annotation.TypeMappedAnnotations::scan (66 bytes)
C2 CompilerThread2     4958 4537       4       org.springframework.core.annotation.AnnotationsScanner::process (55 bytes)
Total: 3

VM state: not at safepoint (normal execution)

VM Mutex/Monitor currently owned by a thread: None

Heap address: 0x0000000701400000, size: 4076 MB, Compressed Oops mode: Zero based, Oop shift amount: 3

CDS archive(s) mapped at: [0x0000014280000000-0x0000014280c90000-0x0000014280c90000), size 13172736, SharedBaseAddress: 0x0000014280000000, ArchiveRelocationMode: 1.
Compressed class space mapped at: 0x0000014281000000-0x00000142c1000000, reserved size: 1073741824
Narrow klass base: 0x0000014280000000, Narrow klass shift: 0, Narrow klass range: 0x100000000

GC Precious Log:
 CardTable entry size: 512
 Card Set container configuration: InlinePtr #cards 4 size 8 Array Of Cards #cards 16 size 48 Howl #buckets 8 coarsen threshold 3686 Howl Bitmap #cards 512 size 80 coarsen threshold 460 Card regions per heap region 1 cards per card region 4096
 CPUs: 12 total, 12 available
 Memory: 16303M
 Large Page Support: Disabled
 NUMA Support: Disabled
 Compressed Oops: Enabled (Zero based)
 Heap Region Size: 2M
 Heap Min Capacity: 8M
 Heap Initial Capacity: 256M
 Heap Max Capacity: 4076M
 Pre-touch: Disabled
 Parallel Workers: 10
 Concurrent Workers: 3
 Concurrent Refinement Workers: 10
 Periodic GC: Disabled

Heap:
 garbage-first heap   total 65536K, used 36946K [0x0000000701400000, 0x0000000800000000)
  region size 2048K, 11 young (22528K), 3 survivors (6144K)
 Metaspace       used 52431K, committed 53056K, reserved 1114112K
  class space    used 6948K, committed 7232K, reserved 1048576K

Heap Regions: E=young(eden), S=young(survivor), O=old, HS=humongous(starts), HC=humongous(continues), CS=collection set, F=free, TAMS=top-at-mark-start, PB=parsable bottom
|   0|0x0000000701400000, 0x0000000701600000, 0x0000000701600000|100%| O|  |TAMS 0x0000000701400000| PB 0x0000000701400000| Untracked 
|   1|0x0000000701600000, 0x0000000701800000, 0x0000000701800000|100%| O|  |TAMS 0x0000000701600000| PB 0x0000000701600000| Untracked 
|   2|0x0000000701800000, 0x0000000701a00000, 0x0000000701a00000|100%| O|  |TAMS 0x0000000701800000| PB 0x0000000701800000| Untracked 
|   3|0x0000000701a00000, 0x0000000701b5d038, 0x0000000701c00000| 68%| O|  |TAMS 0x0000000701a00000| PB 0x0000000701a00000| Untracked 
|   4|0x0000000701c00000, 0x0000000701e00000, 0x0000000701e00000|100%| O|  |TAMS 0x0000000701c00000| PB 0x0000000701c00000| Untracked 
|   5|0x0000000701e00000, 0x0000000702000000, 0x0000000702000000|100%| O|  |TAMS 0x0000000701e00000| PB 0x0000000701e00000| Untracked 
|   6|0x0000000702000000, 0x0000000702200000, 0x0000000702200000|100%| O|  |TAMS 0x0000000702000000| PB 0x0000000702000000| Untracked 
|   7|0x0000000702200000, 0x0000000702400000, 0x0000000702400000|100%| O|  |TAMS 0x0000000702200000| PB 0x0000000702200000| Untracked 
|   8|0x0000000702400000, 0x0000000702600000, 0x0000000702600000|100%| O|  |TAMS 0x0000000702400000| PB 0x0000000702400000| Untracked 
|   9|0x0000000702600000, 0x0000000702600000, 0x0000000702800000|  0%| F|  |TAMS 0x0000000702600000| PB 0x0000000702600000| Untracked 
|  10|0x0000000702800000, 0x0000000702800000, 0x0000000702a00000|  0%| F|  |TAMS 0x0000000702800000| PB 0x0000000702800000| Untracked 
|  11|0x0000000702a00000, 0x0000000702a00000, 0x0000000702c00000|  0%| F|  |TAMS 0x0000000702a00000| PB 0x0000000702a00000| Untracked 
|  12|0x0000000702c00000, 0x0000000702c00000, 0x0000000702e00000|  0%| F|  |TAMS 0x0000000702c00000| PB 0x0000000702c00000| Untracked 
|  13|0x0000000702e00000, 0x0000000702e00000, 0x0000000703000000|  0%| F|  |TAMS 0x0000000702e00000| PB 0x0000000702e00000| Untracked 
|  14|0x0000000703000000, 0x00000007030b7bb0, 0x0000000703200000| 35%| S|CS|TAMS 0x0000000703000000| PB 0x0000000703000000| Complete 
|  15|0x0000000703200000, 0x0000000703400000, 0x0000000703400000|100%| S|CS|TAMS 0x0000000703200000| PB 0x0000000703200000| Complete 
|  16|0x0000000703400000, 0x0000000703600000, 0x0000000703600000|100%| S|CS|TAMS 0x0000000703400000| PB 0x0000000703400000| Complete 
|  17|0x0000000703600000, 0x0000000703600000, 0x0000000703800000|  0%| F|  |TAMS 0x0000000703600000| PB 0x0000000703600000| Untracked 
|  18|0x0000000703800000, 0x0000000703800000, 0x0000000703a00000|  0%| F|  |TAMS 0x0000000703800000| PB 0x0000000703800000| Untracked 
|  19|0x0000000703a00000, 0x0000000703a00000, 0x0000000703c00000|  0%| F|  |TAMS 0x0000000703a00000| PB 0x0000000703a00000| Untracked 
|  20|0x0000000703c00000, 0x0000000703c00000, 0x0000000703e00000|  0%| F|  |TAMS 0x0000000703c00000| PB 0x0000000703c00000| Untracked 
|  21|0x0000000703e00000, 0x0000000703e00000, 0x0000000704000000|  0%| F|  |TAMS 0x0000000703e00000| PB 0x0000000703e00000| Untracked 
|  22|0x0000000704000000, 0x0000000704000000, 0x0000000704200000|  0%| F|  |TAMS 0x0000000704000000| PB 0x0000000704000000| Untracked 
|  23|0x0000000704200000, 0x0000000704200000, 0x0000000704400000|  0%| F|  |TAMS 0x0000000704200000| PB 0x0000000704200000| Untracked 
|  24|0x0000000704400000, 0x000000070454d660, 0x0000000704600000| 65%| E|  |TAMS 0x0000000704400000| PB 0x0000000704400000| Complete 
|  25|0x0000000704600000, 0x0000000704800000, 0x0000000704800000|100%| E|CS|TAMS 0x0000000704600000| PB 0x0000000704600000| Complete 
|  26|0x0000000704800000, 0x0000000704a00000, 0x0000000704a00000|100%| E|CS|TAMS 0x0000000704800000| PB 0x0000000704800000| Complete 
|  27|0x0000000704a00000, 0x0000000704c00000, 0x0000000704c00000|100%| E|CS|TAMS 0x0000000704a00000| PB 0x0000000704a00000| Complete 
| 101|0x000000070de00000, 0x000000070e000000, 0x000000070e000000|100%| E|CS|TAMS 0x000000070de00000| PB 0x000000070de00000| Complete 
| 102|0x000000070e000000, 0x000000070e200000, 0x000000070e200000|100%| E|CS|TAMS 0x000000070e000000| PB 0x000000070e000000| Complete 
| 103|0x000000070e200000, 0x000000070e400000, 0x000000070e400000|100%| E|CS|TAMS 0x000000070e200000| PB 0x000000070e200000| Complete 
| 127|0x0000000711200000, 0x0000000711400000, 0x0000000711400000|100%| E|CS|TAMS 0x0000000711200000| PB 0x0000000711200000| Complete 

Card table byte_map: [0x00000142dda00000,0x00000142de200000] _byte_map_base: 0x00000142da1f6000

Marking Bits: (CMBitMap*) 0x00000142c58b2400
 Bits: [0x00000142de200000, 0x00000142e21b0000)

Polling page: 0x00000142c3780000

Metaspace:

Usage:
  Non-class:     44.42 MB used.
      Class:      6.79 MB used.
       Both:     51.20 MB used.

Virtual space:
  Non-class space:       64.00 MB reserved,      44.75 MB ( 70%) committed,  1 nodes.
      Class space:        1.00 GB reserved,       7.06 MB ( <1%) committed,  1 nodes.
             Both:        1.06 GB reserved,      51.81 MB (  5%) committed. 

Chunk freelists:
   Non-Class:  2.66 MB
       Class:  8.92 MB
        Both:  11.58 MB

MaxMetaspaceSize: unlimited
CompressedClassSpaceSize: 1.00 GB
Initial GC threshold: 21.00 MB
Current GC threshold: 59.31 MB
CDS: on
 - commit_granule_bytes: 65536.
 - commit_granule_words: 8192.
 - virtual_space_node_default_size: 8388608.
 - enlarge_chunks_in_place: 1.
 - use_allocation_guard: 0.


Internal statistics:

num_allocs_failed_limit: 9.
num_arena_births: 716.
num_arena_deaths: 0.
num_vsnodes_births: 2.
num_vsnodes_deaths: 0.
num_space_committed: 829.
num_space_uncommitted: 0.
num_chunks_returned_to_freelist: 9.
num_chunks_taken_from_freelist: 2523.
num_chunk_merges: 9.
num_chunk_splits: 1779.
num_chunks_enlarged: 1342.
num_inconsistent_stats: 0.

CodeHeap 'non-profiled nmethods': size=120000Kb used=2948Kb max_used=2948Kb free=117051Kb
 bounds [0x00000142d5780000, 0x00000142d5a70000, 0x00000142dccb0000]
CodeHeap 'profiled nmethods': size=120000Kb used=8826Kb max_used=8826Kb free=111173Kb
 bounds [0x00000142cdcb0000, 0x00000142ce550000, 0x00000142d51e0000]
CodeHeap 'non-nmethods': size=5760Kb used=1597Kb max_used=1677Kb free=4162Kb
 bounds [0x00000142d51e0000, 0x00000142d5450000, 0x00000142d5780000]
 total_blobs=5032 nmethods=4385 adapters=551
 compilation: enabled
              stopped_count=0, restarted_count=0
 full_count=0

Compilation events (20 events):
Event: 4.900 Thread 0x00000142e9f229e0 nmethod 4538 0x00000142d5a4d910 code [0x00000142d5a4db00, 0x00000142d5a4e230]
Event: 4.900 Thread 0x00000142e9f229e0 4532       4       java.lang.reflect.Method::getDeclaredAnnotations (5 bytes)
Event: 4.910 Thread 0x00000142e9f229e0 nmethod 4532 0x00000142d5a4e810 code [0x00000142d5a4ea40, 0x00000142d5a4f5d0]
Event: 4.910 Thread 0x00000142e9f229e0 4537       4       org.springframework.core.annotation.AnnotationsScanner::process (55 bytes)
Event: 4.936 Thread 0x00000142e4e3da70 4740       3       java.security.MessageDigest::update (11 bytes)
Event: 4.936 Thread 0x00000142e4e3da70 nmethod 4740 0x00000142ce54b090 code [0x00000142ce54b240, 0x00000142ce54b508]
Event: 4.936 Thread 0x00000142e4e3da70 4742  s    3       java.lang.StringBuffer::charAt (6 bytes)
Event: 4.936 Thread 0x00000142e4e3da70 nmethod 4742 0x00000142ce54b610 code [0x00000142ce54b7c0, 0x00000142ce54b9c8]
Event: 4.936 Thread 0x00000142e4e3da70 4741       3       java.security.MessageDigest$Delegate::engineUpdate (9 bytes)
Event: 4.936 Thread 0x00000142e4e3da70 nmethod 4741 0x00000142ce54ba90 code [0x00000142ce54bc40, 0x00000142ce54be20]
Event: 4.936 Thread 0x00000142e4e3da70 4743       3       com.mysql.cj.protocol.ExportControlled$$Lambda/0x00000142813e6188::test (14 bytes)
Event: 4.936 Thread 0x00000142e4e3da70 nmethod 4743 0x00000142ce54bf10 code [0x00000142ce54c0c0, 0x00000142ce54c390]
Event: 4.936 Thread 0x00000142e4e3da70 4744       3       java.util.EnumMap::get (29 bytes)
Event: 4.937 Thread 0x00000142e4e3da70 nmethod 4744 0x00000142ce54c490 code [0x00000142ce54c660, 0x00000142ce54ca38]
Event: 4.937 Thread 0x00000142e4e3da70 4746       3       sun.security.util.DisabledAlgorithmConstraints$Constraints::permits (90 bytes)
Event: 4.937 Thread 0x00000142e4e3da70 nmethod 4746 0x00000142ce54cb90 code [0x00000142ce54ce00, 0x00000142ce54d948]
Event: 4.937 Thread 0x00000142e4e3da70 4745       3       java.util.EnumMap::isValidKey (36 bytes)
Event: 4.937 Thread 0x00000142e4e3da70 nmethod 4745 0x00000142ce54dc90 code [0x00000142ce54de60, 0x00000142ce54e0f0]
Event: 4.937 Thread 0x00000142e4e3da70 4747       3       sun.security.ssl.Record::putInt16 (31 bytes)
Event: 4.937 Thread 0x00000142e4e3da70 nmethod 4747 0x00000142ce54e210 code [0x00000142ce54e400, 0x00000142ce54e890]

GC Heap History (16 events):
Event: 0.438 GC heap before
{Heap before GC invocations=0 (full 0):
 garbage-first heap   total 262144K, used 20480K [0x0000000701400000, 0x0000000800000000)
  region size 2048K, 11 young (22528K), 0 survivors (0K)
 Metaspace       used 4822K, committed 4992K, reserved 1114112K
  class space    used 571K, committed 640K, reserved 1048576K
}
Event: 0.443 GC heap after
{Heap after GC invocations=1 (full 0):
 garbage-first heap   total 262144K, used 7190K [0x0000000701400000, 0x0000000800000000)
  region size 2048K, 2 young (4096K), 2 survivors (4096K)
 Metaspace       used 4822K, committed 4992K, reserved 1114112K
  class space    used 571K, committed 640K, reserved 1048576K
}
Event: 0.982 GC heap before
{Heap before GC invocations=1 (full 0):
 garbage-first heap   total 262144K, used 31766K [0x0000000701400000, 0x0000000800000000)
  region size 2048K, 14 young (28672K), 2 survivors (4096K)
 Metaspace       used 11701K, committed 11968K, reserved 1114112K
  class space    used 1491K, committed 1600K, reserved 1048576K
}
Event: 0.986 GC heap after
{Heap after GC invocations=2 (full 0):
 garbage-first heap   total 262144K, used 9504K [0x0000000701400000, 0x0000000800000000)
  region size 2048K, 2 young (4096K), 2 survivors (4096K)
 Metaspace       used 11701K, committed 11968K, reserved 1114112K
  class space    used 1491K, committed 1600K, reserved 1048576K
}
Event: 1.665 GC heap before
{Heap before GC invocations=2 (full 0):
 garbage-first heap   total 262144K, used 52512K [0x0000000701400000, 0x0000000800000000)
  region size 2048K, 24 young (49152K), 2 survivors (4096K)
 Metaspace       used 21165K, committed 21504K, reserved 1114112K
  class space    used 2690K, committed 2880K, reserved 1048576K
}
Event: 1.668 GC heap after
{Heap after GC invocations=3 (full 0):
 garbage-first heap   total 262144K, used 12957K [0x0000000701400000, 0x0000000800000000)
  region size 2048K, 3 young (6144K), 3 survivors (6144K)
 Metaspace       used 21165K, committed 21504K, reserved 1114112K
  class space    used 2690K, committed 2880K, reserved 1048576K
}
Event: 2.475 GC heap before
{Heap before GC invocations=4 (full 0):
 garbage-first heap   total 55296K, used 53917K [0x0000000701400000, 0x0000000800000000)
  region size 2048K, 23 young (47104K), 3 survivors (6144K)
 Metaspace       used 27035K, committed 27456K, reserved 1114112K
  class space    used 3547K, committed 3712K, reserved 1048576K
}
Event: 2.483 GC heap after
{Heap after GC invocations=5 (full 0):
 garbage-first heap   total 65536K, used 15661K [0x0000000701400000, 0x0000000800000000)
  region size 2048K, 5 young (10240K), 5 survivors (10240K)
 Metaspace       used 27035K, committed 27456K, reserved 1114112K
  class space    used 3547K, committed 3712K, reserved 1048576K
}
Event: 3.327 GC heap before
{Heap before GC invocations=5 (full 0):
 garbage-first heap   total 65536K, used 32045K [0x0000000701400000, 0x0000000800000000)
  region size 2048K, 14 young (28672K), 5 survivors (10240K)
 Metaspace       used 35575K, committed 35968K, reserved 1114112K
  class space    used 4489K, committed 4672K, reserved 1048576K
}
Event: 3.336 GC heap after
{Heap after GC invocations=6 (full 0):
 garbage-first heap   total 65536K, used 18704K [0x0000000701400000, 0x0000000800000000)
  region size 2048K, 2 young (4096K), 2 survivors (4096K)
 Metaspace       used 35575K, committed 35968K, reserved 1114112K
  class space    used 4489K, committed 4672K, reserved 1048576K
}
Event: 3.363 GC heap before
{Heap before GC invocations=6 (full 0):
 garbage-first heap   total 65536K, used 18704K [0x0000000701400000, 0x0000000800000000)
  region size 2048K, 3 young (6144K), 2 survivors (4096K)
 Metaspace       used 35872K, committed 36288K, reserved 1114112K
  class space    used 4529K, committed 4736K, reserved 1048576K
}
Event: 3.367 GC heap after
{Heap after GC invocations=7 (full 0):
 garbage-first heap   total 65536K, used 18053K [0x0000000701400000, 0x0000000800000000)
  region size 2048K, 2 young (4096K), 2 survivors (4096K)
 Metaspace       used 35872K, committed 36288K, reserved 1114112K
  class space    used 4529K, committed 4736K, reserved 1048576K
}
Event: 4.018 GC heap before
{Heap before GC invocations=8 (full 0):
 garbage-first heap   total 65536K, used 48773K [0x0000000701400000, 0x0000000800000000)
  region size 2048K, 18 young (36864K), 2 survivors (4096K)
 Metaspace       used 44292K, committed 44736K, reserved 1114112K
  class space    used 5777K, committed 5952K, reserved 1048576K
}
Event: 4.024 GC heap after
{Heap after GC invocations=9 (full 0):
 garbage-first heap   total 65536K, used 19652K [0x0000000701400000, 0x0000000800000000)
  region size 2048K, 3 young (6144K), 3 survivors (6144K)
 Metaspace       used 44292K, committed 44736K, reserved 1114112K
  class space    used 5777K, committed 5952K, reserved 1048576K
}
Event: 4.582 GC heap before
{Heap before GC invocations=9 (full 0):
 garbage-first heap   total 65536K, used 50372K [0x0000000701400000, 0x0000000800000000)
  region size 2048K, 18 young (36864K), 3 survivors (6144K)
 Metaspace       used 50176K, committed 50688K, reserved 1114112K
  class space    used 6681K, committed 6912K, reserved 1048576K
}
Event: 4.596 GC heap after
{Heap after GC invocations=10 (full 0):
 garbage-first heap   total 65536K, used 22610K [0x0000000701400000, 0x0000000800000000)
  region size 2048K, 3 young (6144K), 3 survivors (6144K)
 Metaspace       used 50176K, committed 50688K, reserved 1114112K
  class space    used 6681K, committed 6912K, reserved 1048576K
}

Dll operation events (11 events):
Event: 0.006 Loaded shared library C:\Program Files\Java\jdk-21\bin\java.dll
Event: 0.033 Loaded shared library C:\Program Files\Java\jdk-21\bin\jsvml.dll
Event: 0.044 Loaded shared library C:\Program Files\Java\jdk-21\bin\net.dll
Event: 0.046 Loaded shared library C:\Program Files\Java\jdk-21\bin\nio.dll
Event: 0.048 Loaded shared library C:\Program Files\Java\jdk-21\bin\zip.dll
Event: 0.083 Loaded shared library C:\Program Files\Java\jdk-21\bin\management.dll
Event: 0.087 Loaded shared library C:\Program Files\Java\jdk-21\bin\management_ext.dll
Event: 0.099 Loaded shared library C:\Program Files\Java\jdk-21\bin\jimage.dll
Event: 2.627 Loaded shared library C:\Program Files\Java\jdk-21\bin\extnet.dll
Event: 2.813 Loaded shared library C:\Program Files\Java\jdk-21\bin\sunmscapi.dll
Event: 3.563 Loaded shared library C:\Program Files\Java\jdk-21\bin\verify.dll

Deoptimization events (20 events):
Event: 4.861 Thread 0x00000142c361f850 Uncommon trap: trap_request=0xffffffde fr.pc=0x00000142d5a0c9ac relative=0x0000000000000e2c
Event: 4.861 Thread 0x00000142c361f850 Uncommon trap: reason=class_check action=maybe_recompile pc=0x00000142d5a0c9ac method=org.springframework.core.annotation.AnnotationsScanner.isWithoutHierarchy(Ljava/lang/reflect/AnnotatedElement;Lorg/springframework/core/annotation/MergedAnnotations$Sear
Event: 4.861 Thread 0x00000142c361f850 DEOPT PACKING pc=0x00000142d5a0c9ac sp=0x0000001c689fd370
Event: 4.861 Thread 0x00000142c361f850 DEOPT UNPACKING pc=0x00000142d52346a2 sp=0x0000001c689fd210 mode 2
Event: 4.861 Thread 0x00000142c361f850 Uncommon trap: trap_request=0xffffffde fr.pc=0x00000142d5a27870 relative=0x0000000000004d90
Event: 4.861 Thread 0x00000142c361f850 Uncommon trap: reason=class_check action=maybe_recompile pc=0x00000142d5a27870 method=org.springframework.core.annotation.AnnotationsScanner.processClassHierarchy(Ljava/lang/Object;[ILjava/lang/Class;Lorg/springframework/core/annotation/AnnotationsProcess
Event: 4.861 Thread 0x00000142c361f850 DEOPT PACKING pc=0x00000142d5a27870 sp=0x0000001c689fd350
Event: 4.861 Thread 0x00000142c361f850 DEOPT UNPACKING pc=0x00000142d52346a2 sp=0x0000001c689fd058 mode 2
Event: 4.862 Thread 0x00000142c361f850 Uncommon trap: trap_request=0xffffffde fr.pc=0x00000142d5a41208 relative=0x0000000000002888
Event: 4.862 Thread 0x00000142c361f850 Uncommon trap: reason=class_check action=maybe_recompile pc=0x00000142d5a41208 method=org.springframework.core.annotation.AnnotationsScanner.processMethodInheritedAnnotations(Ljava/lang/Object;Ljava/lang/reflect/Method;Lorg/springframework/core/annotation
Event: 4.862 Thread 0x00000142c361f850 DEOPT PACKING pc=0x00000142d5a41208 sp=0x0000001c689fd2a0
Event: 4.862 Thread 0x00000142c361f850 DEOPT UNPACKING pc=0x00000142d52346a2 sp=0x0000001c689fd138 mode 2
Event: 4.889 Thread 0x00000142c361f850 Uncommon trap: trap_request=0xffffffde fr.pc=0x00000142d5877760 relative=0x0000000000001b00
Event: 4.889 Thread 0x00000142c361f850 Uncommon trap: reason=class_check action=maybe_recompile pc=0x00000142d5877760 method=java.util.zip.InflaterInputStream.read([BII)I @ 78 c2
Event: 4.889 Thread 0x00000142c361f850 DEOPT PACKING pc=0x00000142d5877760 sp=0x0000001c689f9e60
Event: 4.889 Thread 0x00000142c361f850 DEOPT UNPACKING pc=0x00000142d52346a2 sp=0x0000001c689f9ec0 mode 2
Event: 4.889 Thread 0x00000142c361f850 Uncommon trap: trap_request=0xffffffde fr.pc=0x00000142d5877760 relative=0x0000000000001b00
Event: 4.889 Thread 0x00000142c361f850 Uncommon trap: reason=class_check action=maybe_recompile pc=0x00000142d5877760 method=java.util.zip.InflaterInputStream.read([BII)I @ 78 c2
Event: 4.889 Thread 0x00000142c361f850 DEOPT PACKING pc=0x00000142d5877760 sp=0x0000001c689f9e60
Event: 4.889 Thread 0x00000142c361f850 DEOPT UNPACKING pc=0x00000142d52346a2 sp=0x0000001c689f9ec0 mode 2

Classes loaded (20 events):
Event: 4.886 Loading class java/lang/instrument/Instrumentation
Event: 4.886 Loading class java/lang/instrument/Instrumentation done
Event: 4.889 Loading class java/util/jar/JarInputStream
Event: 4.889 Loading class java/util/zip/ZipInputStream
Event: 4.889 Loading class java/util/zip/ZipInputStream done
Event: 4.889 Loading class java/util/jar/JarInputStream done
Event: 4.889 Loading class java/io/PushbackInputStream
Event: 4.889 Loading class java/io/PushbackInputStream done
Event: 4.889 Loading class sun/security/util/ManifestEntryVerifier
Event: 4.889 Loading class sun/security/util/ManifestEntryVerifier done
Event: 4.891 Loading class java/lang/ProcessBuilder
Event: 4.891 Loading class java/lang/ProcessBuilder done
Event: 4.891 Loading class java/lang/ProcessImpl
Event: 4.891 Loading class java/lang/ProcessImpl done
Event: 4.895 Loading class java/lang/ProcessImpl$2
Event: 4.895 Loading class java/lang/ProcessImpl$2 done
Event: 4.895 Loading class java/lang/Process$PipeInputStream
Event: 4.895 Loading class java/lang/Process$PipeInputStream done
Event: 4.895 Loading class jdk/internal/event/ProcessStartEvent
Event: 4.895 Loading class jdk/internal/event/ProcessStartEvent done

Classes unloaded (0 events):
No events

Classes redefined (0 events):
No events

Internal exceptions (20 events):
Event: 4.288 Thread 0x00000142c361f850 Exception <a 'java/lang/NoSuchMethodError'{0x00000007047879c0}: 'java.lang.Object java.lang.invoke.DirectMethodHandle$Holder.invokeVirtual(java.lang.Object, java.lang.Object, java.lang.Object, java.lang.Object, java.lang.Object, java.lang.Object)'> (0x00000007047879c0) 
thrown [s\open\src\hotspot\share\interpreter\linkResolver.cpp, line 773]
Event: 4.298 Thread 0x00000142c361f850 Exception <a 'java/lang/NoSuchMethodError'{0x0000000704402f58}: 'void java.lang.invoke.DirectMethodHandle$Holder.invokeInterface(java.lang.Object, java.lang.Object, int)'> (0x0000000704402f58) 
thrown [s\open\src\hotspot\share\interpreter\linkResolver.cpp, line 773]
Event: 4.303 Thread 0x00000142c361f850 Exception <a 'java/lang/IncompatibleClassChangeError'{0x0000000704445480}: Found class java.lang.Object, but interface was expected> (0x0000000704445480) 
thrown [s\open\src\hotspot\share\interpreter\linkResolver.cpp, line 840]
Event: 4.304 Thread 0x00000142c361f850 Exception <a 'java/lang/NoSuchMethodError'{0x00000007044539d8}: 'int java.lang.invoke.DirectMethodHandle$Holder.invokeSpecialIFC(java.lang.Object, java.lang.Object, java.lang.Object)'> (0x00000007044539d8) 
thrown [s\open\src\hotspot\share\interpreter\linkResolver.cpp, line 773]
Event: 4.305 Thread 0x00000142c361f850 Exception <a 'java/lang/NoSuchMethodError'{0x0000000704460098}: 'void java.lang.invoke.DirectMethodHandle$Holder.invokeStatic(java.lang.Object, int, java.lang.Object)'> (0x0000000704460098) 
thrown [s\open\src\hotspot\share\interpreter\linkResolver.cpp, line 773]
Event: 4.371 Thread 0x00000142c361f850 Exception <a 'java/lang/NoSuchMethodError'{0x00000007040c1fb0}: 'java.lang.Object java.lang.invoke.DirectMethodHandle$Holder.newInvokeSpecial(java.lang.Object, java.lang.Object, java.lang.Object, java.lang.Object, java.lang.Object, java.lang.Object, java.lang.Object, java.lang.Object)'> (0x00000007040c1fb0) 
thrown [s\open\src\hotspot\share\interpreter\linkResolver.cpp, line 773]
Event: 4.514 Thread 0x00000142c361f850 Exception <a 'java/lang/NoSuchMethodError'{0x00000007039e0b50}: 'void java.lang.invoke.DirectMethodHandle$Holder.invokeVirtual(java.lang.Object, java.lang.Object, long)'> (0x00000007039e0b50) 
thrown [s\open\src\hotspot\share\interpreter\linkResolver.cpp, line 773]
Event: 4.699 Thread 0x00000142c361f850 Exception <a 'java/lang/IncompatibleClassChangeError'{0x000000070e056998}: Found class java.lang.Object, but interface was expected> (0x000000070e056998) 
thrown [s\open\src\hotspot\share\interpreter\linkResolver.cpp, line 840]
Event: 4.727 Thread 0x00000142c361f850 Exception <a 'java/lang/NoSuchMethodError'{0x000000070de46c30}: 'int java.lang.invoke.DirectMethodHandle$Holder.invokeStaticInit(java.lang.Object, java.lang.Object, java.lang.Object, java.lang.Object)'> (0x000000070de46c30) 
thrown [s\open\src\hotspot\share\interpreter\linkResolver.cpp, line 773]
Event: 4.790 Thread 0x00000142c361f850 Implicit null exception at 0x00000142d58da70b to 0x00000142d58da98c
Event: 4.815 Thread 0x00000142c361f850 Exception <a 'java/lang/NoSuchMethodError'{0x0000000704628140}: 'java.lang.Object java.lang.invoke.DirectMethodHandle$Holder.newInvokeSpecial(java.lang.Object, java.lang.Object, int, java.lang.Object, java.lang.Object)'> (0x0000000704628140) 
thrown [s\open\src\hotspot\share\interpreter\linkResolver.cpp, line 773]
Event: 4.816 Thread 0x00000142c361f850 Exception <a 'java/lang/NoSuchMethodError'{0x0000000704633550}: 'java.lang.Object java.lang.invoke.DirectMethodHandle$Holder.invokeSpecial(java.lang.Object, java.lang.Object, int, java.lang.Object, int, java.lang.Object)'> (0x0000000704633550) 
thrown [s\open\src\hotspot\share\interpreter\linkResolver.cpp, line 773]
Event: 4.816 Thread 0x00000142c361f850 Exception <a 'java/lang/NoSuchMethodError'{0x000000070463af10}: 'java.lang.Object java.lang.invoke.DirectMethodHandle$Holder.newInvokeSpecial(java.lang.Object, java.lang.Object, int, java.lang.Object, int)'> (0x000000070463af10) 
thrown [s\open\src\hotspot\share\interpreter\linkResolver.cpp, line 773]
Event: 4.816 Thread 0x00000142c361f850 Exception <a 'java/lang/NoSuchMethodError'{0x000000070463f2e0}: 'java.lang.Object java.lang.invoke.DirectMethodHandle$Holder.invokeSpecial(java.lang.Object, java.lang.Object, java.lang.Object, int, java.lang.Object, int)'> (0x000000070463f2e0) 
thrown [s\open\src\hotspot\share\interpreter\linkResolver.cpp, line 773]
Event: 4.862 Thread 0x00000142c361f850 Exception <a 'java/lang/NoSuchMethodError'{0x00000007047b57d8}: 'java.lang.Object java.lang.invoke.DirectMethodHandle$Holder.newInvokeSpecial(java.lang.Object, java.lang.Object, java.lang.Object, java.lang.Object, int)'> (0x00000007047b57d8) 
thrown [s\open\src\hotspot\share\interpreter\linkResolver.cpp, line 773]
Event: 4.862 Thread 0x00000142c361f850 Exception <a 'java/lang/NoSuchMethodError'{0x00000007047b9a38}: 'java.lang.Object java.lang.invoke.DirectMethodHandle$Holder.invokeSpecial(java.lang.Object, java.lang.Object, java.lang.Object, java.lang.Object, java.lang.Object, int)'> (0x00000007047b9a38) 
thrown [s\open\src\hotspot\share\interpreter\linkResolver.cpp, line 773]
Event: 4.863 Thread 0x00000142c361f850 Exception <a 'java/lang/NoSuchMethodError'{0x00000007047bd558}: 'java.lang.Object java.lang.invoke.Invokers$Holder.linkToTargetMethod(java.lang.Object, java.lang.Object, java.lang.Object, int, java.lang.Object)'> (0x00000007047bd558) 
thrown [s\open\src\hotspot\share\interpreter\linkResolver.cpp, line 773]
Event: 4.880 Thread 0x00000142c361f850 Exception <a 'java/lang/NoSuchMethodError'{0x00000007044a5b60}: method resolution failed> (0x00000007044a5b60) 
thrown [s\open\src\hotspot\share\prims\methodHandles.cpp, line 1144]
Event: 4.886 Thread 0x00000142c361f850 Exception <a 'java/lang/NoSuchMethodError'{0x00000007044da6e0}: 'long java.lang.invoke.DelegatingMethodHandle$Holder.reinvoke_L(java.lang.Object, java.lang.Object)'> (0x00000007044da6e0) 
thrown [s\open\src\hotspot\share\interpreter\linkResolver.cpp, line 773]
Event: 4.895 Thread 0x00000142c361f850 Exception <a 'java/lang/NoSuchMethodError'{0x0000000704501b50}: 'void java.lang.invoke.DirectMethodHandle$Holder.invokeStatic(java.lang.Object, long)'> (0x0000000704501b50) 
thrown [s\open\src\hotspot\share\interpreter\linkResolver.cpp, line 773]

ZGC Phase Switch (0 events):
No events

VM Operations (20 events):
Event: 3.376 Executing VM operation: G1PauseRemark
Event: 3.380 Executing VM operation: G1PauseRemark done
Event: 3.383 Executing VM operation: G1PauseCleanup
Event: 3.383 Executing VM operation: G1PauseCleanup done
Event: 3.391 Executing VM operation: HandshakeAllThreads (Deoptimize)
Event: 3.391 Executing VM operation: HandshakeAllThreads (Deoptimize) done
Event: 4.018 Executing VM operation: G1CollectForAllocation (G1 Evacuation Pause)
Event: 4.024 Executing VM operation: G1CollectForAllocation (G1 Evacuation Pause) done
Event: 4.332 Executing VM operation: HandshakeAllThreads (Deoptimize)
Event: 4.332 Executing VM operation: HandshakeAllThreads (Deoptimize) done
Event: 4.405 Executing VM operation: ICBufferFull
Event: 4.405 Executing VM operation: ICBufferFull done
Event: 4.424 Executing VM operation: HandshakeAllThreads (Deoptimize)
Event: 4.424 Executing VM operation: HandshakeAllThreads (Deoptimize) done
Event: 4.536 Executing VM operation: HandshakeAllThreads (Deoptimize)
Event: 4.536 Executing VM operation: HandshakeAllThreads (Deoptimize) done
Event: 4.582 Executing VM operation: G1CollectForAllocation (G1 Evacuation Pause)
Event: 4.596 Executing VM operation: G1CollectForAllocation (G1 Evacuation Pause) done
Event: 4.682 Executing VM operation: HandshakeAllThreads (Deoptimize)
Event: 4.682 Executing VM operation: HandshakeAllThreads (Deoptimize) done

Events (20 events):
Event: 3.380 Thread 0x00000142c36133f0 flushing nmethod 0x00000142d57e0a10
Event: 3.380 Thread 0x00000142c36133f0 flushing nmethod 0x00000142d57d7e10
Event: 3.380 Thread 0x00000142c36133f0 flushing nmethod 0x00000142d57d2a10
Event: 3.380 Thread 0x00000142c36133f0 flushing nmethod 0x00000142d57c9310
Event: 3.380 Thread 0x00000142c36133f0 flushing nmethod 0x00000142d57cd790
Event: 3.380 Thread 0x00000142c36133f0 flushing nmethod 0x00000142d57c3790
Event: 3.380 Thread 0x00000142c36133f0 flushing nmethod 0x00000142d57c6090
Event: 3.380 Thread 0x00000142c36133f0 flushing nmethod 0x00000142d57b8290
Event: 3.380 Thread 0x00000142c36133f0 flushing nmethod 0x00000142d57b6490
Event: 3.380 Thread 0x00000142c36133f0 flushing nmethod 0x00000142d57b5b90
Event: 3.380 Thread 0x00000142c36133f0 flushing nmethod 0x00000142d57ad990
Event: 3.380 Thread 0x00000142c36133f0 flushing nmethod 0x00000142d57a6e90
Event: 3.380 Thread 0x00000142c36133f0 flushing nmethod 0x00000142d57a6110
Event: 3.380 Thread 0x00000142c36133f0 flushing nmethod 0x00000142d5799d10
Event: 3.380 Thread 0x00000142c36133f0 flushing nmethod 0x00000142d5799310
Event: 3.380 Thread 0x00000142c36133f0 flushing nmethod 0x00000142d5798d10
Event: 3.380 Thread 0x00000142c36133f0 flushing nmethod 0x00000142d5793590
Event: 3.380 Thread 0x00000142c36133f0 flushing nmethod 0x00000142d5787e90
Event: 3.380 Thread 0x00000142c36133f0 flushing nmethod 0x00000142d5787210
Event: 4.191 Thread 0x00000142e9f229e0 Thread added: 0x00000142e9f229e0


Dynamic libraries:
0x00007ff6d5270000 - 0x00007ff6d5280000 	C:\Program Files\Java\jdk-21\bin\java.exe
0x00007ffa903f0000 - 0x00007ffa905e7000 	C:\WINDOWS\SYSTEM32\ntdll.dll
0x00007ffa8f220000 - 0x00007ffa8f2dd000 	C:\WINDOWS\System32\KERNEL32.DLL
0x00007ffa8dd10000 - 0x00007ffa8e006000 	C:\WINDOWS\System32\KERNELBASE.dll
0x00007ffa8e0f0000 - 0x00007ffa8e1f0000 	C:\WINDOWS\System32\ucrtbase.dll
0x00007ffa61030000 - 0x00007ffa6104b000 	C:\Program Files\Java\jdk-21\bin\VCRUNTIME140.dll
0x00007ffa613b0000 - 0x00007ffa613c9000 	C:\Program Files\Java\jdk-21\bin\jli.dll
0x00007ffa8ed70000 - 0x00007ffa8ee1e000 	C:\WINDOWS\System32\ADVAPI32.dll
0x00007ffa901e0000 - 0x00007ffa9027e000 	C:\WINDOWS\System32\msvcrt.dll
0x00007ffa8f2e0000 - 0x00007ffa8f37c000 	C:\WINDOWS\System32\sechost.dll
0x00007ffa8ebb0000 - 0x00007ffa8ecd6000 	C:\WINDOWS\System32\RPCRT4.dll
0x00007ffa8f080000 - 0x00007ffa8f21e000 	C:\WINDOWS\System32\USER32.dll
0x00007ffa8e010000 - 0x00007ffa8e032000 	C:\WINDOWS\System32\win32u.dll
0x00007ffa75fa0000 - 0x00007ffa7623a000 	C:\WINDOWS\WinSxS\amd64_microsoft.windows.common-controls_6595b64144ccf1df_6.0.19041.3570_none_60bb2a3971f3e41a\COMCTL32.dll
0x00007ffa8ea10000 - 0x00007ffa8ea3c000 	C:\WINDOWS\System32\GDI32.dll
0x00007ffa8e330000 - 0x00007ffa8e44a000 	C:\WINDOWS\System32\gdi32full.dll
0x00007ffa8e1f0000 - 0x00007ffa8e28d000 	C:\WINDOWS\System32\msvcp_win.dll
0x00007ffa8b8c0000 - 0x00007ffa8b8ca000 	C:\WINDOWS\SYSTEM32\VERSION.dll
0x00007ffa8f380000 - 0x00007ffa8f3b0000 	C:\WINDOWS\System32\IMM32.DLL
0x00007ffa82240000 - 0x00007ffa8224c000 	C:\Program Files\Java\jdk-21\bin\vcruntime140_1.dll
0x00007ffa4a0b0000 - 0x00007ffa4a13e000 	C:\Program Files\Java\jdk-21\bin\msvcp140.dll
0x00007ffa354d0000 - 0x00007ffa361e3000 	C:\Program Files\Java\jdk-21\bin\server\jvm.dll
0x00007ffa8fee0000 - 0x00007ffa8ff4b000 	C:\WINDOWS\System32\WS2_32.dll
0x00007ffa8d040000 - 0x00007ffa8d08b000 	C:\WINDOWS\SYSTEM32\POWRPROF.dll
0x00007ffa7c4b0000 - 0x00007ffa7c4d7000 	C:\WINDOWS\SYSTEM32\WINMM.dll
0x00007ffa8ceb0000 - 0x00007ffa8cec2000 	C:\WINDOWS\SYSTEM32\UMPDC.dll
0x00007ffa8c2b0000 - 0x00007ffa8c2c2000 	C:\WINDOWS\SYSTEM32\kernel.appcore.dll
0x00007ffa78510000 - 0x00007ffa7851a000 	C:\Program Files\Java\jdk-21\bin\jimage.dll
0x00007ffa89000000 - 0x00007ffa891e4000 	C:\WINDOWS\SYSTEM32\DBGHELP.DLL
0x00007ffa70ee0000 - 0x00007ffa70f14000 	C:\WINDOWS\SYSTEM32\dbgcore.DLL
0x00007ffa8dc80000 - 0x00007ffa8dd02000 	C:\WINDOWS\System32\bcryptPrimitives.dll
0x00007ffa5e720000 - 0x00007ffa5e73f000 	C:\Program Files\Java\jdk-21\bin\java.dll
0x00007ffa8f770000 - 0x00007ffa8feb4000 	C:\WINDOWS\System32\SHELL32.dll
0x00007ffa8bb10000 - 0x00007ffa8c2ab000 	C:\WINDOWS\SYSTEM32\windows.storage.dll
0x00007ffa8f410000 - 0x00007ffa8f764000 	C:\WINDOWS\System32\combase.dll
0x00007ffa8d490000 - 0x00007ffa8d4bd000 	C:\WINDOWS\SYSTEM32\Wldp.dll
0x00007ffa8eaa0000 - 0x00007ffa8eb4d000 	C:\WINDOWS\System32\SHCORE.dll
0x00007ffa8eb50000 - 0x00007ffa8eba5000 	C:\WINDOWS\System32\shlwapi.dll
0x00007ffa8da00000 - 0x00007ffa8da25000 	C:\WINDOWS\SYSTEM32\profapi.dll
0x00007ffa46d10000 - 0x00007ffa46de7000 	C:\Program Files\Java\jdk-21\bin\jsvml.dll
0x00007ffa782c0000 - 0x00007ffa782d0000 	C:\Program Files\Java\jdk-21\bin\net.dll
0x00007ffa84570000 - 0x00007ffa8467a000 	C:\WINDOWS\SYSTEM32\WINHTTP.dll
0x00007ffa8d210000 - 0x00007ffa8d27a000 	C:\WINDOWS\system32\mswsock.dll
0x00007ffa5e1f0000 - 0x00007ffa5e206000 	C:\Program Files\Java\jdk-21\bin\nio.dll
0x00007ffa5d3d0000 - 0x00007ffa5d3e8000 	C:\Program Files\Java\jdk-21\bin\zip.dll
0x00007ffa87200000 - 0x00007ffa8720a000 	C:\Program Files\Java\jdk-21\bin\management.dll
0x00007ffa828b0000 - 0x00007ffa828bb000 	C:\Program Files\Java\jdk-21\bin\management_ext.dll
0x00007ffa8e8e0000 - 0x00007ffa8e8e8000 	C:\WINDOWS\System32\PSAPI.DLL
0x00007ffa8cf10000 - 0x00007ffa8cfda000 	C:\WINDOWS\SYSTEM32\DNSAPI.dll
0x00007ffa8ced0000 - 0x00007ffa8cf0b000 	C:\WINDOWS\SYSTEM32\IPHLPAPI.DLL
0x00007ffa8e460000 - 0x00007ffa8e468000 	C:\WINDOWS\System32\NSI.dll
0x00007ffa85230000 - 0x00007ffa8523a000 	C:\Windows\System32\rasadhlp.dll
0x00007ffa78b20000 - 0x00007ffa78ba2000 	C:\WINDOWS\System32\fwpuclnt.dll
0x00007ffa8e290000 - 0x00007ffa8e2b7000 	C:\WINDOWS\System32\bcrypt.dll
0x00007ffa828a0000 - 0x00007ffa828a7000 	C:\Program Files\Java\jdk-21\bin\extnet.dll
0x00007ffa8d3f0000 - 0x00007ffa8d408000 	C:\WINDOWS\SYSTEM32\CRYPTSP.dll
0x00007ffa8cad0000 - 0x00007ffa8cb04000 	C:\WINDOWS\system32\rsaenh.dll
0x00007ffa8d9c0000 - 0x00007ffa8d9ee000 	C:\WINDOWS\SYSTEM32\USERENV.dll
0x00007ffa8d3b0000 - 0x00007ffa8d3bc000 	C:\WINDOWS\SYSTEM32\CRYPTBASE.dll
0x00007ffa75730000 - 0x00007ffa7573e000 	C:\Program Files\Java\jdk-21\bin\sunmscapi.dll
0x00007ffa8dad0000 - 0x00007ffa8dc2d000 	C:\WINDOWS\System32\CRYPT32.dll
0x00007ffa8d560000 - 0x00007ffa8d587000 	C:\WINDOWS\SYSTEM32\ncrypt.dll
0x00007ffa8d520000 - 0x00007ffa8d55b000 	C:\WINDOWS\SYSTEM32\NTASN1.dll
0x00007ffa75de0000 - 0x00007ffa75df0000 	C:\Program Files\Java\jdk-21\bin\verify.dll

dbghelp: loaded successfully - version: 4.0.5 - missing functions: none
symbol engine: initialized successfully - sym options: 0x614 - pdb path: .;C:\Program Files\Java\jdk-21\bin;C:\WINDOWS\SYSTEM32;C:\WINDOWS\WinSxS\amd64_microsoft.windows.common-controls_6595b64144ccf1df_6.0.19041.3570_none_60bb2a3971f3e41a;C:\Program Files\Java\jdk-21\bin\server

VM Arguments:
java_command: C:\Users\peg2s\AppData\Local\Temp\surefire12878994572394286209\surefirebooter-20231018233038698_3.jar C:\Users\peg2s\AppData\Local\Temp\surefire12878994572394286209 2023-10-18T23-30-38_544-jvmRun1 surefire-20231018233038698_1tmp surefire_0-20231018233038698_2tmp
java_class_path (initial): C:\Users\peg2s\AppData\Local\Temp\surefire12878994572394286209\surefirebooter-20231018233038698_3.jar
Launcher Type: SUN_STANDARD

[Global flags]
     intx CICompilerCount                          = 4                                         {product} {ergonomic}
     uint ConcGCThreads                            = 3                                         {product} {ergonomic}
     uint G1ConcRefinementThreads                  = 10                                        {product} {ergonomic}
   size_t G1HeapRegionSize                         = 2097152                                   {product} {ergonomic}
    uintx GCDrainStackTargetSize                   = 64                                        {product} {ergonomic}
   size_t InitialHeapSize                          = 268435456                                 {product} {ergonomic}
   size_t MarkStackSize                            = 4194304                                   {product} {ergonomic}
   size_t MaxHeapSize                              = 4273995776                                {product} {ergonomic}
   size_t MaxNewSize                               = 2562719744                                {product} {ergonomic}
   size_t MinHeapDeltaBytes                        = 2097152                                   {product} {ergonomic}
   size_t MinHeapSize                              = 8388608                                   {product} {ergonomic}
    uintx NonNMethodCodeHeapSize                   = 5839372                                {pd product} {ergonomic}
    uintx NonProfiledCodeHeapSize                  = 122909434                              {pd product} {ergonomic}
    uintx ProfiledCodeHeapSize                     = 122909434                              {pd product} {ergonomic}
    uintx ReservedCodeCacheSize                    = 251658240                              {pd product} {ergonomic}
     bool SegmentedCodeCache                       = true                                      {product} {ergonomic}
   size_t SoftMaxHeapSize                          = 4273995776                             {manageable} {ergonomic}
     bool UseCompressedOops                        = true                           {product lp64_product} {ergonomic}
     bool UseG1GC                                  = true                                      {product} {ergonomic}
     bool UseLargePagesIndividualAllocation        = false                                  {pd product} {ergonomic}

Logging:
Log output configuration:
 #0: stdout all=warning uptime,level,tags foldmultilines=false
 #1: stderr all=off uptime,level,tags foldmultilines=false

Environment Variables:
JAVA_HOME=C:\Program Files\Java\jdk-21
PATH=C:\Python311\Scripts\;C:\Python311\;C:\Program Files\ImageMagick-7.1.0-Q16-HDRI;C:\Program Files\Common Files\Oracle\Java\javapath;C:\Program Files (x86)\Razer\ChromaBroadcast\bin;C:\Program Files\Razer\ChromaBroadcast\bin;C:\Perl64\bin;C:\Users\peg2s\AppData\Roaming\ActiveState\bin;C:\Program Files (x86)\Common Files\Intel\Shared Libraries\redist\intel64\compiler;C:\Windows\system32;C:\Windows;C:\Windows\System32\Wbem;C:\Windows\System32\WindowsPowerShell\v1.0\;C:\Windows\System32\OpenSSH\;C:\Program Files\NVIDIA Corporation\NVIDIA NvDLISR;C:\Program Files\Microsoft SQL Server\130\Tools\Binn\;C:\PHP7;D:\Matlab\R2020a\bin;C:\WINDOWS\system32;C:\WINDOWS;C:\WINDOWS\System32\Wbem;C:\WINDOWS\System32\WindowsPowerShell\v1.0\;C:\WINDOWS\System32\OpenSSH\;C:\Program Files\Wolfram Research\WolframScript\;C:\Program Files\PuTTY\;C:\Program Files\Git\cmd;C:\WINDOWS\system32\config\systemprofile\AppData\Local\Microsoft\WindowsApps;C:\WINDOWS\system32;C:\WINDOWS;C:\WINDOWS\System32\Wbem;C:\WINDOWS\System32\WindowsPowerShell\v1.0\;C:\WINDOWS\System32\OpenSSH\;C:\ffmpeg;C:\Program Files (x86)\NVIDIA Corporation\PhysX\Common;C:\Users\peg2s\AppData\Local\bin\NASM;C:\Users\peg2s\AppData\Local\Programs\Python\Python38;C:\Users\peg2s\AppData\Local\Programs\Python\Python38\Scripts;C:\Program Files\7-Zip;C:\MinGW\bin;C:\Program Files (x86)\GnuWin32\bin;C:\Program Files\nodejs\;C:\ProgramData\chocolatey\bin;C:\Program Files\dotnet\;C:\Users\peg2s\AppData\Roaming\Python\Python311\Scripts;C:\Program Files\Docker\Docker\resources\bin;C:\Strawberry\c\bin;C:\Strawberry\perl\site\bin;C:\Strawberry\perl\bin;C:\texlive\2022\bin;C:\Program Files (x86)\Microsoft SDKs\Windows\v7.0A\bin;C:\Program Files\apache-maven-3.9.5\bin;C:\Users\peg2s\AppData\Local\ActiveState\StateTool\release\bin;C:\Users\peg2s\.cargo\bin;C:\Users\peg2s\AppData\Local\activestate\cache\bin;C:\Users\peg;C:\Users\peg2s\AppData\Local\Programs\Microsoft VS Code\bin;C:\Users\peg2s\AppData\Roaming\npm;C:\texlive\2022\bin\win32;C:\Users\peg2s\AppData\Local\GitHubDesktop\bin
USERNAME=peg2s
LANG=en_US.UTF-8
OS=Windows_NT
PROCESSOR_IDENTIFIER=Intel64 Family 6 Model 158 Stepping 10, GenuineIntel
TMP=C:\Users\peg2s\AppData\Local\Temp
TEMP=C:\Users\peg2s\AppData\Local\Temp




---------------  S Y S T E M  ---------------

OS:
 Windows 10 , 64 bit Build 19041 (10.0.19041.3570)
OS uptime: 3 days 2:08 hours
Hyper-V role detected

CPU: total 12 (initial active 12) (6 cores per cpu, 2 threads per core) family 6 model 158 stepping 10 microcode 0xea, cx8, cmov, fxsr, ht, mmx, 3dnowpref, sse, sse2, sse3, ssse3, sse4.1, sse4.2, popcnt, lzcnt, tsc, tscinvbit, avx, avx2, aes, erms, clmul, bmi1, bmi2, adx, fma, vzeroupper, clflush, clflushopt, hv, rdtscp, f16c
Processor Information for all 12 processors :
  Max Mhz: 2592, Current Mhz: 2592, Mhz Limit: 2592

Memory: 4k page, system-wide physical 16303M (2208M free)
TotalPageFile size 23729M (AvailPageFile size 5M)
current process WorkingSet (physical memory assigned to process): 249M, peak: 254M
current process commit charge ("private bytes"): 292M, peak: 402M

vm_info: Java HotSpot(TM) 64-Bit Server VM (21+35-LTS-2513) for windows-amd64 JRE (21+35-LTS-2513), built on 2023-08-09T20:25:10Z by "mach5one" with MS VC++ 17.1 (VS2022)

END.
