#
# There is insufficient memory for the Java Runtime Environment to continue.
# Native memory allocation (malloc) failed to allocate 1788528 bytes for Chunk::new
# Possible reasons:
#   The system is out of physical RAM or swap space
#   The process is running with CompressedOops enabled, and the Java Heap may be blocking the growth of the native heap
# Possible solutions:
#   Reduce memory load on the system
#   Increase physical memory or swap space
#   Check if swap backing store is full
#   Decrease Java heap size (-Xmx/-Xms)
#   Decrease number of Java threads
#   Decrease Java thread stack sizes (-Xss)
#   Set larger code cache with -XX:ReservedCodeCacheSize=
#   JVM is running with Zero Based Compressed Oops mode in which the Java heap is
#     placed in the first 32GB address space. The Java Heap base address is the
#     maximum limit for the native heap growth. Please use -XX:HeapBaseMinAddress
#     to set the Java Heap base and to place the Java Heap above 32GB virtual address.
# This output file may be truncated or incomplete.
#
#  Out of Memory Error (arena.cpp:166), pid=28796, tid=584
#
# JRE version: Java(TM) SE Runtime Environment (21.0+35) (build 21+35-LTS-2513)
# Java VM: Java HotSpot(TM) 64-Bit Server VM (21+35-LTS-2513, mixed mode, sharing, tiered, compressed oops, compressed class ptrs, g1 gc, windows-amd64)
# No core dump will be written. Minidumps are not enabled by default on client versions of Windows
#

---------------  S U M M A R Y ------------

Command Line: C:\Users\peg2s\AppData\Local\Temp\surefire292704368067866940\surefirebooter-20231018232317676_3.jar C:\Users\peg2s\AppData\Local\Temp\surefire292704368067866940 2023-10-18T23-23-17_534-jvmRun1 surefire-20231018232317676_1tmp surefire_0-20231018232317676_2tmp

Host: Intel(R) Core(TM) i7-9750H CPU @ 2.60GHz, 12 cores, 15G,  Windows 10 , 64 bit Build 19041 (10.0.19041.3570)
Time: Wed Oct 18 23:23:19 2023 Eastern Daylight Time elapsed time: 1.627833 seconds (0d 0h 0m 1s)

---------------  T H R E A D  ---------------

Current thread (0x00000169069ba250):  JavaThread "C2 CompilerThread1" daemon [_thread_in_native, id=584, stack(0x0000001754b00000,0x0000001754c00000) (1024K)]


Current CompileTask:
C2:   1627 2262   !   4       jdk.internal.loader.BuiltinClassLoader::loadClassOrNull (143 bytes)

Stack: [0x0000001754b00000,0x0000001754c00000]
Native frames: (J=compiled Java code, j=interpreted, Vv=VM code, C=native code)
V  [jvm.dll+0x6c8d39]
V  [jvm.dll+0x854091]
V  [jvm.dll+0x85630e]
V  [jvm.dll+0x8569e3]
V  [jvm.dll+0x2809a6]
V  [jvm.dll+0xc3e6d]
V  [jvm.dll+0xc4383]
V  [jvm.dll+0x3b551c]
V  [jvm.dll+0x382245]
V  [jvm.dll+0x3816ba]
V  [jvm.dll+0x249800]
V  [jvm.dll+0x248de1]
V  [jvm.dll+0x1c9b91]
V  [jvm.dll+0x2583e9]
V  [jvm.dll+0x2569ca]
V  [jvm.dll+0x3eef66]
V  [jvm.dll+0x7fd2c8]
V  [jvm.dll+0x6c748d]
C  [ucrtbase.dll+0x21bb2]
C  [KERNEL32.DLL+0x17344]
C  [ntdll.dll+0x526b1]


---------------  P R O C E S S  ---------------

Threads class SMR info:
_java_thread_list=0x000001694c968db0, length=15, elements={
0x0000016964eac320, 0x00000169066b5cd0, 0x00000169066b6bf0, 0x00000169066b8860,
0x00000169066bb2d0, 0x00000169066bbd30, 0x00000169066beb00, 0x00000169066bfea0,
0x00000169066ca960, 0x000001690695b6f0, 0x00000169069653a0, 0x00000169069ba250,
0x000001694c27e750, 0x000001694c2239a0, 0x000001694d69b730
}

Java Threads: ( => current thread )
  0x0000016964eac320 JavaThread "main"                              [_thread_in_vm, id=21388, stack(0x0000001753900000,0x0000001753a00000) (1024K)]
  0x00000169066b5cd0 JavaThread "Reference Handler"          daemon [_thread_blocked, id=11712, stack(0x0000001754100000,0x0000001754200000) (1024K)]
  0x00000169066b6bf0 JavaThread "Finalizer"                  daemon [_thread_blocked, id=25712, stack(0x0000001754200000,0x0000001754300000) (1024K)]
  0x00000169066b8860 JavaThread "Signal Dispatcher"          daemon [_thread_blocked, id=26700, stack(0x0000001754300000,0x0000001754400000) (1024K)]
  0x00000169066bb2d0 JavaThread "Attach Listener"            daemon [_thread_blocked, id=26844, stack(0x0000001754400000,0x0000001754500000) (1024K)]
  0x00000169066bbd30 JavaThread "Service Thread"             daemon [_thread_blocked, id=29340, stack(0x0000001754500000,0x0000001754600000) (1024K)]
  0x00000169066beb00 JavaThread "Monitor Deflation Thread"   daemon [_thread_blocked, id=26432, stack(0x0000001754600000,0x0000001754700000) (1024K)]
  0x00000169066bfea0 JavaThread "C2 CompilerThread0"         daemon [_thread_in_native, id=1608, stack(0x0000001754700000,0x0000001754800000) (1024K)]
  0x00000169066ca960 JavaThread "C1 CompilerThread0"         daemon [_thread_in_native, id=14824, stack(0x0000001754800000,0x0000001754900000) (1024K)]
  0x000001690695b6f0 JavaThread "Notification Thread"        daemon [_thread_blocked, id=25148, stack(0x0000001754900000,0x0000001754a00000) (1024K)]
  0x00000169069653a0 JavaThread "Common-Cleaner"             daemon [_thread_blocked, id=8072, stack(0x0000001754a00000,0x0000001754b00000) (1024K)]
=>0x00000169069ba250 JavaThread "C2 CompilerThread1"         daemon [_thread_in_native, id=584, stack(0x0000001754b00000,0x0000001754c00000) (1024K)]
  0x000001694c27e750 JavaThread "surefire-forkedjvm-stream-flusher" daemon [_thread_blocked, id=21780, stack(0x0000001754c00000,0x0000001754d00000) (1024K)]
  0x000001694c2239a0 JavaThread "surefire-forkedjvm-command-thread" daemon [_thread_in_native, id=2852, stack(0x0000001754d00000,0x0000001754e00000) (1024K)]
  0x000001694d69b730 JavaThread "C2 CompilerThread2"         daemon [_thread_in_vm, id=6384, stack(0x0000001755700000,0x0000001755800000) (1024K)]
Total: 15

Other Threads:
  0x0000016906696660 VMThread "VM Thread"                           [id=27056, stack(0x0000001754000000,0x0000001754100000) (1024K)]
  0x000001690667f2b0 WatcherThread "VM Periodic Task Thread"        [id=19304, stack(0x0000001753f00000,0x0000001754000000) (1024K)]
  0x00000169650ef020 WorkerThread "GC Thread#0"                     [id=14556, stack(0x0000001753a00000,0x0000001753b00000) (1024K)]
  0x000001694c9199f0 WorkerThread "GC Thread#1"                     [id=3112, stack(0x0000001754e00000,0x0000001754f00000) (1024K)]
  0x000001694c919d90 WorkerThread "GC Thread#2"                     [id=24720, stack(0x0000001754f00000,0x0000001755000000) (1024K)]
  0x000001694c57bfd0 WorkerThread "GC Thread#3"                     [id=24996, stack(0x0000001755000000,0x0000001755100000) (1024K)]
  0x000001694c96d930 WorkerThread "GC Thread#4"                     [id=20264, stack(0x0000001755100000,0x0000001755200000) (1024K)]
  0x000001694c96dcd0 WorkerThread "GC Thread#5"                     [id=17700, stack(0x0000001755200000,0x0000001755300000) (1024K)]
  0x000001694c93f410 WorkerThread "GC Thread#6"                     [id=3420, stack(0x0000001755300000,0x0000001755400000) (1024K)]
  0x000001694c93f7b0 WorkerThread "GC Thread#7"                     [id=5156, stack(0x0000001755400000,0x0000001755500000) (1024K)]
  0x000001694cb55130 WorkerThread "GC Thread#8"                     [id=24292, stack(0x0000001755500000,0x0000001755600000) (1024K)]
  0x000001694cb554d0 WorkerThread "GC Thread#9"                     [id=27720, stack(0x0000001755600000,0x0000001755700000) (1024K)]
  0x00000169650fff80 ConcurrentGCThread "G1 Main Marker"            [id=9928, stack(0x0000001753b00000,0x0000001753c00000) (1024K)]
  0x0000016965101130 WorkerThread "G1 Conc#0"                       [id=29588, stack(0x0000001753c00000,0x0000001753d00000) (1024K)]
  0x0000016906543570 ConcurrentGCThread "G1 Refine#0"               [id=20284, stack(0x0000001753d00000,0x0000001753e00000) (1024K)]
  0x0000016906543ef0 ConcurrentGCThread "G1 Service"                [id=24592, stack(0x0000001753e00000,0x0000001753f00000) (1024K)]
Total: 16

Threads with active compile tasks:
C2 CompilerThread0     1647 2486       4       jdk.internal.module.SystemModuleFinders$SystemModuleReader::find (59 bytes)
C1 CompilerThread0     1647 2491       3       jdk.internal.loader.BuiltinClassLoader::definePackage (277 bytes)
C2 CompilerThread1     1647 2262   !   4       jdk.internal.loader.BuiltinClassLoader::loadClassOrNull (143 bytes)
C2 CompilerThread2     1647 2487       4       jdk.internal.module.SystemModuleFinders$SystemModuleReader::containsImageLocation (42 bytes)
Total: 4

VM state: not at safepoint (normal execution)

VM Mutex/Monitor currently owned by a thread: None

Heap address: 0x0000000701400000, size: 4076 MB, Compressed Oops mode: Zero based, Oop shift amount: 3

CDS archive(s) mapped at: [0x0000016907000000-0x0000016907c90000-0x0000016907c90000), size 13172736, SharedBaseAddress: 0x0000016907000000, ArchiveRelocationMode: 1.
Compressed class space mapped at: 0x0000016908000000-0x0000016948000000, reserved size: 1073741824
Narrow klass base: 0x0000016907000000, Narrow klass shift: 0, Narrow klass range: 0x100000000

GC Precious Log:
 CardTable entry size: 512
 Card Set container configuration: InlinePtr #cards 4 size 8 Array Of Cards #cards 16 size 48 Howl #buckets 8 coarsen threshold 3686 Howl Bitmap #cards 512 size 80 coarsen threshold 460 Card regions per heap region 1 cards per card region 4096
 CPUs: 12 total, 12 available
 Memory: 16303M
 Large Page Support: Disabled
 NUMA Support: Disabled
 Compressed Oops: Enabled (Zero based)
 Heap Region Size: 2M
 Heap Min Capacity: 8M
 Heap Initial Capacity: 256M
 Heap Max Capacity: 4076M
 Pre-touch: Disabled
 Parallel Workers: 10
 Concurrent Workers: 3
 Concurrent Refinement Workers: 10
 Periodic GC: Disabled

Heap:
 garbage-first heap   total 262144K, used 50567K [0x0000000701400000, 0x0000000800000000)
  region size 2048K, 24 young (49152K), 2 survivors (4096K)
 Metaspace       used 21068K, committed 21376K, reserved 1114112K
  class space    used 2679K, committed 2816K, reserved 1048576K

Heap Regions: E=young(eden), S=young(survivor), O=old, HS=humongous(starts), HC=humongous(continues), CS=collection set, F=free, TAMS=top-at-mark-start, PB=parsable bottom
|   0|0x0000000701400000, 0x0000000701600000, 0x0000000701600000|100%| O|  |TAMS 0x0000000701400000| PB 0x0000000701400000| Untracked 
|   1|0x0000000701600000, 0x0000000701800000, 0x0000000701800000|100%| O|  |TAMS 0x0000000701600000| PB 0x0000000701600000| Untracked 
|   2|0x0000000701800000, 0x0000000701a00000, 0x0000000701a00000|100%| O|  |TAMS 0x0000000701800000| PB 0x0000000701800000| Untracked 
|   3|0x0000000701a00000, 0x0000000701b2bf28, 0x0000000701c00000| 58%| O|  |TAMS 0x0000000701a00000| PB 0x0000000701a00000| Untracked 
|   4|0x0000000701c00000, 0x0000000701c00000, 0x0000000701e00000|  0%| F|  |TAMS 0x0000000701c00000| PB 0x0000000701c00000| Untracked 
|   5|0x0000000701e00000, 0x0000000701e00000, 0x0000000702000000|  0%| F|  |TAMS 0x0000000701e00000| PB 0x0000000701e00000| Untracked 
|   6|0x0000000702000000, 0x0000000702000000, 0x0000000702200000|  0%| F|  |TAMS 0x0000000702000000| PB 0x0000000702000000| Untracked 
|   7|0x0000000702200000, 0x0000000702200000, 0x0000000702400000|  0%| F|  |TAMS 0x0000000702200000| PB 0x0000000702200000| Untracked 
|   8|0x0000000702400000, 0x0000000702400000, 0x0000000702600000|  0%| F|  |TAMS 0x0000000702400000| PB 0x0000000702400000| Untracked 
|   9|0x0000000702600000, 0x0000000702600000, 0x0000000702800000|  0%| F|  |TAMS 0x0000000702600000| PB 0x0000000702600000| Untracked 
|  10|0x0000000702800000, 0x0000000702800000, 0x0000000702a00000|  0%| F|  |TAMS 0x0000000702800000| PB 0x0000000702800000| Untracked 
|  11|0x0000000702a00000, 0x0000000702a00000, 0x0000000702c00000|  0%| F|  |TAMS 0x0000000702a00000| PB 0x0000000702a00000| Untracked 
|  12|0x0000000702c00000, 0x0000000702c00000, 0x0000000702e00000|  0%| F|  |TAMS 0x0000000702c00000| PB 0x0000000702c00000| Untracked 
|  13|0x0000000702e00000, 0x0000000702e00000, 0x0000000703000000|  0%| F|  |TAMS 0x0000000702e00000| PB 0x0000000702e00000| Untracked 
|  14|0x0000000703000000, 0x0000000703000000, 0x0000000703200000|  0%| F|  |TAMS 0x0000000703000000| PB 0x0000000703000000| Untracked 
|  15|0x0000000703200000, 0x0000000703200000, 0x0000000703400000|  0%| F|  |TAMS 0x0000000703200000| PB 0x0000000703200000| Untracked 
|  16|0x0000000703400000, 0x0000000703400000, 0x0000000703600000|  0%| F|  |TAMS 0x0000000703400000| PB 0x0000000703400000| Untracked 
|  17|0x0000000703600000, 0x0000000703600000, 0x0000000703800000|  0%| F|  |TAMS 0x0000000703600000| PB 0x0000000703600000| Untracked 
|  18|0x0000000703800000, 0x0000000703800000, 0x0000000703a00000|  0%| F|  |TAMS 0x0000000703800000| PB 0x0000000703800000| Untracked 
|  19|0x0000000703a00000, 0x0000000703a00000, 0x0000000703c00000|  0%| F|  |TAMS 0x0000000703a00000| PB 0x0000000703a00000| Untracked 
|  20|0x0000000703c00000, 0x0000000703c00000, 0x0000000703e00000|  0%| F|  |TAMS 0x0000000703c00000| PB 0x0000000703c00000| Untracked 
|  21|0x0000000703e00000, 0x0000000703e00000, 0x0000000704000000|  0%| F|  |TAMS 0x0000000703e00000| PB 0x0000000703e00000| Untracked 
|  22|0x0000000704000000, 0x0000000704000000, 0x0000000704200000|  0%| F|  |TAMS 0x0000000704000000| PB 0x0000000704000000| Untracked 
|  23|0x0000000704200000, 0x0000000704200000, 0x0000000704400000|  0%| F|  |TAMS 0x0000000704200000| PB 0x0000000704200000| Untracked 
|  24|0x0000000704400000, 0x0000000704400000, 0x0000000704600000|  0%| F|  |TAMS 0x0000000704400000| PB 0x0000000704400000| Untracked 
|  25|0x0000000704600000, 0x0000000704600000, 0x0000000704800000|  0%| F|  |TAMS 0x0000000704600000| PB 0x0000000704600000| Untracked 
|  26|0x0000000704800000, 0x0000000704800000, 0x0000000704a00000|  0%| F|  |TAMS 0x0000000704800000| PB 0x0000000704800000| Untracked 
|  27|0x0000000704a00000, 0x0000000704a00000, 0x0000000704c00000|  0%| F|  |TAMS 0x0000000704a00000| PB 0x0000000704a00000| Untracked 
|  28|0x0000000704c00000, 0x0000000704c00000, 0x0000000704e00000|  0%| F|  |TAMS 0x0000000704c00000| PB 0x0000000704c00000| Untracked 
|  29|0x0000000704e00000, 0x0000000704e00000, 0x0000000705000000|  0%| F|  |TAMS 0x0000000704e00000| PB 0x0000000704e00000| Untracked 
|  30|0x0000000705000000, 0x0000000705000000, 0x0000000705200000|  0%| F|  |TAMS 0x0000000705000000| PB 0x0000000705000000| Untracked 
|  31|0x0000000705200000, 0x0000000705200000, 0x0000000705400000|  0%| F|  |TAMS 0x0000000705200000| PB 0x0000000705200000| Untracked 
|  32|0x0000000705400000, 0x0000000705400000, 0x0000000705600000|  0%| F|  |TAMS 0x0000000705400000| PB 0x0000000705400000| Untracked 
|  33|0x0000000705600000, 0x0000000705600000, 0x0000000705800000|  0%| F|  |TAMS 0x0000000705600000| PB 0x0000000705600000| Untracked 
|  34|0x0000000705800000, 0x0000000705800000, 0x0000000705a00000|  0%| F|  |TAMS 0x0000000705800000| PB 0x0000000705800000| Untracked 
|  35|0x0000000705a00000, 0x0000000705a00000, 0x0000000705c00000|  0%| F|  |TAMS 0x0000000705a00000| PB 0x0000000705a00000| Untracked 
|  36|0x0000000705c00000, 0x0000000705c00000, 0x0000000705e00000|  0%| F|  |TAMS 0x0000000705c00000| PB 0x0000000705c00000| Untracked 
|  37|0x0000000705e00000, 0x0000000705e00000, 0x0000000706000000|  0%| F|  |TAMS 0x0000000705e00000| PB 0x0000000705e00000| Untracked 
|  38|0x0000000706000000, 0x0000000706000000, 0x0000000706200000|  0%| F|  |TAMS 0x0000000706000000| PB 0x0000000706000000| Untracked 
|  39|0x0000000706200000, 0x0000000706200000, 0x0000000706400000|  0%| F|  |TAMS 0x0000000706200000| PB 0x0000000706200000| Untracked 
|  40|0x0000000706400000, 0x0000000706400000, 0x0000000706600000|  0%| F|  |TAMS 0x0000000706400000| PB 0x0000000706400000| Untracked 
|  41|0x0000000706600000, 0x0000000706600000, 0x0000000706800000|  0%| F|  |TAMS 0x0000000706600000| PB 0x0000000706600000| Untracked 
|  42|0x0000000706800000, 0x0000000706800000, 0x0000000706a00000|  0%| F|  |TAMS 0x0000000706800000| PB 0x0000000706800000| Untracked 
|  43|0x0000000706a00000, 0x0000000706a00000, 0x0000000706c00000|  0%| F|  |TAMS 0x0000000706a00000| PB 0x0000000706a00000| Untracked 
|  44|0x0000000706c00000, 0x0000000706c00000, 0x0000000706e00000|  0%| F|  |TAMS 0x0000000706c00000| PB 0x0000000706c00000| Untracked 
|  45|0x0000000706e00000, 0x0000000706e00000, 0x0000000707000000|  0%| F|  |TAMS 0x0000000706e00000| PB 0x0000000706e00000| Untracked 
|  46|0x0000000707000000, 0x0000000707000000, 0x0000000707200000|  0%| F|  |TAMS 0x0000000707000000| PB 0x0000000707000000| Untracked 
|  47|0x0000000707200000, 0x0000000707200000, 0x0000000707400000|  0%| F|  |TAMS 0x0000000707200000| PB 0x0000000707200000| Untracked 
|  48|0x0000000707400000, 0x0000000707400000, 0x0000000707600000|  0%| F|  |TAMS 0x0000000707400000| PB 0x0000000707400000| Untracked 
|  49|0x0000000707600000, 0x0000000707600000, 0x0000000707800000|  0%| F|  |TAMS 0x0000000707600000| PB 0x0000000707600000| Untracked 
|  50|0x0000000707800000, 0x0000000707800000, 0x0000000707a00000|  0%| F|  |TAMS 0x0000000707800000| PB 0x0000000707800000| Untracked 
|  51|0x0000000707a00000, 0x0000000707a00000, 0x0000000707c00000|  0%| F|  |TAMS 0x0000000707a00000| PB 0x0000000707a00000| Untracked 
|  52|0x0000000707c00000, 0x0000000707c00000, 0x0000000707e00000|  0%| F|  |TAMS 0x0000000707c00000| PB 0x0000000707c00000| Untracked 
|  53|0x0000000707e00000, 0x0000000707e00000, 0x0000000708000000|  0%| F|  |TAMS 0x0000000707e00000| PB 0x0000000707e00000| Untracked 
|  54|0x0000000708000000, 0x0000000708000000, 0x0000000708200000|  0%| F|  |TAMS 0x0000000708000000| PB 0x0000000708000000| Untracked 
|  55|0x0000000708200000, 0x0000000708200000, 0x0000000708400000|  0%| F|  |TAMS 0x0000000708200000| PB 0x0000000708200000| Untracked 
|  56|0x0000000708400000, 0x0000000708400000, 0x0000000708600000|  0%| F|  |TAMS 0x0000000708400000| PB 0x0000000708400000| Untracked 
|  57|0x0000000708600000, 0x0000000708600000, 0x0000000708800000|  0%| F|  |TAMS 0x0000000708600000| PB 0x0000000708600000| Untracked 
|  58|0x0000000708800000, 0x0000000708800000, 0x0000000708a00000|  0%| F|  |TAMS 0x0000000708800000| PB 0x0000000708800000| Untracked 
|  59|0x0000000708a00000, 0x0000000708a00000, 0x0000000708c00000|  0%| F|  |TAMS 0x0000000708a00000| PB 0x0000000708a00000| Untracked 
|  60|0x0000000708c00000, 0x0000000708c00000, 0x0000000708e00000|  0%| F|  |TAMS 0x0000000708c00000| PB 0x0000000708c00000| Untracked 
|  61|0x0000000708e00000, 0x0000000708e00000, 0x0000000709000000|  0%| F|  |TAMS 0x0000000708e00000| PB 0x0000000708e00000| Untracked 
|  62|0x0000000709000000, 0x0000000709000000, 0x0000000709200000|  0%| F|  |TAMS 0x0000000709000000| PB 0x0000000709000000| Untracked 
|  63|0x0000000709200000, 0x0000000709200000, 0x0000000709400000|  0%| F|  |TAMS 0x0000000709200000| PB 0x0000000709200000| Untracked 
|  64|0x0000000709400000, 0x0000000709400000, 0x0000000709600000|  0%| F|  |TAMS 0x0000000709400000| PB 0x0000000709400000| Untracked 
|  65|0x0000000709600000, 0x0000000709600000, 0x0000000709800000|  0%| F|  |TAMS 0x0000000709600000| PB 0x0000000709600000| Untracked 
|  66|0x0000000709800000, 0x0000000709800000, 0x0000000709a00000|  0%| F|  |TAMS 0x0000000709800000| PB 0x0000000709800000| Untracked 
|  67|0x0000000709a00000, 0x0000000709a00000, 0x0000000709c00000|  0%| F|  |TAMS 0x0000000709a00000| PB 0x0000000709a00000| Untracked 
|  68|0x0000000709c00000, 0x0000000709c00000, 0x0000000709e00000|  0%| F|  |TAMS 0x0000000709c00000| PB 0x0000000709c00000| Untracked 
|  69|0x0000000709e00000, 0x0000000709e00000, 0x000000070a000000|  0%| F|  |TAMS 0x0000000709e00000| PB 0x0000000709e00000| Untracked 
|  70|0x000000070a000000, 0x000000070a000000, 0x000000070a200000|  0%| F|  |TAMS 0x000000070a000000| PB 0x000000070a000000| Untracked 
|  71|0x000000070a200000, 0x000000070a200000, 0x000000070a400000|  0%| F|  |TAMS 0x000000070a200000| PB 0x000000070a200000| Untracked 
|  72|0x000000070a400000, 0x000000070a400000, 0x000000070a600000|  0%| F|  |TAMS 0x000000070a400000| PB 0x000000070a400000| Untracked 
|  73|0x000000070a600000, 0x000000070a600000, 0x000000070a800000|  0%| F|  |TAMS 0x000000070a600000| PB 0x000000070a600000| Untracked 
|  74|0x000000070a800000, 0x000000070a800000, 0x000000070aa00000|  0%| F|  |TAMS 0x000000070a800000| PB 0x000000070a800000| Untracked 
|  75|0x000000070aa00000, 0x000000070aa00000, 0x000000070ac00000|  0%| F|  |TAMS 0x000000070aa00000| PB 0x000000070aa00000| Untracked 
|  76|0x000000070ac00000, 0x000000070ac00000, 0x000000070ae00000|  0%| F|  |TAMS 0x000000070ac00000| PB 0x000000070ac00000| Untracked 
|  77|0x000000070ae00000, 0x000000070ae00000, 0x000000070b000000|  0%| F|  |TAMS 0x000000070ae00000| PB 0x000000070ae00000| Untracked 
|  78|0x000000070b000000, 0x000000070b000000, 0x000000070b200000|  0%| F|  |TAMS 0x000000070b000000| PB 0x000000070b000000| Untracked 
|  79|0x000000070b200000, 0x000000070b200000, 0x000000070b400000|  0%| F|  |TAMS 0x000000070b200000| PB 0x000000070b200000| Untracked 
|  80|0x000000070b400000, 0x000000070b400000, 0x000000070b600000|  0%| F|  |TAMS 0x000000070b400000| PB 0x000000070b400000| Untracked 
|  81|0x000000070b600000, 0x000000070b600000, 0x000000070b800000|  0%| F|  |TAMS 0x000000070b600000| PB 0x000000070b600000| Untracked 
|  82|0x000000070b800000, 0x000000070b800000, 0x000000070ba00000|  0%| F|  |TAMS 0x000000070b800000| PB 0x000000070b800000| Untracked 
|  83|0x000000070ba00000, 0x000000070ba00000, 0x000000070bc00000|  0%| F|  |TAMS 0x000000070ba00000| PB 0x000000070ba00000| Untracked 
|  84|0x000000070bc00000, 0x000000070bc00000, 0x000000070be00000|  0%| F|  |TAMS 0x000000070bc00000| PB 0x000000070bc00000| Untracked 
|  85|0x000000070be00000, 0x000000070be00000, 0x000000070c000000|  0%| F|  |TAMS 0x000000070be00000| PB 0x000000070be00000| Untracked 
|  86|0x000000070c000000, 0x000000070c000000, 0x000000070c200000|  0%| F|  |TAMS 0x000000070c000000| PB 0x000000070c000000| Untracked 
|  87|0x000000070c200000, 0x000000070c200000, 0x000000070c400000|  0%| F|  |TAMS 0x000000070c200000| PB 0x000000070c200000| Untracked 
|  88|0x000000070c400000, 0x000000070c400000, 0x000000070c600000|  0%| F|  |TAMS 0x000000070c400000| PB 0x000000070c400000| Untracked 
|  89|0x000000070c600000, 0x000000070c600000, 0x000000070c800000|  0%| F|  |TAMS 0x000000070c600000| PB 0x000000070c600000| Untracked 
|  90|0x000000070c800000, 0x000000070c800000, 0x000000070ca00000|  0%| F|  |TAMS 0x000000070c800000| PB 0x000000070c800000| Untracked 
|  91|0x000000070ca00000, 0x000000070ca00000, 0x000000070cc00000|  0%| F|  |TAMS 0x000000070ca00000| PB 0x000000070ca00000| Untracked 
|  92|0x000000070cc00000, 0x000000070cc00000, 0x000000070ce00000|  0%| F|  |TAMS 0x000000070cc00000| PB 0x000000070cc00000| Untracked 
|  93|0x000000070ce00000, 0x000000070ce00000, 0x000000070d000000|  0%| F|  |TAMS 0x000000070ce00000| PB 0x000000070ce00000| Untracked 
|  94|0x000000070d000000, 0x000000070d000000, 0x000000070d200000|  0%| F|  |TAMS 0x000000070d000000| PB 0x000000070d000000| Untracked 
|  95|0x000000070d200000, 0x000000070d200000, 0x000000070d400000|  0%| F|  |TAMS 0x000000070d200000| PB 0x000000070d200000| Untracked 
|  96|0x000000070d400000, 0x000000070d400000, 0x000000070d600000|  0%| F|  |TAMS 0x000000070d400000| PB 0x000000070d400000| Untracked 
|  97|0x000000070d600000, 0x000000070d600000, 0x000000070d800000|  0%| F|  |TAMS 0x000000070d600000| PB 0x000000070d600000| Untracked 
|  98|0x000000070d800000, 0x000000070d800000, 0x000000070da00000|  0%| F|  |TAMS 0x000000070d800000| PB 0x000000070d800000| Untracked 
|  99|0x000000070da00000, 0x000000070da00000, 0x000000070dc00000|  0%| F|  |TAMS 0x000000070da00000| PB 0x000000070da00000| Untracked 
| 100|0x000000070dc00000, 0x000000070dc00000, 0x000000070de00000|  0%| F|  |TAMS 0x000000070dc00000| PB 0x000000070dc00000| Untracked 
| 101|0x000000070de00000, 0x000000070de00000, 0x000000070e000000|  0%| F|  |TAMS 0x000000070de00000| PB 0x000000070de00000| Untracked 
| 102|0x000000070e000000, 0x000000070e000000, 0x000000070e200000|  0%| F|  |TAMS 0x000000070e000000| PB 0x000000070e000000| Untracked 
| 103|0x000000070e200000, 0x000000070e200000, 0x000000070e400000|  0%| F|  |TAMS 0x000000070e200000| PB 0x000000070e200000| Untracked 
| 104|0x000000070e400000, 0x000000070e4e8060, 0x000000070e600000| 45%| E|  |TAMS 0x000000070e400000| PB 0x000000070e400000| Complete 
| 105|0x000000070e600000, 0x000000070e800000, 0x000000070e800000|100%| E|CS|TAMS 0x000000070e600000| PB 0x000000070e600000| Complete 
| 106|0x000000070e800000, 0x000000070ea00000, 0x000000070ea00000|100%| E|CS|TAMS 0x000000070e800000| PB 0x000000070e800000| Complete 
| 107|0x000000070ea00000, 0x000000070ec00000, 0x000000070ec00000|100%| E|CS|TAMS 0x000000070ea00000| PB 0x000000070ea00000| Complete 
| 108|0x000000070ec00000, 0x000000070ee00000, 0x000000070ee00000|100%| E|CS|TAMS 0x000000070ec00000| PB 0x000000070ec00000| Complete 
| 109|0x000000070ee00000, 0x000000070f000000, 0x000000070f000000|100%| E|CS|TAMS 0x000000070ee00000| PB 0x000000070ee00000| Complete 
| 110|0x000000070f000000, 0x000000070f200000, 0x000000070f200000|100%| E|CS|TAMS 0x000000070f000000| PB 0x000000070f000000| Complete 
| 111|0x000000070f200000, 0x000000070f400000, 0x000000070f400000|100%| E|CS|TAMS 0x000000070f200000| PB 0x000000070f200000| Complete 
| 112|0x000000070f400000, 0x000000070f435e80, 0x000000070f600000| 10%| S|CS|TAMS 0x000000070f400000| PB 0x000000070f400000| Complete 
| 113|0x000000070f600000, 0x000000070f800000, 0x000000070f800000|100%| S|CS|TAMS 0x000000070f600000| PB 0x000000070f600000| Complete 
| 114|0x000000070f800000, 0x000000070fa00000, 0x000000070fa00000|100%| E|CS|TAMS 0x000000070f800000| PB 0x000000070f800000| Complete 
| 115|0x000000070fa00000, 0x000000070fc00000, 0x000000070fc00000|100%| E|CS|TAMS 0x000000070fa00000| PB 0x000000070fa00000| Complete 
| 116|0x000000070fc00000, 0x000000070fe00000, 0x000000070fe00000|100%| E|CS|TAMS 0x000000070fc00000| PB 0x000000070fc00000| Complete 
| 117|0x000000070fe00000, 0x0000000710000000, 0x0000000710000000|100%| E|CS|TAMS 0x000000070fe00000| PB 0x000000070fe00000| Complete 
| 118|0x0000000710000000, 0x0000000710200000, 0x0000000710200000|100%| E|CS|TAMS 0x0000000710000000| PB 0x0000000710000000| Complete 
| 119|0x0000000710200000, 0x0000000710400000, 0x0000000710400000|100%| E|CS|TAMS 0x0000000710200000| PB 0x0000000710200000| Complete 
| 120|0x0000000710400000, 0x0000000710600000, 0x0000000710600000|100%| E|CS|TAMS 0x0000000710400000| PB 0x0000000710400000| Complete 
| 121|0x0000000710600000, 0x0000000710800000, 0x0000000710800000|100%| E|CS|TAMS 0x0000000710600000| PB 0x0000000710600000| Complete 
| 122|0x0000000710800000, 0x0000000710a00000, 0x0000000710a00000|100%| E|CS|TAMS 0x0000000710800000| PB 0x0000000710800000| Complete 
| 123|0x0000000710a00000, 0x0000000710c00000, 0x0000000710c00000|100%| E|  |TAMS 0x0000000710a00000| PB 0x0000000710a00000| Complete 
| 124|0x0000000710c00000, 0x0000000710e00000, 0x0000000710e00000|100%| E|CS|TAMS 0x0000000710c00000| PB 0x0000000710c00000| Complete 
| 125|0x0000000710e00000, 0x0000000711000000, 0x0000000711000000|100%| E|CS|TAMS 0x0000000710e00000| PB 0x0000000710e00000| Complete 
| 126|0x0000000711000000, 0x0000000711200000, 0x0000000711200000|100%| E|CS|TAMS 0x0000000711000000| PB 0x0000000711000000| Complete 
| 127|0x0000000711200000, 0x0000000711400000, 0x0000000711400000|100%| E|CS|TAMS 0x0000000711200000| PB 0x0000000711200000| Complete 

Card table byte_map: [0x000001697f190000,0x000001697f990000] _byte_map_base: 0x000001697b986000

Marking Bits: (CMBitMap*) 0x00000169650ef630
 Bits: [0x0000016900000000, 0x0000016903fb0000)

Polling page: 0x0000016964e70000

Metaspace:

Usage:
  Non-class:     17.98 MB used.
      Class:      2.62 MB used.
       Both:     20.60 MB used.

Virtual space:
  Non-class space:       64.00 MB reserved,      18.19 MB ( 28%) committed,  1 nodes.
      Class space:        1.00 GB reserved,       2.75 MB ( <1%) committed,  1 nodes.
             Both:        1.06 GB reserved,      20.94 MB (  2%) committed. 

Chunk freelists:
   Non-Class:  13.61 MB
       Class:  13.12 MB
        Both:  26.73 MB

MaxMetaspaceSize: unlimited
CompressedClassSpaceSize: 1.00 GB
Initial GC threshold: 21.00 MB
Current GC threshold: 21.00 MB
CDS: on
 - commit_granule_bytes: 65536.
 - commit_granule_words: 8192.
 - virtual_space_node_default_size: 8388608.
 - enlarge_chunks_in_place: 1.
 - use_allocation_guard: 0.


Internal statistics:

num_allocs_failed_limit: 0.
num_arena_births: 280.
num_arena_deaths: 0.
num_vsnodes_births: 2.
num_vsnodes_deaths: 0.
num_space_committed: 335.
num_space_uncommitted: 0.
num_chunks_returned_to_freelist: 0.
num_chunks_taken_from_freelist: 1038.
num_chunk_merges: 0.
num_chunk_splits: 691.
num_chunks_enlarged: 499.
num_inconsistent_stats: 0.

CodeHeap 'non-profiled nmethods': size=120000Kb used=1138Kb max_used=1138Kb free=118861Kb
 bounds [0x00000169767d0000, 0x0000016976a40000, 0x000001697dd00000]
CodeHeap 'profiled nmethods': size=120000Kb used=4859Kb max_used=4859Kb free=115140Kb
 bounds [0x000001696ed00000, 0x000001696f1c0000, 0x0000016976230000]
CodeHeap 'non-nmethods': size=5760Kb used=1428Kb max_used=1531Kb free=4331Kb
 bounds [0x0000016976230000, 0x00000169764a0000, 0x00000169767d0000]
 total_blobs=3001 nmethods=2485 adapters=420
 compilation: enabled
              stopped_count=0, restarted_count=0
 full_count=0

Compilation events (20 events):
Event: 1.621 Thread 0x00000169066ca960 nmethod 2448 0x00000169768e7410 code [0x00000169768e75a0, 0x00000169768e7670]
Event: 1.622 Thread 0x00000169066ca960 2449       3       org.springframework.core.convert.converter.GenericConverter$ConvertiblePair::<init> (27 bytes)
Event: 1.622 Thread 0x00000169066ca960 nmethod 2449 0x000001696f194e90 code [0x000001696f195080, 0x000001696f195588]
Event: 1.622 Thread 0x00000169066ca960 2450       3       org.springframework.util.ClassUtils::convertClassNameToResourcePath (15 bytes)
Event: 1.623 Thread 0x00000169066ca960 nmethod 2450 0x000001696f195790 code [0x000001696f195960, 0x000001696f195c00]
Event: 1.623 Thread 0x00000169066ca960 2451       3       org.springframework.core.annotation.MergedAnnotationsCollection::isPresent (136 bytes)
Event: 1.623 Thread 0x00000169066ca960 nmethod 2451 0x000001696f195d90 code [0x000001696f196020, 0x000001696f196d00]
Event: 1.624 Thread 0x00000169066ca960 2452       3       java.util.stream.ReferencePipeline$2::opWrapSink (10 bytes)
Event: 1.624 Thread 0x00000169066ca960 nmethod 2452 0x000001696f197210 code [0x000001696f197400, 0x000001696f1979d0]
Event: 1.624 Thread 0x00000169066ca960 2453       3       java.util.stream.ReferencePipeline$2$1::<init> (11 bytes)
Event: 1.624 Thread 0x00000169066ca960 nmethod 2453 0x000001696f197b90 code [0x000001696f197d80, 0x000001696f198288]
Event: 1.624 Thread 0x00000169066ca960 2454       3       java.util.stream.ReferencePipeline$2$1::begin (13 bytes)
Event: 1.624 Thread 0x00000169066ca960 nmethod 2454 0x000001696f198410 code [0x000001696f1985c0, 0x000001696f1987a8]
Event: 1.624 Thread 0x00000169066ca960 2455       3       org.springframework.core.annotation.TypeMappedAnnotation::getValue (151 bytes)
Event: 1.625 Thread 0x00000169066ca960 nmethod 2455 0x000001696f198890 code [0x000001696f198ae0, 0x000001696f199288]
Event: 1.625 Thread 0x00000169066ca960 2456   !   3       java.lang.reflect.Proxy::newProxyInstance (75 bytes)
Event: 1.625 Thread 0x00000169066ca960 nmethod 2456 0x000001696f199610 code [0x000001696f199880, 0x000001696f19a438]
Event: 1.625 Thread 0x00000169066ca960 2460       3       java.util.LinkedHashMap::keysToArray (80 bytes)
Event: 1.625 Thread 0x00000169066ca960 nmethod 2460 0x000001696f19a910 code [0x000001696f19ab00, 0x000001696f19b160]
Event: 1.625 Thread 0x00000169066ca960 2459   !   3       sun.net.www.ParseUtil::decode (349 bytes)

GC Heap History (4 events):
Event: 0.442 GC heap before
{Heap before GC invocations=0 (full 0):
 garbage-first heap   total 262144K, used 20480K [0x0000000701400000, 0x0000000800000000)
  region size 2048K, 11 young (22528K), 0 survivors (0K)
 Metaspace       used 4815K, committed 4992K, reserved 1114112K
  class space    used 570K, committed 640K, reserved 1048576K
}
Event: 0.446 GC heap after
{Heap after GC invocations=1 (full 0):
 garbage-first heap   total 262144K, used 7536K [0x0000000701400000, 0x0000000800000000)
  region size 2048K, 2 young (4096K), 2 survivors (4096K)
 Metaspace       used 4815K, committed 4992K, reserved 1114112K
  class space    used 570K, committed 640K, reserved 1048576K
}
Event: 0.971 GC heap before
{Heap before GC invocations=1 (full 0):
 garbage-first heap   total 262144K, used 32112K [0x0000000701400000, 0x0000000800000000)
  region size 2048K, 14 young (28672K), 2 survivors (4096K)
 Metaspace       used 11635K, committed 11904K, reserved 1114112K
  class space    used 1486K, committed 1600K, reserved 1048576K
}
Event: 0.975 GC heap after
{Heap after GC invocations=2 (full 0):
 garbage-first heap   total 262144K, used 9607K [0x0000000701400000, 0x0000000800000000)
  region size 2048K, 2 young (4096K), 2 survivors (4096K)
 Metaspace       used 11635K, committed 11904K, reserved 1114112K
  class space    used 1486K, committed 1600K, reserved 1048576K
}

Dll operation events (8 events):
Event: 0.005 Loaded shared library C:\Program Files\Java\jdk-21\bin\java.dll
Event: 0.030 Loaded shared library C:\Program Files\Java\jdk-21\bin\jsvml.dll
Event: 0.042 Loaded shared library C:\Program Files\Java\jdk-21\bin\net.dll
Event: 0.043 Loaded shared library C:\Program Files\Java\jdk-21\bin\nio.dll
Event: 0.046 Loaded shared library C:\Program Files\Java\jdk-21\bin\zip.dll
Event: 0.085 Loaded shared library C:\Program Files\Java\jdk-21\bin\management.dll
Event: 0.090 Loaded shared library C:\Program Files\Java\jdk-21\bin\management_ext.dll
Event: 0.105 Loaded shared library C:\Program Files\Java\jdk-21\bin\jimage.dll

Deoptimization events (20 events):
Event: 1.525 Thread 0x0000016964eac320 DEOPT PACKING pc=0x000001696ed2ca36 sp=0x00000017539fb910
Event: 1.525 Thread 0x0000016964eac320 DEOPT UNPACKING pc=0x0000016976284e42 sp=0x00000017539fadf8 mode 0
Event: 1.525 Thread 0x0000016964eac320 DEOPT PACKING pc=0x000001696ed2ca36 sp=0x00000017539fb910
Event: 1.525 Thread 0x0000016964eac320 DEOPT UNPACKING pc=0x0000016976284e42 sp=0x00000017539fadf8 mode 0
Event: 1.525 Thread 0x0000016964eac320 DEOPT PACKING pc=0x000001696ed2ca36 sp=0x00000017539fb910
Event: 1.525 Thread 0x0000016964eac320 DEOPT UNPACKING pc=0x0000016976284e42 sp=0x00000017539fadf8 mode 0
Event: 1.525 Thread 0x0000016964eac320 DEOPT PACKING pc=0x000001696ed2ca36 sp=0x00000017539fb910
Event: 1.525 Thread 0x0000016964eac320 DEOPT UNPACKING pc=0x0000016976284e42 sp=0x00000017539fadf8 mode 0
Event: 1.526 Thread 0x0000016964eac320 DEOPT PACKING pc=0x000001696ed2ca36 sp=0x00000017539fb910
Event: 1.526 Thread 0x0000016964eac320 DEOPT UNPACKING pc=0x0000016976284e42 sp=0x00000017539fadf8 mode 0
Event: 1.526 Thread 0x0000016964eac320 DEOPT PACKING pc=0x000001696ed2ca36 sp=0x00000017539fb910
Event: 1.526 Thread 0x0000016964eac320 DEOPT UNPACKING pc=0x0000016976284e42 sp=0x00000017539fadf8 mode 0
Event: 1.526 Thread 0x0000016964eac320 DEOPT PACKING pc=0x000001696ed2ca36 sp=0x00000017539fb910
Event: 1.526 Thread 0x0000016964eac320 DEOPT UNPACKING pc=0x0000016976284e42 sp=0x00000017539fadf8 mode 0
Event: 1.597 Thread 0x0000016964eac320 DEOPT PACKING pc=0x000001696f14052e sp=0x00000017539fa9f0
Event: 1.597 Thread 0x0000016964eac320 DEOPT UNPACKING pc=0x0000016976284e42 sp=0x00000017539f9f00 mode 0
Event: 1.615 Thread 0x0000016964eac320 Uncommon trap: trap_request=0xffffff45 fr.pc=0x00000169768aa510 relative=0x0000000000002cf0
Event: 1.615 Thread 0x0000016964eac320 Uncommon trap: reason=unstable_if action=reinterpret pc=0x00000169768aa510 method=org.springframework.boot.context.properties.source.ConfigurationPropertyName$ElementsParser.add(IILorg/springframework/boot/context/properties/source/ConfigurationPropertyNa
Event: 1.615 Thread 0x0000016964eac320 DEOPT PACKING pc=0x00000169768aa510 sp=0x00000017539fb310
Event: 1.615 Thread 0x0000016964eac320 DEOPT UNPACKING pc=0x00000169762846a2 sp=0x00000017539fb268 mode 2

Classes loaded (20 events):
Event: 1.380 Loading class sun/reflect/generics/repository/MethodRepository
Event: 1.380 Loading class sun/reflect/generics/repository/MethodRepository done
Event: 1.380 Loading class com/sun/beans/WildcardTypeImpl
Event: 1.380 Loading class com/sun/beans/WildcardTypeImpl done
Event: 1.380 Loading class java/util/AbstractList$ListItr
Event: 1.380 Loading class java/util/AbstractList$Itr
Event: 1.380 Loading class java/util/AbstractList$Itr done
Event: 1.380 Loading class java/util/AbstractList$ListItr done
Event: 1.384 Loading class java/util/concurrent/ConcurrentLinkedDeque$Itr
Event: 1.384 Loading class java/util/concurrent/ConcurrentLinkedDeque$AbstractItr
Event: 1.384 Loading class java/util/concurrent/ConcurrentLinkedDeque$AbstractItr done
Event: 1.384 Loading class java/util/concurrent/ConcurrentLinkedDeque$Itr done
Event: 1.436 Loading class java/util/regex/Pattern$Pos
Event: 1.436 Loading class java/util/regex/Pattern$Pos done
Event: 1.480 Loading class javax/naming/ldap/LdapContext
Event: 1.480 Loading class javax/naming/directory/DirContext
Event: 1.480 Loading class javax/naming/directory/DirContext done
Event: 1.480 Loading class javax/naming/ldap/LdapContext done
Event: 1.622 Loading class java/nio/charset/CharacterCodingException
Event: 1.622 Loading class java/nio/charset/CharacterCodingException done

Classes unloaded (0 events):
No events

Classes redefined (0 events):
No events

Internal exceptions (20 events):
Event: 1.047 Thread 0x0000016964eac320 Exception <a 'java/lang/NoSuchMethodError'{0x00000007110cc458}: 'java.lang.Object java.lang.invoke.DirectMethodHandle$Holder.invokeSpecial(java.lang.Object, java.lang.Object, java.lang.Object, java.lang.Object, java.lang.Object, java.lang.Object, int)'> (0x00000007110cc458) 
thrown [s\open\src\hotspot\share\interpreter\linkResolver.cpp, line 773]
Event: 1.048 Thread 0x0000016964eac320 Exception <a 'java/lang/NoSuchMethodError'{0x00000007110d5ec0}: 'java.lang.Object java.lang.invoke.DirectMethodHandle$Holder.newInvokeSpecial(java.lang.Object, java.lang.Object, java.lang.Object, java.lang.Object, java.lang.Object, java.lang.Object, int)'> (0x00000007110d5ec0) 
thrown [s\open\src\hotspot\share\interpreter\linkResolver.cpp, line 773]
Event: 1.048 Thread 0x0000016964eac320 Exception <a 'java/lang/NoSuchMethodError'{0x00000007110da9d0}: 'java.lang.Object java.lang.invoke.DirectMethodHandle$Holder.invokeSpecial(java.lang.Object, java.lang.Object, java.lang.Object, java.lang.Object, java.lang.Object, java.lang.Object, java.lang.Object, int)'> (0x00000007110da9d0) 
thrown [s\open\src\hotspot\share\interpreter\linkResolver.cpp, line 773]
Event: 1.076 Thread 0x0000016964eac320 Exception <a 'java/lang/NoSuchMethodError'{0x0000000710e304b8}: 'void java.lang.invoke.DirectMethodHandle$Holder.invokeStatic(java.lang.Object, java.lang.Object, java.lang.Object, java.lang.Object, java.lang.Object, java.lang.Object)'> (0x0000000710e304b8) 
thrown [s\open\src\hotspot\share\interpreter\linkResolver.cpp, line 773]
Event: 1.102 Thread 0x0000016964eac320 Exception <a 'java/lang/NoSuchMethodError'{0x0000000710ef30f0}: 'java.lang.Object java.lang.invoke.DirectMethodHandle$Holder.invokeSpecial(java.lang.Object, java.lang.Object, java.lang.Object, int, java.lang.Object)'> (0x0000000710ef30f0) 
thrown [s\open\src\hotspot\share\interpreter\linkResolver.cpp, line 773]
Event: 1.103 Thread 0x0000016964eac320 Exception <a 'java/lang/NoSuchMethodError'{0x0000000710efaf40}: 'java.lang.Object java.lang.invoke.DirectMethodHandle$Holder.newInvokeSpecial(java.lang.Object, java.lang.Object, java.lang.Object, int, java.lang.Object)'> (0x0000000710efaf40) 
thrown [s\open\src\hotspot\share\interpreter\linkResolver.cpp, line 773]
Event: 1.103 Thread 0x0000016964eac320 Exception <a 'java/lang/NoSuchMethodError'{0x0000000710f02958}: 'java.lang.Object java.lang.invoke.Invokers$Holder.linkToTargetMethod(java.lang.Object, java.lang.Object, int, java.lang.Object, java.lang.Object)'> (0x0000000710f02958) 
thrown [s\open\src\hotspot\share\interpreter\linkResolver.cpp, line 773]
Event: 1.104 Thread 0x0000016964eac320 Exception <a 'java/lang/NoSuchMethodError'{0x0000000710f10648}: 'java.lang.Object java.lang.invoke.DirectMethodHandle$Holder.newInvokeSpecial(java.lang.Object, int, java.lang.Object)'> (0x0000000710f10648) 
thrown [s\open\src\hotspot\share\interpreter\linkResolver.cpp, line 773]
Event: 1.143 Thread 0x0000016964eac320 Exception <a 'java/lang/NoSuchMethodError'{0x0000000710cb9448}: 'java.lang.Object java.lang.invoke.DirectMethodHandle$Holder.invokeStatic(java.lang.Object, long, java.lang.Object)'> (0x0000000710cb9448) 
thrown [s\open\src\hotspot\share\interpreter\linkResolver.cpp, line 773]
Event: 1.144 Thread 0x0000016964eac320 Exception <a 'java/lang/NoSuchMethodError'{0x0000000710cbd000}: 'java.lang.Object java.lang.invoke.DirectMethodHandle$Holder.invokeStaticInit(java.lang.Object, long, java.lang.Object)'> (0x0000000710cbd000) 
thrown [s\open\src\hotspot\share\interpreter\linkResolver.cpp, line 773]
Event: 1.144 Thread 0x0000016964eac320 Exception <a 'java/lang/NoSuchMethodError'{0x0000000710cc2d00}: 'java.lang.Object java.lang.invoke.DirectMethodHandle$Holder.newInvokeSpecial(java.lang.Object, long)'> (0x0000000710cc2d00) 
thrown [s\open\src\hotspot\share\interpreter\linkResolver.cpp, line 773]
Event: 1.196 Thread 0x000001694e1ad010 Exception <a 'java/lang/NoClassDefFoundError'{0x0000000710b053b8}: jakarta/validation/Validation> (0x0000000710b053b8) 
thrown [s\open\src\hotspot\share\classfile\systemDictionary.cpp, line 301]
Event: 1.197 Thread 0x0000016964eac320 Exception <a 'java/lang/IncompatibleClassChangeError'{0x0000000710a69f50}: Found class java.lang.Object, but interface was expected> (0x0000000710a69f50) 
thrown [s\open\src\hotspot\share\interpreter\linkResolver.cpp, line 840]
Event: 1.204 Thread 0x0000016964eac320 Exception <a 'java/lang/NoSuchMethodError'{0x0000000710b99a08}: 'java.lang.Object java.lang.invoke.DirectMethodHandle$Holder.invokeStaticInit(java.lang.Object, int, java.lang.Object)'> (0x0000000710b99a08) 
thrown [s\open\src\hotspot\share\interpreter\linkResolver.cpp, line 773]
Event: 1.442 Thread 0x000001694e1ad010 Exception <a 'java/lang/NoSuchMethodError'{0x000000070f11de48}: 'long java.lang.invoke.DirectMethodHandle$Holder.invokeStatic(java.lang.Object, java.lang.Object)'> (0x000000070f11de48) 
thrown [s\open\src\hotspot\share\interpreter\linkResolver.cpp, line 773]
Event: 1.442 Thread 0x000001694e1ad010 Exception <a 'java/lang/NoSuchMethodError'{0x000000070f1211b0}: 'long java.lang.invoke.DirectMethodHandle$Holder.invokeStaticInit(java.lang.Object, java.lang.Object)'> (0x000000070f1211b0) 
thrown [s\open\src\hotspot\share\interpreter\linkResolver.cpp, line 773]
Event: 1.443 Thread 0x000001694e1ad010 Exception <a 'java/lang/NoSuchMethodError'{0x000000070f12d2f8}: 'long java.lang.invoke.DirectMethodHandle$Holder.invokeInterface(java.lang.Object, java.lang.Object)'> (0x000000070f12d2f8) 
thrown [s\open\src\hotspot\share\interpreter\linkResolver.cpp, line 773]
Event: 1.443 Thread 0x000001694e1ad010 Exception <a 'java/lang/IncompatibleClassChangeError'{0x000000070f1305a8}: Found class java.lang.Object, but interface was expected> (0x000000070f1305a8) 
thrown [s\open\src\hotspot\share\interpreter\linkResolver.cpp, line 840]
Event: 1.455 Thread 0x000001694e1ad010 Exception <a 'java/lang/NoSuchMethodError'{0x000000070f196460}: 'java.lang.Object java.lang.invoke.DirectMethodHandle$Holder.invokeVirtual(java.lang.Object, java.lang.Object, java.lang.Object, java.lang.Object)'> (0x000000070f196460) 
thrown [s\open\src\hotspot\share\interpreter\linkResolver.cpp, line 773]
Event: 1.521 Thread 0x0000016964eac320 Exception <a 'java/lang/IncompatibleClassChangeError'{0x000000070ead87d0}: Found class java.lang.Object, but interface was expected> (0x000000070ead87d0) 
thrown [s\open\src\hotspot\share\interpreter\linkResolver.cpp, line 840]

ZGC Phase Switch (0 events):
No events

VM Operations (20 events):
Event: 0.745 Executing VM operation: HandshakeAllThreads (Deoptimize)
Event: 0.745 Executing VM operation: HandshakeAllThreads (Deoptimize) done
Event: 0.914 Executing VM operation: ICBufferFull
Event: 0.914 Executing VM operation: ICBufferFull done
Event: 0.917 Executing VM operation: HandshakeAllThreads (Deoptimize)
Event: 0.917 Executing VM operation: HandshakeAllThreads (Deoptimize) done
Event: 0.971 Executing VM operation: G1CollectForAllocation (G1 Evacuation Pause)
Event: 0.975 Executing VM operation: G1CollectForAllocation (G1 Evacuation Pause) done
Event: 1.083 Executing VM operation: HandshakeAllThreads (Deoptimize)
Event: 1.083 Executing VM operation: HandshakeAllThreads (Deoptimize) done
Event: 1.115 Executing VM operation: HandshakeAllThreads (Deoptimize)
Event: 1.115 Executing VM operation: HandshakeAllThreads (Deoptimize) done
Event: 1.185 Executing VM operation: HandshakeAllThreads (Deoptimize)
Event: 1.185 Executing VM operation: HandshakeAllThreads (Deoptimize) done
Event: 1.258 Executing VM operation: ICBufferFull
Event: 1.259 Executing VM operation: ICBufferFull done
Event: 1.351 Executing VM operation: HandshakeAllThreads (Deoptimize)
Event: 1.352 Executing VM operation: HandshakeAllThreads (Deoptimize) done
Event: 1.392 Executing VM operation: HandshakeAllThreads (Deoptimize)
Event: 1.392 Executing VM operation: HandshakeAllThreads (Deoptimize) done

Events (19 events):
Event: 0.017 Thread 0x0000016964eac320 Thread added: 0x0000016964eac320
Event: 0.027 Thread 0x00000169066b5cd0 Thread added: 0x00000169066b5cd0
Event: 0.027 Thread 0x00000169066b6bf0 Thread added: 0x00000169066b6bf0
Event: 0.028 Thread 0x00000169066b8860 Thread added: 0x00000169066b8860
Event: 0.028 Thread 0x00000169066bb2d0 Thread added: 0x00000169066bb2d0
Event: 0.028 Thread 0x00000169066bbd30 Thread added: 0x00000169066bbd30
Event: 0.028 Thread 0x00000169066beb00 Thread added: 0x00000169066beb00
Event: 0.028 Thread 0x00000169066bfea0 Thread added: 0x00000169066bfea0
Event: 0.028 Thread 0x00000169066ca960 Thread added: 0x00000169066ca960
Event: 0.038 Thread 0x000001690695b6f0 Thread added: 0x000001690695b6f0
Event: 0.039 Thread 0x00000169069653a0 Thread added: 0x00000169069653a0
Event: 0.119 Thread 0x00000169069ba250 Thread added: 0x00000169069ba250
Event: 0.160 Thread 0x000001694c27e750 Thread added: 0x000001694c27e750
Event: 0.170 Thread 0x000001694c2239a0 Thread added: 0x000001694c2239a0
Event: 1.032 Thread 0x000001694d69b730 Thread added: 0x000001694d69b730
Event: 1.193 Thread 0x000001694e1ad010 Thread added: 0x000001694e1ad010
Event: 1.457 Thread 0x000001694e1ad010 Thread exited: 0x000001694e1ad010
Event: 1.462 Thread 0x000001694e1ad010 Thread added: 0x000001694e1ad010
Event: 1.488 Thread 0x000001694e1ad010 Thread exited: 0x000001694e1ad010


Dynamic libraries:
0x00007ff6d5270000 - 0x00007ff6d5280000 	C:\Program Files\Java\jdk-21\bin\java.exe
0x00007ffa903f0000 - 0x00007ffa905e7000 	C:\WINDOWS\SYSTEM32\ntdll.dll
0x00007ffa8f220000 - 0x00007ffa8f2dd000 	C:\WINDOWS\System32\KERNEL32.DLL
0x00007ffa8dd10000 - 0x00007ffa8e006000 	C:\WINDOWS\System32\KERNELBASE.dll
0x00007ffa8e0f0000 - 0x00007ffa8e1f0000 	C:\WINDOWS\System32\ucrtbase.dll
0x00007ffa61030000 - 0x00007ffa6104b000 	C:\Program Files\Java\jdk-21\bin\VCRUNTIME140.dll
0x00007ffa613b0000 - 0x00007ffa613c9000 	C:\Program Files\Java\jdk-21\bin\jli.dll
0x00007ffa8ed70000 - 0x00007ffa8ee1e000 	C:\WINDOWS\System32\ADVAPI32.dll
0x00007ffa901e0000 - 0x00007ffa9027e000 	C:\WINDOWS\System32\msvcrt.dll
0x00007ffa8f2e0000 - 0x00007ffa8f37c000 	C:\WINDOWS\System32\sechost.dll
0x00007ffa8ebb0000 - 0x00007ffa8ecd6000 	C:\WINDOWS\System32\RPCRT4.dll
0x00007ffa8f080000 - 0x00007ffa8f21e000 	C:\WINDOWS\System32\USER32.dll
0x00007ffa75fa0000 - 0x00007ffa7623a000 	C:\WINDOWS\WinSxS\amd64_microsoft.windows.common-controls_6595b64144ccf1df_6.0.19041.3570_none_60bb2a3971f3e41a\COMCTL32.dll
0x00007ffa8e010000 - 0x00007ffa8e032000 	C:\WINDOWS\System32\win32u.dll
0x00007ffa8ea10000 - 0x00007ffa8ea3c000 	C:\WINDOWS\System32\GDI32.dll
0x00007ffa8e330000 - 0x00007ffa8e44a000 	C:\WINDOWS\System32\gdi32full.dll
0x00007ffa8e1f0000 - 0x00007ffa8e28d000 	C:\WINDOWS\System32\msvcp_win.dll
0x00007ffa8b8c0000 - 0x00007ffa8b8ca000 	C:\WINDOWS\SYSTEM32\VERSION.dll
0x00007ffa8f380000 - 0x00007ffa8f3b0000 	C:\WINDOWS\System32\IMM32.DLL
0x00007ffa82240000 - 0x00007ffa8224c000 	C:\Program Files\Java\jdk-21\bin\vcruntime140_1.dll
0x00007ffa4a0b0000 - 0x00007ffa4a13e000 	C:\Program Files\Java\jdk-21\bin\msvcp140.dll
0x00007ffa354d0000 - 0x00007ffa361e3000 	C:\Program Files\Java\jdk-21\bin\server\jvm.dll
0x00007ffa8fee0000 - 0x00007ffa8ff4b000 	C:\WINDOWS\System32\WS2_32.dll
0x00007ffa8d040000 - 0x00007ffa8d08b000 	C:\WINDOWS\SYSTEM32\POWRPROF.dll
0x00007ffa7c4b0000 - 0x00007ffa7c4d7000 	C:\WINDOWS\SYSTEM32\WINMM.dll
0x00007ffa8ceb0000 - 0x00007ffa8cec2000 	C:\WINDOWS\SYSTEM32\UMPDC.dll
0x00007ffa8c2b0000 - 0x00007ffa8c2c2000 	C:\WINDOWS\SYSTEM32\kernel.appcore.dll
0x00007ffa78510000 - 0x00007ffa7851a000 	C:\Program Files\Java\jdk-21\bin\jimage.dll
0x00007ffa89000000 - 0x00007ffa891e4000 	C:\WINDOWS\SYSTEM32\DBGHELP.DLL
0x00007ffa70ee0000 - 0x00007ffa70f14000 	C:\WINDOWS\SYSTEM32\dbgcore.DLL
0x00007ffa8dc80000 - 0x00007ffa8dd02000 	C:\WINDOWS\System32\bcryptPrimitives.dll
0x00007ffa5e720000 - 0x00007ffa5e73f000 	C:\Program Files\Java\jdk-21\bin\java.dll
0x00007ffa8f770000 - 0x00007ffa8feb4000 	C:\WINDOWS\System32\SHELL32.dll
0x00007ffa8bb10000 - 0x00007ffa8c2ab000 	C:\WINDOWS\SYSTEM32\windows.storage.dll
0x00007ffa8f410000 - 0x00007ffa8f764000 	C:\WINDOWS\System32\combase.dll
0x00007ffa8d490000 - 0x00007ffa8d4bd000 	C:\WINDOWS\SYSTEM32\Wldp.dll
0x00007ffa8eaa0000 - 0x00007ffa8eb4d000 	C:\WINDOWS\System32\SHCORE.dll
0x00007ffa8eb50000 - 0x00007ffa8eba5000 	C:\WINDOWS\System32\shlwapi.dll
0x00007ffa8da00000 - 0x00007ffa8da25000 	C:\WINDOWS\SYSTEM32\profapi.dll
0x00007ffa46d10000 - 0x00007ffa46de7000 	C:\Program Files\Java\jdk-21\bin\jsvml.dll
0x00007ffa782c0000 - 0x00007ffa782d0000 	C:\Program Files\Java\jdk-21\bin\net.dll
0x00007ffa84570000 - 0x00007ffa8467a000 	C:\WINDOWS\SYSTEM32\WINHTTP.dll
0x00007ffa8d210000 - 0x00007ffa8d27a000 	C:\WINDOWS\system32\mswsock.dll
0x00007ffa5e1f0000 - 0x00007ffa5e206000 	C:\Program Files\Java\jdk-21\bin\nio.dll
0x00007ffa5d3d0000 - 0x00007ffa5d3e8000 	C:\Program Files\Java\jdk-21\bin\zip.dll
0x00007ffa87200000 - 0x00007ffa8720a000 	C:\Program Files\Java\jdk-21\bin\management.dll
0x00007ffa828b0000 - 0x00007ffa828bb000 	C:\Program Files\Java\jdk-21\bin\management_ext.dll
0x00007ffa8e8e0000 - 0x00007ffa8e8e8000 	C:\WINDOWS\System32\PSAPI.DLL

dbghelp: loaded successfully - version: 4.0.5 - missing functions: none
symbol engine: initialized successfully - sym options: 0x614 - pdb path: .;C:\Program Files\Java\jdk-21\bin;C:\WINDOWS\SYSTEM32;C:\WINDOWS\WinSxS\amd64_microsoft.windows.common-controls_6595b64144ccf1df_6.0.19041.3570_none_60bb2a3971f3e41a;C:\Program Files\Java\jdk-21\bin\server

VM Arguments:
java_command: C:\Users\peg2s\AppData\Local\Temp\surefire292704368067866940\surefirebooter-20231018232317676_3.jar C:\Users\peg2s\AppData\Local\Temp\surefire292704368067866940 2023-10-18T23-23-17_534-jvmRun1 surefire-20231018232317676_1tmp surefire_0-20231018232317676_2tmp
java_class_path (initial): C:\Users\peg2s\AppData\Local\Temp\surefire292704368067866940\surefirebooter-20231018232317676_3.jar
Launcher Type: SUN_STANDARD

[Global flags]
     intx CICompilerCount                          = 4                                         {product} {ergonomic}
     uint ConcGCThreads                            = 3                                         {product} {ergonomic}
     uint G1ConcRefinementThreads                  = 10                                        {product} {ergonomic}
   size_t G1HeapRegionSize                         = 2097152                                   {product} {ergonomic}
    uintx GCDrainStackTargetSize                   = 64                                        {product} {ergonomic}
   size_t InitialHeapSize                          = 268435456                                 {product} {ergonomic}
   size_t MarkStackSize                            = 4194304                                   {product} {ergonomic}
   size_t MaxHeapSize                              = 4273995776                                {product} {ergonomic}
   size_t MaxNewSize                               = 2562719744                                {product} {ergonomic}
   size_t MinHeapDeltaBytes                        = 2097152                                   {product} {ergonomic}
   size_t MinHeapSize                              = 8388608                                   {product} {ergonomic}
    uintx NonNMethodCodeHeapSize                   = 5839372                                {pd product} {ergonomic}
    uintx NonProfiledCodeHeapSize                  = 122909434                              {pd product} {ergonomic}
    uintx ProfiledCodeHeapSize                     = 122909434                              {pd product} {ergonomic}
    uintx ReservedCodeCacheSize                    = 251658240                              {pd product} {ergonomic}
     bool SegmentedCodeCache                       = true                                      {product} {ergonomic}
   size_t SoftMaxHeapSize                          = 4273995776                             {manageable} {ergonomic}
     bool UseCompressedOops                        = true                           {product lp64_product} {ergonomic}
     bool UseG1GC                                  = true                                      {product} {ergonomic}
     bool UseLargePagesIndividualAllocation        = false                                  {pd product} {ergonomic}

Logging:
Log output configuration:
 #0: stdout all=warning uptime,level,tags foldmultilines=false
 #1: stderr all=off uptime,level,tags foldmultilines=false

Environment Variables:
JAVA_HOME=C:\Program Files\Java\jdk-21
PATH=C:\Python311\Scripts\;C:\Python311\;C:\Program Files\ImageMagick-7.1.0-Q16-HDRI;C:\Program Files\Common Files\Oracle\Java\javapath;C:\Program Files (x86)\Razer\ChromaBroadcast\bin;C:\Program Files\Razer\ChromaBroadcast\bin;C:\Perl64\bin;C:\Users\peg2s\AppData\Roaming\ActiveState\bin;C:\Program Files (x86)\Common Files\Intel\Shared Libraries\redist\intel64\compiler;C:\Windows\system32;C:\Windows;C:\Windows\System32\Wbem;C:\Windows\System32\WindowsPowerShell\v1.0\;C:\Windows\System32\OpenSSH\;C:\Program Files\NVIDIA Corporation\NVIDIA NvDLISR;C:\Program Files\Microsoft SQL Server\130\Tools\Binn\;C:\PHP7;D:\Matlab\R2020a\bin;C:\WINDOWS\system32;C:\WINDOWS;C:\WINDOWS\System32\Wbem;C:\WINDOWS\System32\WindowsPowerShell\v1.0\;C:\WINDOWS\System32\OpenSSH\;C:\Program Files\Wolfram Research\WolframScript\;C:\Program Files\PuTTY\;C:\Program Files\Git\cmd;C:\WINDOWS\system32\config\systemprofile\AppData\Local\Microsoft\WindowsApps;C:\WINDOWS\system32;C:\WINDOWS;C:\WINDOWS\System32\Wbem;C:\WINDOWS\System32\WindowsPowerShell\v1.0\;C:\WINDOWS\System32\OpenSSH\;C:\ffmpeg;C:\Program Files (x86)\NVIDIA Corporation\PhysX\Common;C:\Users\peg2s\AppData\Local\bin\NASM;C:\Users\peg2s\AppData\Local\Programs\Python\Python38;C:\Users\peg2s\AppData\Local\Programs\Python\Python38\Scripts;C:\Program Files\7-Zip;C:\MinGW\bin;C:\Program Files (x86)\GnuWin32\bin;C:\Program Files\nodejs\;C:\ProgramData\chocolatey\bin;C:\Program Files\dotnet\;C:\Users\peg2s\AppData\Roaming\Python\Python311\Scripts;C:\Program Files\Docker\Docker\resources\bin;C:\Strawberry\c\bin;C:\Strawberry\perl\site\bin;C:\Strawberry\perl\bin;C:\texlive\2022\bin;C:\Program Files (x86)\Microsoft SDKs\Windows\v7.0A\bin;C:\Program Files\apache-maven-3.9.5\bin;C:\Users\peg2s\AppData\Local\ActiveState\StateTool\release\bin;C:\Users\peg2s\.cargo\bin;C:\Users\peg2s\AppData\Local\activestate\cache\bin;C:\Users\peg;C:\Users\peg2s\AppData\Local\Programs\Microsoft VS Code\bin;C:\Users\peg2s\AppData\Roaming\npm;C:\texlive\2022\bin\win32;C:\Users\peg2s\AppData\Local\GitHubDesktop\bin
USERNAME=peg2s
LANG=en_US.UTF-8
OS=Windows_NT
PROCESSOR_IDENTIFIER=Intel64 Family 6 Model 158 Stepping 10, GenuineIntel
TMP=C:\Users\peg2s\AppData\Local\Temp
TEMP=C:\Users\peg2s\AppData\Local\Temp




---------------  S Y S T E M  ---------------

OS:
 Windows 10 , 64 bit Build 19041 (10.0.19041.3570)
OS uptime: 3 days 2:01 hours
Hyper-V role detected

CPU: total 12 (initial active 12) (6 cores per cpu, 2 threads per core) family 6 model 158 stepping 10 microcode 0xea, cx8, cmov, fxsr, ht, mmx, 3dnowpref, sse, sse2, sse3, ssse3, sse4.1, sse4.2, popcnt, lzcnt, tsc, tscinvbit, avx, avx2, aes, erms, clmul, bmi1, bmi2, adx, fma, vzeroupper, clflush, clflushopt, hv, rdtscp, f16c
Processor Information for all 12 processors :
  Max Mhz: 2592, Current Mhz: 2592, Mhz Limit: 2592

Memory: 4k page, system-wide physical 16303M (2015M free)
TotalPageFile size 23729M (AvailPageFile size 8M)
current process WorkingSet (physical memory assigned to process): 151M, peak: 151M
current process commit charge ("private bytes"): 406M, peak: 408M

vm_info: Java HotSpot(TM) 64-Bit Server VM (21+35-LTS-2513) for windows-amd64 JRE (21+35-LTS-2513), built on 2023-08-09T20:25:10Z by "mach5one" with MS VC++ 17.1 (VS2022)

END.
